[0.009s] Invoking command in '/home/ibrahim/Ros_Egitim/Projeler/Robot_Modelleme/ros2_ws/build/my_robot_description': CMAKE_PREFIX_PATH=${CMAKE_PREFIX_PATH}:/home/ibrahim/ros2_ws/install/simple_py_pkg:/home/ibrahim/Ros_Egitim/Projeler/Turtlesim_Hedef_Konuma_Git/turtlesim_ws/install/turtlesim_py_pkg:/opt/ros/humble /usr/bin/cmake /home/ibrahim/Ros_Egitim/Projeler/Robot_Modelleme/ros2_ws/src/my_robot_description -DCMAKE_INSTALL_PREFIX=/home/ibrahim/Ros_Egitim/Projeler/Robot_Modelleme/ros2_ws/install/my_robot_description
[0.054s] -- The C compiler identification is GNU 11.4.0
[0.100s] -- The CXX compiler identification is GNU 11.4.0
[0.106s] -- Detecting C compiler ABI info
[0.165s] -- Detecting C compiler ABI info - done
[0.170s] -- Check for working C compiler: /usr/bin/cc - skipped
[0.170s] -- Detecting C compile features
[0.170s] -- Detecting C compile features - done
[0.173s] -- Detecting CXX compiler ABI info
[0.240s] -- Detecting CXX compiler ABI info - done
[0.245s] -- Check for working CXX compiler: /usr/bin/c++ - skipped
[0.245s] -- Detecting CXX compile features
[0.246s] -- Detecting CXX compile features - done
[0.248s] -- Found ament_cmake: 1.3.11 (/opt/ros/humble/share/ament_cmake/cmake)
[0.372s] -- Found Python3: /usr/bin/python3 (found version "3.10.12") found components: Interpreter 
[0.445s] -- Found ament_lint_auto: 0.12.12 (/opt/ros/humble/share/ament_lint_auto/cmake)
[0.508s] -- Added test 'flake8' to check Python code syntax and style conventions
[0.509s] -- Added test 'lint_cmake' to check CMake code style
[0.510s] -- Added test 'pep257' to check Python code against some of the docstring style conventions in PEP 257
[0.513s] -- Added test 'xmllint' to check XML markup files
[0.514s] -- Configuring done
[0.517s] -- Generating done
[0.518s] -- Build files have been written to: /home/ibrahim/Ros_Egitim/Projeler/Robot_Modelleme/ros2_ws/build/my_robot_description
[0.523s] Invoked command in '/home/ibrahim/Ros_Egitim/Projeler/Robot_Modelleme/ros2_ws/build/my_robot_description' returned '0': CMAKE_PREFIX_PATH=${CMAKE_PREFIX_PATH}:/home/ibrahim/ros2_ws/install/simple_py_pkg:/home/ibrahim/Ros_Egitim/Projeler/Turtlesim_Hedef_Konuma_Git/turtlesim_ws/install/turtlesim_py_pkg:/opt/ros/humble /usr/bin/cmake /home/ibrahim/Ros_Egitim/Projeler/Robot_Modelleme/ros2_ws/src/my_robot_description -DCMAKE_INSTALL_PREFIX=/home/ibrahim/Ros_Egitim/Projeler/Robot_Modelleme/ros2_ws/install/my_robot_description
[0.524s] Invoking command in '/home/ibrahim/Ros_Egitim/Projeler/Robot_Modelleme/ros2_ws/build/my_robot_description': CMAKE_PREFIX_PATH=${CMAKE_PREFIX_PATH}:/home/ibrahim/ros2_ws/install/simple_py_pkg:/home/ibrahim/Ros_Egitim/Projeler/Turtlesim_Hedef_Konuma_Git/turtlesim_ws/install/turtlesim_py_pkg:/opt/ros/humble /usr/bin/cmake --build /home/ibrahim/Ros_Egitim/Projeler/Robot_Modelleme/ros2_ws/build/my_robot_description -- -j16 -l16
[0.557s] Invoked command in '/home/ibrahim/Ros_Egitim/Projeler/Robot_Modelleme/ros2_ws/build/my_robot_description' returned '0': CMAKE_PREFIX_PATH=${CMAKE_PREFIX_PATH}:/home/ibrahim/ros2_ws/install/simple_py_pkg:/home/ibrahim/Ros_Egitim/Projeler/Turtlesim_Hedef_Konuma_Git/turtlesim_ws/install/turtlesim_py_pkg:/opt/ros/humble /usr/bin/cmake --build /home/ibrahim/Ros_Egitim/Projeler/Robot_Modelleme/ros2_ws/build/my_robot_description -- -j16 -l16
[0.565s] Invoking command in '/home/ibrahim/Ros_Egitim/Projeler/Robot_Modelleme/ros2_ws/build/my_robot_description': CMAKE_PREFIX_PATH=${CMAKE_PREFIX_PATH}:/home/ibrahim/ros2_ws/install/simple_py_pkg:/home/ibrahim/Ros_Egitim/Projeler/Turtlesim_Hedef_Konuma_Git/turtlesim_ws/install/turtlesim_py_pkg:/opt/ros/humble /usr/bin/cmake --install /home/ibrahim/Ros_Egitim/Projeler/Robot_Modelleme/ros2_ws/build/my_robot_description
[0.571s] -- Install configuration: ""
[0.571s] -- Installing: /home/ibrahim/Ros_Egitim/Projeler/Robot_Modelleme/ros2_ws/install/my_robot_description/share/my_robot_description//urdf
[0.571s] -- Installing: /home/ibrahim/Ros_Egitim/Projeler/Robot_Modelleme/ros2_ws/install/my_robot_description/share/my_robot_description//urdf/properties_gazebo.xacro
[0.571s] -- Installing: /home/ibrahim/Ros_Egitim/Projeler/Robot_Modelleme/ros2_ws/install/my_robot_description/share/my_robot_description//urdf/my_robot.xacro
[0.572s] -- Installing: /home/ibrahim/Ros_Egitim/Projeler/Robot_Modelleme/ros2_ws/install/my_robot_description/share/my_robot_description//urdf/build
[0.572s] -- Installing: /home/ibrahim/Ros_Egitim/Projeler/Robot_Modelleme/ros2_ws/install/my_robot_description/share/my_robot_description//urdf/build/.built_by
[0.572s] -- Installing: /home/ibrahim/Ros_Egitim/Projeler/Robot_Modelleme/ros2_ws/install/my_robot_description/share/my_robot_description//urdf/build/COLCON_IGNORE
[0.572s] -- Installing: /home/ibrahim/Ros_Egitim/Projeler/Robot_Modelleme/ros2_ws/install/my_robot_description/share/my_robot_description//urdf/log
[0.572s] -- Installing: /home/ibrahim/Ros_Egitim/Projeler/Robot_Modelleme/ros2_ws/install/my_robot_description/share/my_robot_description//urdf/log/latest_build
[0.572s] -- Installing: /home/ibrahim/Ros_Egitim/Projeler/Robot_Modelleme/ros2_ws/install/my_robot_description/share/my_robot_description//urdf/log/build_2025-04-20_09-02-30
[0.572s] -- Installing: /home/ibrahim/Ros_Egitim/Projeler/Robot_Modelleme/ros2_ws/install/my_robot_description/share/my_robot_description//urdf/log/build_2025-04-20_09-02-30/logger_all.log
[0.572s] -- Installing: /home/ibrahim/Ros_Egitim/Projeler/Robot_Modelleme/ros2_ws/install/my_robot_description/share/my_robot_description//urdf/log/build_2025-04-20_09-02-30/events.log
[0.572s] -- Installing: /home/ibrahim/Ros_Egitim/Projeler/Robot_Modelleme/ros2_ws/install/my_robot_description/share/my_robot_description//urdf/log/COLCON_IGNORE
[0.572s] -- Installing: /home/ibrahim/Ros_Egitim/Projeler/Robot_Modelleme/ros2_ws/install/my_robot_description/share/my_robot_description//urdf/log/latest
[0.572s] -- Installing: /home/ibrahim/Ros_Egitim/Projeler/Robot_Modelleme/ros2_ws/install/my_robot_description/share/my_robot_description//urdf/install
[0.572s] -- Installing: /home/ibrahim/Ros_Egitim/Projeler/Robot_Modelleme/ros2_ws/install/my_robot_description/share/my_robot_description//urdf/install/local_setup.zsh
[0.573s] -- Installing: /home/ibrahim/Ros_Egitim/Projeler/Robot_Modelleme/ros2_ws/install/my_robot_description/share/my_robot_description//urdf/install/_local_setup_util_sh.py
[0.573s] -- Installing: /home/ibrahim/Ros_Egitim/Projeler/Robot_Modelleme/ros2_ws/install/my_robot_description/share/my_robot_description//urdf/install/COLCON_IGNORE
[0.573s] -- Installing: /home/ibrahim/Ros_Egitim/Projeler/Robot_Modelleme/ros2_ws/install/my_robot_description/share/my_robot_description//urdf/install/setup.sh
[0.573s] -- Installing: /home/ibrahim/Ros_Egitim/Projeler/Robot_Modelleme/ros2_ws/install/my_robot_description/share/my_robot_description//urdf/install/local_setup.ps1
[0.573s] -- Installing: /home/ibrahim/Ros_Egitim/Projeler/Robot_Modelleme/ros2_ws/install/my_robot_description/share/my_robot_description//urdf/install/setup.ps1
[0.573s] -- Installing: /home/ibrahim/Ros_Egitim/Projeler/Robot_Modelleme/ros2_ws/install/my_robot_description/share/my_robot_description//urdf/install/_local_setup_util_ps1.py
[0.573s] -- Installing: /home/ibrahim/Ros_Egitim/Projeler/Robot_Modelleme/ros2_ws/install/my_robot_description/share/my_robot_description//urdf/install/local_setup.sh
[0.573s] -- Installing: /home/ibrahim/Ros_Egitim/Projeler/Robot_Modelleme/ros2_ws/install/my_robot_description/share/my_robot_description//urdf/install/local_setup.bash
[0.573s] -- Installing: /home/ibrahim/Ros_Egitim/Projeler/Robot_Modelleme/ros2_ws/install/my_robot_description/share/my_robot_description//urdf/install/setup.zsh
[0.574s] -- Installing: /home/ibrahim/Ros_Egitim/Projeler/Robot_Modelleme/ros2_ws/install/my_robot_description/share/my_robot_description//urdf/install/setup.bash
[0.574s] -- Installing: /home/ibrahim/Ros_Egitim/Projeler/Robot_Modelleme/ros2_ws/install/my_robot_description/share/my_robot_description//urdf/install/.colcon_install_layout
[0.574s] -- Installing: /home/ibrahim/Ros_Egitim/Projeler/Robot_Modelleme/ros2_ws/install/my_robot_description/share/my_robot_description//urdf/main.xacro
[0.574s] -- Installing: /home/ibrahim/Ros_Egitim/Projeler/Robot_Modelleme/ros2_ws/install/my_robot_description/share/my_robot_description//urdf/properties.xacro
[0.574s] -- Installing: /home/ibrahim/Ros_Egitim/Projeler/Robot_Modelleme/ros2_ws/install/my_robot_description/share/my_robot_description//launch
[0.574s] -- Installing: /home/ibrahim/Ros_Egitim/Projeler/Robot_Modelleme/ros2_ws/install/my_robot_description/share/my_robot_description//launch/display.launch.xml
[0.574s] -- Installing: /home/ibrahim/Ros_Egitim/Projeler/Robot_Modelleme/ros2_ws/install/my_robot_description/share/my_robot_description//launch/display.launch.py
[0.574s] -- Installing: /home/ibrahim/Ros_Egitim/Projeler/Robot_Modelleme/ros2_ws/install/my_robot_description/share/my_robot_description//rviz
[0.574s] -- Installing: /home/ibrahim/Ros_Egitim/Projeler/Robot_Modelleme/ros2_ws/install/my_robot_description/share/my_robot_description//rviz/urdf_config.rviz
[0.575s] -- Installing: /home/ibrahim/Ros_Egitim/Projeler/Robot_Modelleme/ros2_ws/install/my_robot_description/share/ament_index/resource_index/package_run_dependencies/my_robot_description
[0.575s] -- Installing: /home/ibrahim/Ros_Egitim/Projeler/Robot_Modelleme/ros2_ws/install/my_robot_description/share/ament_index/resource_index/parent_prefix_path/my_robot_description
[0.575s] -- Installing: /home/ibrahim/Ros_Egitim/Projeler/Robot_Modelleme/ros2_ws/install/my_robot_description/share/my_robot_description/environment/ament_prefix_path.sh
[0.575s] -- Installing: /home/ibrahim/Ros_Egitim/Projeler/Robot_Modelleme/ros2_ws/install/my_robot_description/share/my_robot_description/environment/ament_prefix_path.dsv
[0.575s] -- Installing: /home/ibrahim/Ros_Egitim/Projeler/Robot_Modelleme/ros2_ws/install/my_robot_description/share/my_robot_description/environment/path.sh
[0.576s] -- Installing: /home/ibrahim/Ros_Egitim/Projeler/Robot_Modelleme/ros2_ws/install/my_robot_description/share/my_robot_description/environment/path.dsv
[0.576s] -- Installing: /home/ibrahim/Ros_Egitim/Projeler/Robot_Modelleme/ros2_ws/install/my_robot_description/share/my_robot_description/local_setup.bash
[0.576s] -- Installing: /home/ibrahim/Ros_Egitim/Projeler/Robot_Modelleme/ros2_ws/install/my_robot_description/share/my_robot_description/local_setup.sh
[0.576s] -- Installing: /home/ibrahim/Ros_Egitim/Projeler/Robot_Modelleme/ros2_ws/install/my_robot_description/share/my_robot_description/local_setup.zsh
[0.576s] -- Installing: /home/ibrahim/Ros_Egitim/Projeler/Robot_Modelleme/ros2_ws/install/my_robot_description/share/my_robot_description/local_setup.dsv
[0.576s] -- Installing: /home/ibrahim/Ros_Egitim/Projeler/Robot_Modelleme/ros2_ws/install/my_robot_description/share/my_robot_description/package.dsv
[0.576s] -- Installing: /home/ibrahim/Ros_Egitim/Projeler/Robot_Modelleme/ros2_ws/install/my_robot_description/share/ament_index/resource_index/packages/my_robot_description
[0.577s] -- Installing: /home/ibrahim/Ros_Egitim/Projeler/Robot_Modelleme/ros2_ws/install/my_robot_description/share/my_robot_description/cmake/my_robot_descriptionConfig.cmake
[0.577s] -- Installing: /home/ibrahim/Ros_Egitim/Projeler/Robot_Modelleme/ros2_ws/install/my_robot_description/share/my_robot_description/cmake/my_robot_descriptionConfig-version.cmake
[0.577s] -- Installing: /home/ibrahim/Ros_Egitim/Projeler/Robot_Modelleme/ros2_ws/install/my_robot_description/share/my_robot_description/package.xml
[0.579s] Invoked command in '/home/ibrahim/Ros_Egitim/Projeler/Robot_Modelleme/ros2_ws/build/my_robot_description' returned '0': CMAKE_PREFIX_PATH=${CMAKE_PREFIX_PATH}:/home/ibrahim/ros2_ws/install/simple_py_pkg:/home/ibrahim/Ros_Egitim/Projeler/Turtlesim_Hedef_Konuma_Git/turtlesim_ws/install/turtlesim_py_pkg:/opt/ros/humble /usr/bin/cmake --install /home/ibrahim/Ros_Egitim/Projeler/Robot_Modelleme/ros2_ws/build/my_robot_description
