[0.010s] Invoking command in '/home/ibrahim/Ros_Egitim/Projeler/Robot_Modelle/ros2_ws/build/my_robot_description': CMAKE_PREFIX_PATH=${CMAKE_PREFIX_PATH}:/home/ibrahim/ros2_ws/install/simple_py_pkg:/home/ibrahim/Ros_Egitim/Projeler/Turtlesim_Hedef_Konuma_Git/turtlesim_ws/install/turtlesim_py_pkg:/opt/ros/humble /usr/bin/cmake /home/ibrahim/Ros_Egitim/Projeler/Robot_Modelle/ros2_ws/src/my_robot_description -DCMAKE_INSTALL_PREFIX=/home/ibrahim/Ros_Egitim/Projeler/Robot_Modelle/ros2_ws/install/my_robot_description
[0.022s] -- Found ament_cmake: 1.3.11 (/opt/ros/humble/share/ament_cmake/cmake)
[0.125s] -- Override CMake install command with custom implementation using symlinks instead of copying resources
[0.131s] -- Found ament_lint_auto: 0.12.12 (/opt/ros/humble/share/ament_lint_auto/cmake)
[0.189s] -- Added test 'flake8' to check Python code syntax and style conventions
[0.189s] -- Added test 'lint_cmake' to check CMake code style
[0.190s] -- Added test 'pep257' to check Python code against some of the docstring style conventions in PEP 257
[0.191s] -- Added test 'xmllint' to check XML markup files
[0.192s] -- Configuring done
[0.194s] -- Generating done
[0.195s] -- Build files have been written to: /home/ibrahim/Ros_Egitim/Projeler/Robot_Modelle/ros2_ws/build/my_robot_description
[0.198s] Invoked command in '/home/ibrahim/Ros_Egitim/Projeler/Robot_Modelle/ros2_ws/build/my_robot_description' returned '0': CMAKE_PREFIX_PATH=${CMAKE_PREFIX_PATH}:/home/ibrahim/ros2_ws/install/simple_py_pkg:/home/ibrahim/Ros_Egitim/Projeler/Turtlesim_Hedef_Konuma_Git/turtlesim_ws/install/turtlesim_py_pkg:/opt/ros/humble /usr/bin/cmake /home/ibrahim/Ros_Egitim/Projeler/Robot_Modelle/ros2_ws/src/my_robot_description -DCMAKE_INSTALL_PREFIX=/home/ibrahim/Ros_Egitim/Projeler/Robot_Modelle/ros2_ws/install/my_robot_description
[0.200s] Invoking command in '/home/ibrahim/Ros_Egitim/Projeler/Robot_Modelle/ros2_ws/build/my_robot_description': CMAKE_PREFIX_PATH=${CMAKE_PREFIX_PATH}:/home/ibrahim/ros2_ws/install/simple_py_pkg:/home/ibrahim/Ros_Egitim/Projeler/Turtlesim_Hedef_Konuma_Git/turtlesim_ws/install/turtlesim_py_pkg:/opt/ros/humble /usr/bin/cmake --build /home/ibrahim/Ros_Egitim/Projeler/Robot_Modelle/ros2_ws/build/my_robot_description -- -j16 -l16
[0.238s] Invoked command in '/home/ibrahim/Ros_Egitim/Projeler/Robot_Modelle/ros2_ws/build/my_robot_description' returned '0': CMAKE_PREFIX_PATH=${CMAKE_PREFIX_PATH}:/home/ibrahim/ros2_ws/install/simple_py_pkg:/home/ibrahim/Ros_Egitim/Projeler/Turtlesim_Hedef_Konuma_Git/turtlesim_ws/install/turtlesim_py_pkg:/opt/ros/humble /usr/bin/cmake --build /home/ibrahim/Ros_Egitim/Projeler/Robot_Modelle/ros2_ws/build/my_robot_description -- -j16 -l16
[0.248s] Invoking command in '/home/ibrahim/Ros_Egitim/Projeler/Robot_Modelle/ros2_ws/build/my_robot_description': CMAKE_PREFIX_PATH=${CMAKE_PREFIX_PATH}:/home/ibrahim/ros2_ws/install/simple_py_pkg:/home/ibrahim/Ros_Egitim/Projeler/Turtlesim_Hedef_Konuma_Git/turtlesim_ws/install/turtlesim_py_pkg:/opt/ros/humble /usr/bin/cmake --install /home/ibrahim/Ros_Egitim/Projeler/Robot_Modelle/ros2_ws/build/my_robot_description
[0.255s] -- Install configuration: ""
[0.255s] -- Execute custom install script
[0.256s] -- Up-to-date symlink: /home/ibrahim/Ros_Egitim/Projeler/Robot_Modelle/ros2_ws/install/my_robot_description/share/my_robot_description//urdf/main.xacro
[0.256s] -- Up-to-date symlink: /home/ibrahim/Ros_Egitim/Projeler/Robot_Modelle/ros2_ws/install/my_robot_description/share/my_robot_description//urdf/my_robot.xacro
[0.256s] -- Up-to-date symlink: /home/ibrahim/Ros_Egitim/Projeler/Robot_Modelle/ros2_ws/install/my_robot_description/share/my_robot_description//urdf/properties.xacro
[0.256s] -- Up-to-date symlink: /home/ibrahim/Ros_Egitim/Projeler/Robot_Modelle/ros2_ws/install/my_robot_description/share/my_robot_description//urdf/properties_gazebo.xacro
[0.256s] -- Up-to-date symlink: /home/ibrahim/Ros_Egitim/Projeler/Robot_Modelle/ros2_ws/install/my_robot_description/share/my_robot_description//launch/display.launch.py
[0.256s] -- Up-to-date symlink: /home/ibrahim/Ros_Egitim/Projeler/Robot_Modelle/ros2_ws/install/my_robot_description/share/my_robot_description//launch/display.launch.xml
[0.256s] -- Up-to-date symlink: /home/ibrahim/Ros_Egitim/Projeler/Robot_Modelle/ros2_ws/install/my_robot_description/share/my_robot_description//rviz/urdf_config.rviz
[0.257s] -- Up-to-date symlink: /home/ibrahim/Ros_Egitim/Projeler/Robot_Modelle/ros2_ws/install/my_robot_description/share/ament_index/resource_index/package_run_dependencies/my_robot_description
[0.257s] -- Up-to-date symlink: /home/ibrahim/Ros_Egitim/Projeler/Robot_Modelle/ros2_ws/install/my_robot_description/share/ament_index/resource_index/parent_prefix_path/my_robot_description
[0.257s] -- Up-to-date symlink: /home/ibrahim/Ros_Egitim/Projeler/Robot_Modelle/ros2_ws/install/my_robot_description/share/my_robot_description/environment/ament_prefix_path.sh
[0.257s] -- Up-to-date symlink: /home/ibrahim/Ros_Egitim/Projeler/Robot_Modelle/ros2_ws/install/my_robot_description/share/my_robot_description/environment/ament_prefix_path.dsv
[0.257s] -- Up-to-date symlink: /home/ibrahim/Ros_Egitim/Projeler/Robot_Modelle/ros2_ws/install/my_robot_description/share/my_robot_description/environment/path.sh
[0.257s] -- Up-to-date symlink: /home/ibrahim/Ros_Egitim/Projeler/Robot_Modelle/ros2_ws/install/my_robot_description/share/my_robot_description/environment/path.dsv
[0.257s] -- Up-to-date symlink: /home/ibrahim/Ros_Egitim/Projeler/Robot_Modelle/ros2_ws/install/my_robot_description/share/my_robot_description/local_setup.bash
[0.258s] -- Up-to-date symlink: /home/ibrahim/Ros_Egitim/Projeler/Robot_Modelle/ros2_ws/install/my_robot_description/share/my_robot_description/local_setup.sh
[0.258s] -- Up-to-date symlink: /home/ibrahim/Ros_Egitim/Projeler/Robot_Modelle/ros2_ws/install/my_robot_description/share/my_robot_description/local_setup.zsh
[0.258s] -- Up-to-date symlink: /home/ibrahim/Ros_Egitim/Projeler/Robot_Modelle/ros2_ws/install/my_robot_description/share/my_robot_description/local_setup.dsv
[0.258s] -- Symlinking: /home/ibrahim/Ros_Egitim/Projeler/Robot_Modelle/ros2_ws/install/my_robot_description/share/my_robot_description/package.dsv
[0.268s] -- Up-to-date symlink: /home/ibrahim/Ros_Egitim/Projeler/Robot_Modelle/ros2_ws/install/my_robot_description/share/ament_index/resource_index/packages/my_robot_description
[0.268s] -- Up-to-date symlink: /home/ibrahim/Ros_Egitim/Projeler/Robot_Modelle/ros2_ws/install/my_robot_description/share/my_robot_description/cmake/my_robot_descriptionConfig.cmake
[0.268s] -- Up-to-date symlink: /home/ibrahim/Ros_Egitim/Projeler/Robot_Modelle/ros2_ws/install/my_robot_description/share/my_robot_description/cmake/my_robot_descriptionConfig-version.cmake
[0.269s] -- Up-to-date symlink: /home/ibrahim/Ros_Egitim/Projeler/Robot_Modelle/ros2_ws/install/my_robot_description/share/my_robot_description/package.xml
[0.271s] Invoked command in '/home/ibrahim/Ros_Egitim/Projeler/Robot_Modelle/ros2_ws/build/my_robot_description' returned '0': CMAKE_PREFIX_PATH=${CMAKE_PREFIX_PATH}:/home/ibrahim/ros2_ws/install/simple_py_pkg:/home/ibrahim/Ros_Egitim/Projeler/Turtlesim_Hedef_Konuma_Git/turtlesim_ws/install/turtlesim_py_pkg:/opt/ros/humble /usr/bin/cmake --install /home/ibrahim/Ros_Egitim/Projeler/Robot_Modelle/ros2_ws/build/my_robot_description
