[0.010s] Invoking command in '/home/ibrahim/Ros_Egitim/Projeler/Robot_Modelleme/robot_modelleme_ws/build/my_robot_description': CMAKE_PREFIX_PATH=${CMAKE_PREFIX_PATH}:/home/ibrahim/ros2_ws/install/simple_py_pkg:/home/ibrahim/Ros_Egitim/Projeler/Turtlesim_Hedef_Konuma_Git/turtlesim_ws/install/turtlesim_py_pkg:/opt/ros/humble /usr/bin/cmake --build /home/ibrahim/Ros_Egitim/Projeler/Robot_Modelleme/robot_modelleme_ws/build/my_robot_description -- -j16 -l16
[0.046s] Invoked command in '/home/ibrahim/Ros_Egitim/Projeler/Robot_Modelleme/robot_modelleme_ws/build/my_robot_description' returned '0': CMAKE_PREFIX_PATH=${CMAKE_PREFIX_PATH}:/home/ibrahim/ros2_ws/install/simple_py_pkg:/home/ibrahim/Ros_Egitim/Projeler/Turtlesim_Hedef_Konuma_Git/turtlesim_ws/install/turtlesim_py_pkg:/opt/ros/humble /usr/bin/cmake --build /home/ibrahim/Ros_Egitim/Projeler/Robot_Modelleme/robot_modelleme_ws/build/my_robot_description -- -j16 -l16
[0.055s] Invoking command in '/home/ibrahim/Ros_Egitim/Projeler/Robot_Modelleme/robot_modelleme_ws/build/my_robot_description': CMAKE_PREFIX_PATH=${CMAKE_PREFIX_PATH}:/home/ibrahim/ros2_ws/install/simple_py_pkg:/home/ibrahim/Ros_Egitim/Projeler/Turtlesim_Hedef_Konuma_Git/turtlesim_ws/install/turtlesim_py_pkg:/opt/ros/humble /usr/bin/cmake --install /home/ibrahim/Ros_Egitim/Projeler/Robot_Modelleme/robot_modelleme_ws/build/my_robot_description
[0.062s] -- Install configuration: ""
[0.063s] -- Execute custom install script
[0.063s] [33mCMake Warning (dev) at ament_cmake_symlink_install/ament_cmake_symlink_install.cmake:62 (file):
[0.063s]   Policy CMP0009 is not set: FILE GLOB_RECURSE calls should not follow
[0.063s]   symlinks by default.  Run "cmake --help-policy CMP0009" for policy details.
[0.063s]   Use the cmake_policy command to set the policy and suppress this warning.
[0.063s] Call Stack (most recent call first):
[0.064s]   ament_cmake_symlink_install/ament_cmake_symlink_install.cmake:314 (ament_cmake_symlink_install_directory)
[0.064s]   cmake_install.cmake:46 (include)
[0.064s] This warning is for project developers.  Use -Wno-dev to suppress it.
[0.064s] [0m
[0.064s] -- Up-to-date symlink: /home/ibrahim/Ros_Egitim/Projeler/Robot_Modelleme/robot_modelleme_ws/install/my_robot_description/share/my_robot_description//urdf/build/.built_by
[0.064s] -- Up-to-date symlink: /home/ibrahim/Ros_Egitim/Projeler/Robot_Modelleme/robot_modelleme_ws/install/my_robot_description/share/my_robot_description//urdf/build/COLCON_IGNORE
[0.064s] -- Up-to-date symlink: /home/ibrahim/Ros_Egitim/Projeler/Robot_Modelleme/robot_modelleme_ws/install/my_robot_description/share/my_robot_description//urdf/eski/main.xacro
[0.064s] -- Up-to-date symlink: /home/ibrahim/Ros_Egitim/Projeler/Robot_Modelleme/robot_modelleme_ws/install/my_robot_description/share/my_robot_description//urdf/eski/my_robot.xacro
[0.064s] -- Up-to-date symlink: /home/ibrahim/Ros_Egitim/Projeler/Robot_Modelleme/robot_modelleme_ws/install/my_robot_description/share/my_robot_description//urdf/eski/properties.xacro
[0.064s] -- Up-to-date symlink: /home/ibrahim/Ros_Egitim/Projeler/Robot_Modelleme/robot_modelleme_ws/install/my_robot_description/share/my_robot_description//urdf/install/.colcon_install_layout
[0.064s] -- Up-to-date symlink: /home/ibrahim/Ros_Egitim/Projeler/Robot_Modelleme/robot_modelleme_ws/install/my_robot_description/share/my_robot_description//urdf/install/COLCON_IGNORE
[0.064s] -- Up-to-date symlink: /home/ibrahim/Ros_Egitim/Projeler/Robot_Modelleme/robot_modelleme_ws/install/my_robot_description/share/my_robot_description//urdf/install/_local_setup_util_ps1.py
[0.064s] -- Up-to-date symlink: /home/ibrahim/Ros_Egitim/Projeler/Robot_Modelleme/robot_modelleme_ws/install/my_robot_description/share/my_robot_description//urdf/install/_local_setup_util_sh.py
[0.064s] -- Up-to-date symlink: /home/ibrahim/Ros_Egitim/Projeler/Robot_Modelleme/robot_modelleme_ws/install/my_robot_description/share/my_robot_description//urdf/install/local_setup.bash
[0.064s] -- Up-to-date symlink: /home/ibrahim/Ros_Egitim/Projeler/Robot_Modelleme/robot_modelleme_ws/install/my_robot_description/share/my_robot_description//urdf/install/local_setup.ps1
[0.065s] -- Up-to-date symlink: /home/ibrahim/Ros_Egitim/Projeler/Robot_Modelleme/robot_modelleme_ws/install/my_robot_description/share/my_robot_description//urdf/install/local_setup.sh
[0.065s] -- Up-to-date symlink: /home/ibrahim/Ros_Egitim/Projeler/Robot_Modelleme/robot_modelleme_ws/install/my_robot_description/share/my_robot_description//urdf/install/local_setup.zsh
[0.065s] -- Up-to-date symlink: /home/ibrahim/Ros_Egitim/Projeler/Robot_Modelleme/robot_modelleme_ws/install/my_robot_description/share/my_robot_description//urdf/install/setup.bash
[0.065s] -- Up-to-date symlink: /home/ibrahim/Ros_Egitim/Projeler/Robot_Modelleme/robot_modelleme_ws/install/my_robot_description/share/my_robot_description//urdf/install/setup.ps1
[0.065s] -- Up-to-date symlink: /home/ibrahim/Ros_Egitim/Projeler/Robot_Modelleme/robot_modelleme_ws/install/my_robot_description/share/my_robot_description//urdf/install/setup.sh
[0.065s] -- Up-to-date symlink: /home/ibrahim/Ros_Egitim/Projeler/Robot_Modelleme/robot_modelleme_ws/install/my_robot_description/share/my_robot_description//urdf/install/setup.zsh
[0.065s] -- Up-to-date symlink: /home/ibrahim/Ros_Egitim/Projeler/Robot_Modelleme/robot_modelleme_ws/install/my_robot_description/share/my_robot_description//urdf/log/COLCON_IGNORE
[0.065s] -- Up-to-date symlink: /home/ibrahim/Ros_Egitim/Projeler/Robot_Modelleme/robot_modelleme_ws/install/my_robot_description/share/my_robot_description//urdf/log/build_2025-04-20_09-02-30/events.log
[0.065s] -- Up-to-date symlink: /home/ibrahim/Ros_Egitim/Projeler/Robot_Modelleme/robot_modelleme_ws/install/my_robot_description/share/my_robot_description//urdf/log/build_2025-04-20_09-02-30/logger_all.log
[0.065s] -- Up-to-date symlink: /home/ibrahim/Ros_Egitim/Projeler/Robot_Modelleme/robot_modelleme_ws/install/my_robot_description/share/my_robot_description//urdf/log/latest/events.log
[0.066s] -- Up-to-date symlink: /home/ibrahim/Ros_Egitim/Projeler/Robot_Modelleme/robot_modelleme_ws/install/my_robot_description/share/my_robot_description//urdf/log/latest/logger_all.log
[0.066s] -- Up-to-date symlink: /home/ibrahim/Ros_Egitim/Projeler/Robot_Modelleme/robot_modelleme_ws/install/my_robot_description/share/my_robot_description//urdf/log/latest_build/events.log
[0.066s] -- Up-to-date symlink: /home/ibrahim/Ros_Egitim/Projeler/Robot_Modelleme/robot_modelleme_ws/install/my_robot_description/share/my_robot_description//urdf/log/latest_build/logger_all.log
[0.066s] -- Up-to-date symlink: /home/ibrahim/Ros_Egitim/Projeler/Robot_Modelleme/robot_modelleme_ws/install/my_robot_description/share/my_robot_description//urdf/main.xacro
[0.066s] -- Up-to-date symlink: /home/ibrahim/Ros_Egitim/Projeler/Robot_Modelleme/robot_modelleme_ws/install/my_robot_description/share/my_robot_description//urdf/my_robot.xacro
[0.066s] -- Up-to-date symlink: /home/ibrahim/Ros_Egitim/Projeler/Robot_Modelleme/robot_modelleme_ws/install/my_robot_description/share/my_robot_description//urdf/properties.xacro
[0.066s] -- Up-to-date symlink: /home/ibrahim/Ros_Egitim/Projeler/Robot_Modelleme/robot_modelleme_ws/install/my_robot_description/share/my_robot_description//launch/display.launch.py
[0.066s] -- Up-to-date symlink: /home/ibrahim/Ros_Egitim/Projeler/Robot_Modelleme/robot_modelleme_ws/install/my_robot_description/share/my_robot_description//launch/display.launch.xml
[0.067s] -- Up-to-date symlink: /home/ibrahim/Ros_Egitim/Projeler/Robot_Modelleme/robot_modelleme_ws/install/my_robot_description/share/my_robot_description//rviz/urdf_config.rviz
[0.067s] -- Up-to-date symlink: /home/ibrahim/Ros_Egitim/Projeler/Robot_Modelleme/robot_modelleme_ws/install/my_robot_description/share/ament_index/resource_index/package_run_dependencies/my_robot_description
[0.067s] -- Up-to-date symlink: /home/ibrahim/Ros_Egitim/Projeler/Robot_Modelleme/robot_modelleme_ws/install/my_robot_description/share/ament_index/resource_index/parent_prefix_path/my_robot_description
[0.067s] -- Up-to-date symlink: /home/ibrahim/Ros_Egitim/Projeler/Robot_Modelleme/robot_modelleme_ws/install/my_robot_description/share/my_robot_description/environment/ament_prefix_path.sh
[0.067s] -- Up-to-date symlink: /home/ibrahim/Ros_Egitim/Projeler/Robot_Modelleme/robot_modelleme_ws/install/my_robot_description/share/my_robot_description/environment/ament_prefix_path.dsv
[0.067s] -- Up-to-date symlink: /home/ibrahim/Ros_Egitim/Projeler/Robot_Modelleme/robot_modelleme_ws/install/my_robot_description/share/my_robot_description/environment/path.sh
[0.067s] -- Up-to-date symlink: /home/ibrahim/Ros_Egitim/Projeler/Robot_Modelleme/robot_modelleme_ws/install/my_robot_description/share/my_robot_description/environment/path.dsv
[0.068s] -- Up-to-date symlink: /home/ibrahim/Ros_Egitim/Projeler/Robot_Modelleme/robot_modelleme_ws/install/my_robot_description/share/my_robot_description/local_setup.bash
[0.068s] -- Up-to-date symlink: /home/ibrahim/Ros_Egitim/Projeler/Robot_Modelleme/robot_modelleme_ws/install/my_robot_description/share/my_robot_description/local_setup.sh
[0.068s] -- Up-to-date symlink: /home/ibrahim/Ros_Egitim/Projeler/Robot_Modelleme/robot_modelleme_ws/install/my_robot_description/share/my_robot_description/local_setup.zsh
[0.068s] -- Up-to-date symlink: /home/ibrahim/Ros_Egitim/Projeler/Robot_Modelleme/robot_modelleme_ws/install/my_robot_description/share/my_robot_description/local_setup.dsv
[0.068s] -- Symlinking: /home/ibrahim/Ros_Egitim/Projeler/Robot_Modelleme/robot_modelleme_ws/install/my_robot_description/share/my_robot_description/package.dsv
[0.077s] -- Up-to-date symlink: /home/ibrahim/Ros_Egitim/Projeler/Robot_Modelleme/robot_modelleme_ws/install/my_robot_description/share/ament_index/resource_index/packages/my_robot_description
[0.077s] -- Up-to-date symlink: /home/ibrahim/Ros_Egitim/Projeler/Robot_Modelleme/robot_modelleme_ws/install/my_robot_description/share/my_robot_description/cmake/my_robot_descriptionConfig.cmake
[0.077s] -- Up-to-date symlink: /home/ibrahim/Ros_Egitim/Projeler/Robot_Modelleme/robot_modelleme_ws/install/my_robot_description/share/my_robot_description/cmake/my_robot_descriptionConfig-version.cmake
[0.077s] -- Up-to-date symlink: /home/ibrahim/Ros_Egitim/Projeler/Robot_Modelleme/robot_modelleme_ws/install/my_robot_description/share/my_robot_description/package.xml
[0.080s] Invoked command in '/home/ibrahim/Ros_Egitim/Projeler/Robot_Modelleme/robot_modelleme_ws/build/my_robot_description' returned '0': CMAKE_PREFIX_PATH=${CMAKE_PREFIX_PATH}:/home/ibrahim/ros2_ws/install/simple_py_pkg:/home/ibrahim/Ros_Egitim/Projeler/Turtlesim_Hedef_Konuma_Git/turtlesim_ws/install/turtlesim_py_pkg:/opt/ros/humble /usr/bin/cmake --install /home/ibrahim/Ros_Egitim/Projeler/Robot_Modelleme/robot_modelleme_ws/build/my_robot_description
