[0.012s] Invoking command in '/home/ibrahim/Ros_Egitim/Projeler/Robot_Modelleme/build/my_robot_description': CMAKE_PREFIX_PATH=${CMAKE_PREFIX_PATH}:/home/ibrahim/ros2_ws/install/simple_py_pkg:/home/ibrahim/Ros_Egitim/Projeler/Turtlesim_Hedef_Konuma_Git/turtlesim_ws/install/turtlesim_py_pkg:/opt/ros/humble /usr/bin/cmake /home/ibrahim/Ros_Egitim/Projeler/Robot_Modelleme/src/my_robot_description -DCMAKE_INSTALL_PREFIX=/home/ibrahim/Ros_Egitim/Projeler/Robot_Modelleme/install/my_robot_description
[0.030s] -- Found ament_cmake: 1.3.11 (/opt/ros/humble/share/ament_cmake/cmake)
[0.146s] -- Override CMake install command with custom implementation using symlinks instead of copying resources
[0.167s] -- Found ament_lint_auto: 0.12.12 (/opt/ros/humble/share/ament_lint_auto/cmake)
[0.235s] -- Added test 'flake8' to check Python code syntax and style conventions
[0.235s] -- Added test 'lint_cmake' to check CMake code style
[0.236s] -- Added test 'pep257' to check Python code against some of the docstring style conventions in PEP 257
[0.237s] -- Added test 'xmllint' to check XML markup files
[0.239s] -- Configuring done
[0.244s] -- Generating done
[0.245s] -- Build files have been written to: /home/ibrahim/Ros_Egitim/Projeler/Robot_Modelleme/build/my_robot_description
[0.248s] Invoked command in '/home/ibrahim/Ros_Egitim/Projeler/Robot_Modelleme/build/my_robot_description' returned '0': CMAKE_PREFIX_PATH=${CMAKE_PREFIX_PATH}:/home/ibrahim/ros2_ws/install/simple_py_pkg:/home/ibrahim/Ros_Egitim/Projeler/Turtlesim_Hedef_Konuma_Git/turtlesim_ws/install/turtlesim_py_pkg:/opt/ros/humble /usr/bin/cmake /home/ibrahim/Ros_Egitim/Projeler/Robot_Modelleme/src/my_robot_description -DCMAKE_INSTALL_PREFIX=/home/ibrahim/Ros_Egitim/Projeler/Robot_Modelleme/install/my_robot_description
[0.250s] Invoking command in '/home/ibrahim/Ros_Egitim/Projeler/Robot_Modelleme/build/my_robot_description': CMAKE_PREFIX_PATH=${CMAKE_PREFIX_PATH}:/home/ibrahim/ros2_ws/install/simple_py_pkg:/home/ibrahim/Ros_Egitim/Projeler/Turtlesim_Hedef_Konuma_Git/turtlesim_ws/install/turtlesim_py_pkg:/opt/ros/humble /usr/bin/cmake --build /home/ibrahim/Ros_Egitim/Projeler/Robot_Modelleme/build/my_robot_description -- -j16 -l16
[0.287s] Invoked command in '/home/ibrahim/Ros_Egitim/Projeler/Robot_Modelleme/build/my_robot_description' returned '0': CMAKE_PREFIX_PATH=${CMAKE_PREFIX_PATH}:/home/ibrahim/ros2_ws/install/simple_py_pkg:/home/ibrahim/Ros_Egitim/Projeler/Turtlesim_Hedef_Konuma_Git/turtlesim_ws/install/turtlesim_py_pkg:/opt/ros/humble /usr/bin/cmake --build /home/ibrahim/Ros_Egitim/Projeler/Robot_Modelleme/build/my_robot_description -- -j16 -l16
[0.297s] Invoking command in '/home/ibrahim/Ros_Egitim/Projeler/Robot_Modelleme/build/my_robot_description': CMAKE_PREFIX_PATH=${CMAKE_PREFIX_PATH}:/home/ibrahim/ros2_ws/install/simple_py_pkg:/home/ibrahim/Ros_Egitim/Projeler/Turtlesim_Hedef_Konuma_Git/turtlesim_ws/install/turtlesim_py_pkg:/opt/ros/humble /usr/bin/cmake --install /home/ibrahim/Ros_Egitim/Projeler/Robot_Modelleme/build/my_robot_description
[0.304s] -- Install configuration: ""
[0.304s] -- Execute custom install script
[0.305s] -- Symlinking: /home/ibrahim/Ros_Egitim/Projeler/Robot_Modelleme/install/my_robot_description/share/my_robot_description//urdf/main.xacro
[0.313s] -- Symlinking: /home/ibrahim/Ros_Egitim/Projeler/Robot_Modelleme/install/my_robot_description/share/my_robot_description//urdf/my_robot.xacro
[0.322s] -- Symlinking: /home/ibrahim/Ros_Egitim/Projeler/Robot_Modelleme/install/my_robot_description/share/my_robot_description//urdf/properties.xacro
[0.331s] -- Up-to-date symlink: /home/ibrahim/Ros_Egitim/Projeler/Robot_Modelleme/install/my_robot_description/share/my_robot_description//launch/display.launch.py
[0.331s] -- Up-to-date symlink: /home/ibrahim/Ros_Egitim/Projeler/Robot_Modelleme/install/my_robot_description/share/my_robot_description//launch/display.launch.xml
[0.331s] -- Up-to-date symlink: /home/ibrahim/Ros_Egitim/Projeler/Robot_Modelleme/install/my_robot_description/share/my_robot_description//rviz/urdf_config.rviz
[0.332s] -- Up-to-date symlink: /home/ibrahim/Ros_Egitim/Projeler/Robot_Modelleme/install/my_robot_description/share/ament_index/resource_index/package_run_dependencies/my_robot_description
[0.332s] -- Up-to-date symlink: /home/ibrahim/Ros_Egitim/Projeler/Robot_Modelleme/install/my_robot_description/share/ament_index/resource_index/parent_prefix_path/my_robot_description
[0.332s] -- Up-to-date symlink: /home/ibrahim/Ros_Egitim/Projeler/Robot_Modelleme/install/my_robot_description/share/my_robot_description/environment/ament_prefix_path.sh
[0.332s] -- Up-to-date symlink: /home/ibrahim/Ros_Egitim/Projeler/Robot_Modelleme/install/my_robot_description/share/my_robot_description/environment/ament_prefix_path.dsv
[0.332s] -- Up-to-date symlink: /home/ibrahim/Ros_Egitim/Projeler/Robot_Modelleme/install/my_robot_description/share/my_robot_description/environment/path.sh
[0.332s] -- Up-to-date symlink: /home/ibrahim/Ros_Egitim/Projeler/Robot_Modelleme/install/my_robot_description/share/my_robot_description/environment/path.dsv
[0.332s] -- Up-to-date symlink: /home/ibrahim/Ros_Egitim/Projeler/Robot_Modelleme/install/my_robot_description/share/my_robot_description/local_setup.bash
[0.332s] -- Up-to-date symlink: /home/ibrahim/Ros_Egitim/Projeler/Robot_Modelleme/install/my_robot_description/share/my_robot_description/local_setup.sh
[0.333s] -- Up-to-date symlink: /home/ibrahim/Ros_Egitim/Projeler/Robot_Modelleme/install/my_robot_description/share/my_robot_description/local_setup.zsh
[0.333s] -- Up-to-date symlink: /home/ibrahim/Ros_Egitim/Projeler/Robot_Modelleme/install/my_robot_description/share/my_robot_description/local_setup.dsv
[0.333s] -- Symlinking: /home/ibrahim/Ros_Egitim/Projeler/Robot_Modelleme/install/my_robot_description/share/my_robot_description/package.dsv
[0.342s] -- Up-to-date symlink: /home/ibrahim/Ros_Egitim/Projeler/Robot_Modelleme/install/my_robot_description/share/ament_index/resource_index/packages/my_robot_description
[0.342s] -- Up-to-date symlink: /home/ibrahim/Ros_Egitim/Projeler/Robot_Modelleme/install/my_robot_description/share/my_robot_description/cmake/my_robot_descriptionConfig.cmake
[0.342s] -- Up-to-date symlink: /home/ibrahim/Ros_Egitim/Projeler/Robot_Modelleme/install/my_robot_description/share/my_robot_description/cmake/my_robot_descriptionConfig-version.cmake
[0.342s] -- Up-to-date symlink: /home/ibrahim/Ros_Egitim/Projeler/Robot_Modelleme/install/my_robot_description/share/my_robot_description/package.xml
[0.344s] Invoked command in '/home/ibrahim/Ros_Egitim/Projeler/Robot_Modelleme/build/my_robot_description' returned '0': CMAKE_PREFIX_PATH=${CMAKE_PREFIX_PATH}:/home/ibrahim/ros2_ws/install/simple_py_pkg:/home/ibrahim/Ros_Egitim/Projeler/Turtlesim_Hedef_Konuma_Git/turtlesim_ws/install/turtlesim_py_pkg:/opt/ros/humble /usr/bin/cmake --install /home/ibrahim/Ros_Egitim/Projeler/Robot_Modelleme/build/my_robot_description
