[0.043s] Invoking command in '/home/ibrahim/Ros_Egitim/Projeler/Dunya_Modelleme/turtlebot3_ws/build/turtlebot3_node': CMAKE_PREFIX_PATH=${CMAKE_PREFIX_PATH}:/home/ibrahim/Ros_Egitim/Projeler/Dunya_Modelleme/turtlebot3_ws/install/turtlebot3_teleop:/home/ibrahim/Ros_Egitim/Projeler/Dunya_Modelleme/turtlebot3_ws/install/turtlebot3_example:/home/ibrahim/ros2_ws/install/simple_py_pkg:/home/ibrahim/Ros_Egitim/Projeler/Turtlesim_Hedef_Konuma_Git/turtlesim_ws/install/turtlesim_py_pkg:/opt/ros/humble /usr/bin/cmake --build /home/ibrahim/Ros_Egitim/Projeler/Dunya_Modelleme/turtlebot3_ws/build/turtlebot3_node -- -j16 -l16
[0.380s] [35m[1mConsolidate compiler generated dependencies of target turtlebot3_node_lib[0m
[0.380s] [ 85%] Built target turtlebot3_node_lib
[0.380s] [35m[1mConsolidate compiler generated dependencies of target turtlebot3_ros[0m
[0.380s] [100%] Built target turtlebot3_ros
[0.635s] Invoked command in '/home/ibrahim/Ros_Egitim/Projeler/Dunya_Modelleme/turtlebot3_ws/build/turtlebot3_node' returned '0': CMAKE_PREFIX_PATH=${CMAKE_PREFIX_PATH}:/home/ibrahim/Ros_Egitim/Projeler/Dunya_Modelleme/turtlebot3_ws/install/turtlebot3_teleop:/home/ibrahim/Ros_Egitim/Projeler/Dunya_Modelleme/turtlebot3_ws/install/turtlebot3_example:/home/ibrahim/ros2_ws/install/simple_py_pkg:/home/ibrahim/Ros_Egitim/Projeler/Turtlesim_Hedef_Konuma_Git/turtlesim_ws/install/turtlesim_py_pkg:/opt/ros/humble /usr/bin/cmake --build /home/ibrahim/Ros_Egitim/Projeler/Dunya_Modelleme/turtlebot3_ws/build/turtlebot3_node -- -j16 -l16
[0.637s] Invoking command in '/home/ibrahim/Ros_Egitim/Projeler/Dunya_Modelleme/turtlebot3_ws/build/turtlebot3_node': CMAKE_PREFIX_PATH=${CMAKE_PREFIX_PATH}:/home/ibrahim/Ros_Egitim/Projeler/Dunya_Modelleme/turtlebot3_ws/install/turtlebot3_teleop:/home/ibrahim/Ros_Egitim/Projeler/Dunya_Modelleme/turtlebot3_ws/install/turtlebot3_example:/home/ibrahim/ros2_ws/install/simple_py_pkg:/home/ibrahim/Ros_Egitim/Projeler/Turtlesim_Hedef_Konuma_Git/turtlesim_ws/install/turtlesim_py_pkg:/opt/ros/humble /usr/bin/cmake --install /home/ibrahim/Ros_Egitim/Projeler/Dunya_Modelleme/turtlebot3_ws/build/turtlebot3_node
[0.645s] -- Install configuration: ""
[0.645s] -- Up-to-date: /home/ibrahim/Ros_Egitim/Projeler/Dunya_Modelleme/turtlebot3_ws/install/turtlebot3_node/share/turtlebot3_node/param
[0.645s] -- Up-to-date: /home/ibrahim/Ros_Egitim/Projeler/Dunya_Modelleme/turtlebot3_ws/install/turtlebot3_node/share/turtlebot3_node/param/waffle_pi.yaml
[0.646s] -- Up-to-date: /home/ibrahim/Ros_Egitim/Projeler/Dunya_Modelleme/turtlebot3_ws/install/turtlebot3_node/share/turtlebot3_node/param/waffle.yaml
[0.646s] -- Up-to-date: /home/ibrahim/Ros_Egitim/Projeler/Dunya_Modelleme/turtlebot3_ws/install/turtlebot3_node/share/turtlebot3_node/param/burger.yaml
[0.646s] -- Up-to-date: /home/ibrahim/Ros_Egitim/Projeler/Dunya_Modelleme/turtlebot3_ws/install/turtlebot3_node/lib/turtlebot3_node/turtlebot3_ros
[0.646s] -- Up-to-date: /home/ibrahim/Ros_Egitim/Projeler/Dunya_Modelleme/turtlebot3_ws/install/turtlebot3_node/share/ament_index/resource_index/package_run_dependencies/turtlebot3_node
[0.646s] -- Up-to-date: /home/ibrahim/Ros_Egitim/Projeler/Dunya_Modelleme/turtlebot3_ws/install/turtlebot3_node/share/ament_index/resource_index/parent_prefix_path/turtlebot3_node
[0.646s] -- Up-to-date: /home/ibrahim/Ros_Egitim/Projeler/Dunya_Modelleme/turtlebot3_ws/install/turtlebot3_node/share/turtlebot3_node/environment/ament_prefix_path.sh
[0.646s] -- Up-to-date: /home/ibrahim/Ros_Egitim/Projeler/Dunya_Modelleme/turtlebot3_ws/install/turtlebot3_node/share/turtlebot3_node/environment/ament_prefix_path.dsv
[0.646s] -- Up-to-date: /home/ibrahim/Ros_Egitim/Projeler/Dunya_Modelleme/turtlebot3_ws/install/turtlebot3_node/share/turtlebot3_node/environment/path.sh
[0.646s] -- Up-to-date: /home/ibrahim/Ros_Egitim/Projeler/Dunya_Modelleme/turtlebot3_ws/install/turtlebot3_node/share/turtlebot3_node/environment/path.dsv
[0.646s] -- Up-to-date: /home/ibrahim/Ros_Egitim/Projeler/Dunya_Modelleme/turtlebot3_ws/install/turtlebot3_node/share/turtlebot3_node/local_setup.bash
[0.646s] -- Up-to-date: /home/ibrahim/Ros_Egitim/Projeler/Dunya_Modelleme/turtlebot3_ws/install/turtlebot3_node/share/turtlebot3_node/local_setup.sh
[0.646s] -- Up-to-date: /home/ibrahim/Ros_Egitim/Projeler/Dunya_Modelleme/turtlebot3_ws/install/turtlebot3_node/share/turtlebot3_node/local_setup.zsh
[0.646s] -- Up-to-date: /home/ibrahim/Ros_Egitim/Projeler/Dunya_Modelleme/turtlebot3_ws/install/turtlebot3_node/share/turtlebot3_node/local_setup.dsv
[0.646s] -- Installing: /home/ibrahim/Ros_Egitim/Projeler/Dunya_Modelleme/turtlebot3_ws/install/turtlebot3_node/share/turtlebot3_node/package.dsv
[0.646s] -- Up-to-date: /home/ibrahim/Ros_Egitim/Projeler/Dunya_Modelleme/turtlebot3_ws/install/turtlebot3_node/share/ament_index/resource_index/packages/turtlebot3_node
[0.647s] -- Up-to-date: /home/ibrahim/Ros_Egitim/Projeler/Dunya_Modelleme/turtlebot3_ws/install/turtlebot3_node/share/turtlebot3_node/cmake/ament_cmake_export_include_directories-extras.cmake
[0.647s] -- Up-to-date: /home/ibrahim/Ros_Egitim/Projeler/Dunya_Modelleme/turtlebot3_ws/install/turtlebot3_node/share/turtlebot3_node/cmake/turtlebot3_nodeConfig.cmake
[0.647s] -- Up-to-date: /home/ibrahim/Ros_Egitim/Projeler/Dunya_Modelleme/turtlebot3_ws/install/turtlebot3_node/share/turtlebot3_node/cmake/turtlebot3_nodeConfig-version.cmake
[0.647s] -- Up-to-date: /home/ibrahim/Ros_Egitim/Projeler/Dunya_Modelleme/turtlebot3_ws/install/turtlebot3_node/share/turtlebot3_node/package.xml
[0.680s] Invoked command in '/home/ibrahim/Ros_Egitim/Projeler/Dunya_Modelleme/turtlebot3_ws/build/turtlebot3_node' returned '0': CMAKE_PREFIX_PATH=${CMAKE_PREFIX_PATH}:/home/ibrahim/Ros_Egitim/Projeler/Dunya_Modelleme/turtlebot3_ws/install/turtlebot3_teleop:/home/ibrahim/Ros_Egitim/Projeler/Dunya_Modelleme/turtlebot3_ws/install/turtlebot3_example:/home/ibrahim/ros2_ws/install/simple_py_pkg:/home/ibrahim/Ros_Egitim/Projeler/Turtlesim_Hedef_Konuma_Git/turtlesim_ws/install/turtlesim_py_pkg:/opt/ros/humble /usr/bin/cmake --install /home/ibrahim/Ros_Egitim/Projeler/Dunya_Modelleme/turtlebot3_ws/build/turtlebot3_node
