[0.021s] Invoking command in '/home/ibrahim/Ros_Egitim/Projeler/Robot_Modelleme/robot_modelleme_ws/build/my_robot_description': CMAKE_PREFIX_PATH=${CMAKE_PREFIX_PATH}:/home/ibrahim/ros2_ws/install/simple_py_pkg:/home/ibrahim/Ros_Egitim/Projeler/Turtlesim_Hedef_Konuma_Git/turtlesim_ws/install/turtlesim_py_pkg:/opt/ros/humble /usr/bin/cmake /home/ibrahim/Ros_Egitim/Projeler/Robot_Modelleme/robot_modelleme_ws/my_robot_description -DCMAKE_INSTALL_PREFIX=/home/ibrahim/Ros_Egitim/Projeler/Robot_Modelleme/robot_modelleme_ws/install/my_robot_description
[0.133s] -- The C compiler identification is GNU 11.4.0
[0.227s] -- The CXX compiler identification is GNU 11.4.0
[0.241s] -- Detecting C compiler ABI info
[0.332s] -- Detecting C compiler ABI info - done
[0.340s] -- Check for working C compiler: /usr/bin/cc - skipped
[0.341s] -- Detecting C compile features
[0.342s] -- Detecting C compile features - done
[0.346s] -- Detecting CXX compiler ABI info
[0.450s] -- Detecting CXX compiler ABI info - done
[0.458s] -- Check for working CXX compiler: /usr/bin/c++ - skipped
[0.458s] -- Detecting CXX compile features
[0.459s] -- Detecting CXX compile features - done
[0.468s] -- Found ament_cmake: 1.3.11 (/opt/ros/humble/share/ament_cmake/cmake)
[0.653s] -- Found Python3: /usr/bin/python3 (found version "3.10.12") found components: Interpreter 
[0.782s] -- Found ament_lint_auto: 0.12.12 (/opt/ros/humble/share/ament_lint_auto/cmake)
[0.880s] -- Added test 'lint_cmake' to check CMake code style
[0.882s] -- Added test 'xmllint' to check XML markup files
[0.884s] -- Configuring done
[0.888s] -- Generating done
[0.890s] -- Build files have been written to: /home/ibrahim/Ros_Egitim/Projeler/Robot_Modelleme/robot_modelleme_ws/build/my_robot_description
[0.896s] Invoked command in '/home/ibrahim/Ros_Egitim/Projeler/Robot_Modelleme/robot_modelleme_ws/build/my_robot_description' returned '0': CMAKE_PREFIX_PATH=${CMAKE_PREFIX_PATH}:/home/ibrahim/ros2_ws/install/simple_py_pkg:/home/ibrahim/Ros_Egitim/Projeler/Turtlesim_Hedef_Konuma_Git/turtlesim_ws/install/turtlesim_py_pkg:/opt/ros/humble /usr/bin/cmake /home/ibrahim/Ros_Egitim/Projeler/Robot_Modelleme/robot_modelleme_ws/my_robot_description -DCMAKE_INSTALL_PREFIX=/home/ibrahim/Ros_Egitim/Projeler/Robot_Modelleme/robot_modelleme_ws/install/my_robot_description
[0.899s] Invoking command in '/home/ibrahim/Ros_Egitim/Projeler/Robot_Modelleme/robot_modelleme_ws/build/my_robot_description': CMAKE_PREFIX_PATH=${CMAKE_PREFIX_PATH}:/home/ibrahim/ros2_ws/install/simple_py_pkg:/home/ibrahim/Ros_Egitim/Projeler/Turtlesim_Hedef_Konuma_Git/turtlesim_ws/install/turtlesim_py_pkg:/opt/ros/humble /usr/bin/cmake --build /home/ibrahim/Ros_Egitim/Projeler/Robot_Modelleme/robot_modelleme_ws/build/my_robot_description -- -j16 -l16
[0.948s] Invoked command in '/home/ibrahim/Ros_Egitim/Projeler/Robot_Modelleme/robot_modelleme_ws/build/my_robot_description' returned '0': CMAKE_PREFIX_PATH=${CMAKE_PREFIX_PATH}:/home/ibrahim/ros2_ws/install/simple_py_pkg:/home/ibrahim/Ros_Egitim/Projeler/Turtlesim_Hedef_Konuma_Git/turtlesim_ws/install/turtlesim_py_pkg:/opt/ros/humble /usr/bin/cmake --build /home/ibrahim/Ros_Egitim/Projeler/Robot_Modelleme/robot_modelleme_ws/build/my_robot_description -- -j16 -l16
[0.961s] Invoking command in '/home/ibrahim/Ros_Egitim/Projeler/Robot_Modelleme/robot_modelleme_ws/build/my_robot_description': CMAKE_PREFIX_PATH=${CMAKE_PREFIX_PATH}:/home/ibrahim/ros2_ws/install/simple_py_pkg:/home/ibrahim/Ros_Egitim/Projeler/Turtlesim_Hedef_Konuma_Git/turtlesim_ws/install/turtlesim_py_pkg:/opt/ros/humble /usr/bin/cmake --install /home/ibrahim/Ros_Egitim/Projeler/Robot_Modelleme/robot_modelleme_ws/build/my_robot_description
[0.970s] -- Install configuration: ""
[0.970s] -- Installing: /home/ibrahim/Ros_Egitim/Projeler/Robot_Modelleme/robot_modelleme_ws/install/my_robot_description/share/ament_index/resource_index/package_run_dependencies/my_robot_description
[0.970s] -- Installing: /home/ibrahim/Ros_Egitim/Projeler/Robot_Modelleme/robot_modelleme_ws/install/my_robot_description/share/ament_index/resource_index/parent_prefix_path/my_robot_description
[0.971s] -- Installing: /home/ibrahim/Ros_Egitim/Projeler/Robot_Modelleme/robot_modelleme_ws/install/my_robot_description/share/my_robot_description/environment/ament_prefix_path.sh
[0.971s] -- Installing: /home/ibrahim/Ros_Egitim/Projeler/Robot_Modelleme/robot_modelleme_ws/install/my_robot_description/share/my_robot_description/environment/ament_prefix_path.dsv
[0.971s] -- Installing: /home/ibrahim/Ros_Egitim/Projeler/Robot_Modelleme/robot_modelleme_ws/install/my_robot_description/share/my_robot_description/environment/path.sh
[0.971s] -- Installing: /home/ibrahim/Ros_Egitim/Projeler/Robot_Modelleme/robot_modelleme_ws/install/my_robot_description/share/my_robot_description/environment/path.dsv
[0.972s] -- Installing: /home/ibrahim/Ros_Egitim/Projeler/Robot_Modelleme/robot_modelleme_ws/install/my_robot_description/share/my_robot_description/local_setup.bash
[0.972s] -- Installing: /home/ibrahim/Ros_Egitim/Projeler/Robot_Modelleme/robot_modelleme_ws/install/my_robot_description/share/my_robot_description/local_setup.sh
[0.972s] -- Installing: /home/ibrahim/Ros_Egitim/Projeler/Robot_Modelleme/robot_modelleme_ws/install/my_robot_description/share/my_robot_description/local_setup.zsh
[0.972s] -- Installing: /home/ibrahim/Ros_Egitim/Projeler/Robot_Modelleme/robot_modelleme_ws/install/my_robot_description/share/my_robot_description/local_setup.dsv
[0.972s] -- Installing: /home/ibrahim/Ros_Egitim/Projeler/Robot_Modelleme/robot_modelleme_ws/install/my_robot_description/share/my_robot_description/package.dsv
[0.973s] -- Installing: /home/ibrahim/Ros_Egitim/Projeler/Robot_Modelleme/robot_modelleme_ws/install/my_robot_description/share/ament_index/resource_index/packages/my_robot_description
[0.973s] -- Installing: /home/ibrahim/Ros_Egitim/Projeler/Robot_Modelleme/robot_modelleme_ws/install/my_robot_description/share/my_robot_description/cmake/my_robot_descriptionConfig.cmake
[0.973s] -- Installing: /home/ibrahim/Ros_Egitim/Projeler/Robot_Modelleme/robot_modelleme_ws/install/my_robot_description/share/my_robot_description/cmake/my_robot_descriptionConfig-version.cmake
[0.973s] -- Installing: /home/ibrahim/Ros_Egitim/Projeler/Robot_Modelleme/robot_modelleme_ws/install/my_robot_description/share/my_robot_description/package.xml
[0.976s] Invoked command in '/home/ibrahim/Ros_Egitim/Projeler/Robot_Modelleme/robot_modelleme_ws/build/my_robot_description' returned '0': CMAKE_PREFIX_PATH=${CMAKE_PREFIX_PATH}:/home/ibrahim/ros2_ws/install/simple_py_pkg:/home/ibrahim/Ros_Egitim/Projeler/Turtlesim_Hedef_Konuma_Git/turtlesim_ws/install/turtlesim_py_pkg:/opt/ros/humble /usr/bin/cmake --install /home/ibrahim/Ros_Egitim/Projeler/Robot_Modelleme/robot_modelleme_ws/build/my_robot_description
