[0.012s] Invoking command in '/home/ibrahim/Ros_Egitim/Projeler/Robot_Modelle/ros2_ws/build/my_robot_description': CMAKE_PREFIX_PATH=${CMAKE_PREFIX_PATH}:/home/ibrahim/ros2_ws/install/simple_py_pkg:/home/ibrahim/Ros_Egitim/Projeler/Turtlesim_Hedef_Konuma_Git/turtlesim_ws/install/turtlesim_py_pkg:/opt/ros/humble /usr/bin/cmake --build /home/ibrahim/Ros_Egitim/Projeler/Robot_Modelle/ros2_ws/build/my_robot_description -- -j16 -l16
[0.077s] Invoked command in '/home/ibrahim/Ros_Egitim/Projeler/Robot_Modelle/ros2_ws/build/my_robot_description' returned '0': CMAKE_PREFIX_PATH=${CMAKE_PREFIX_PATH}:/home/ibrahim/ros2_ws/install/simple_py_pkg:/home/ibrahim/Ros_Egitim/Projeler/Turtlesim_Hedef_Konuma_Git/turtlesim_ws/install/turtlesim_py_pkg:/opt/ros/humble /usr/bin/cmake --build /home/ibrahim/Ros_Egitim/Projeler/Robot_Modelle/ros2_ws/build/my_robot_description -- -j16 -l16
[0.086s] Invoking command in '/home/ibrahim/Ros_Egitim/Projeler/Robot_Modelle/ros2_ws/build/my_robot_description': CMAKE_PREFIX_PATH=${CMAKE_PREFIX_PATH}:/home/ibrahim/ros2_ws/install/simple_py_pkg:/home/ibrahim/Ros_Egitim/Projeler/Turtlesim_Hedef_Konuma_Git/turtlesim_ws/install/turtlesim_py_pkg:/opt/ros/humble /usr/bin/cmake --install /home/ibrahim/Ros_Egitim/Projeler/Robot_Modelle/ros2_ws/build/my_robot_description
[0.094s] -- Install configuration: ""
[0.094s] -- Execute custom install script
[0.096s] -- Up-to-date symlink: /home/ibrahim/Ros_Egitim/Projeler/Robot_Modelle/ros2_ws/install/my_robot_description/share/my_robot_description//urdf/main.xacro
[0.096s] -- Up-to-date symlink: /home/ibrahim/Ros_Egitim/Projeler/Robot_Modelle/ros2_ws/install/my_robot_description/share/my_robot_description//urdf/my_robot.xacro
[0.096s] -- Up-to-date symlink: /home/ibrahim/Ros_Egitim/Projeler/Robot_Modelle/ros2_ws/install/my_robot_description/share/my_robot_description//urdf/properties.xacro
[0.097s] -- Up-to-date symlink: /home/ibrahim/Ros_Egitim/Projeler/Robot_Modelle/ros2_ws/install/my_robot_description/share/my_robot_description//urdf/properties_gazebo.xacro
[0.097s] -- Up-to-date symlink: /home/ibrahim/Ros_Egitim/Projeler/Robot_Modelle/ros2_ws/install/my_robot_description/share/my_robot_description//launch/display.launch.py
[0.098s] -- Up-to-date symlink: /home/ibrahim/Ros_Egitim/Projeler/Robot_Modelle/ros2_ws/install/my_robot_description/share/my_robot_description//launch/display.launch.xml
[0.099s] -- Up-to-date symlink: /home/ibrahim/Ros_Egitim/Projeler/Robot_Modelle/ros2_ws/install/my_robot_description/share/my_robot_description//rviz/urdf_config.rviz
[0.099s] -- Up-to-date symlink: /home/ibrahim/Ros_Egitim/Projeler/Robot_Modelle/ros2_ws/install/my_robot_description/share/ament_index/resource_index/package_run_dependencies/my_robot_description
[0.099s] -- Up-to-date symlink: /home/ibrahim/Ros_Egitim/Projeler/Robot_Modelle/ros2_ws/install/my_robot_description/share/ament_index/resource_index/parent_prefix_path/my_robot_description
[0.100s] -- Up-to-date symlink: /home/ibrahim/Ros_Egitim/Projeler/Robot_Modelle/ros2_ws/install/my_robot_description/share/my_robot_description/environment/ament_prefix_path.sh
[0.100s] -- Up-to-date symlink: /home/ibrahim/Ros_Egitim/Projeler/Robot_Modelle/ros2_ws/install/my_robot_description/share/my_robot_description/environment/ament_prefix_path.dsv
[0.100s] -- Up-to-date symlink: /home/ibrahim/Ros_Egitim/Projeler/Robot_Modelle/ros2_ws/install/my_robot_description/share/my_robot_description/environment/path.sh
[0.101s] -- Up-to-date symlink: /home/ibrahim/Ros_Egitim/Projeler/Robot_Modelle/ros2_ws/install/my_robot_description/share/my_robot_description/environment/path.dsv
[0.101s] -- Up-to-date symlink: /home/ibrahim/Ros_Egitim/Projeler/Robot_Modelle/ros2_ws/install/my_robot_description/share/my_robot_description/local_setup.bash
[0.101s] -- Up-to-date symlink: /home/ibrahim/Ros_Egitim/Projeler/Robot_Modelle/ros2_ws/install/my_robot_description/share/my_robot_description/local_setup.sh
[0.102s] -- Up-to-date symlink: /home/ibrahim/Ros_Egitim/Projeler/Robot_Modelle/ros2_ws/install/my_robot_description/share/my_robot_description/local_setup.zsh
[0.102s] -- Up-to-date symlink: /home/ibrahim/Ros_Egitim/Projeler/Robot_Modelle/ros2_ws/install/my_robot_description/share/my_robot_description/local_setup.dsv
[0.102s] -- Symlinking: /home/ibrahim/Ros_Egitim/Projeler/Robot_Modelle/ros2_ws/install/my_robot_description/share/my_robot_description/package.dsv
[0.111s] -- Up-to-date symlink: /home/ibrahim/Ros_Egitim/Projeler/Robot_Modelle/ros2_ws/install/my_robot_description/share/ament_index/resource_index/packages/my_robot_description
[0.111s] -- Up-to-date symlink: /home/ibrahim/Ros_Egitim/Projeler/Robot_Modelle/ros2_ws/install/my_robot_description/share/my_robot_description/cmake/my_robot_descriptionConfig.cmake
[0.112s] -- Up-to-date symlink: /home/ibrahim/Ros_Egitim/Projeler/Robot_Modelle/ros2_ws/install/my_robot_description/share/my_robot_description/cmake/my_robot_descriptionConfig-version.cmake
[0.112s] -- Up-to-date symlink: /home/ibrahim/Ros_Egitim/Projeler/Robot_Modelle/ros2_ws/install/my_robot_description/share/my_robot_description/package.xml
[0.114s] Invoked command in '/home/ibrahim/Ros_Egitim/Projeler/Robot_Modelle/ros2_ws/build/my_robot_description' returned '0': CMAKE_PREFIX_PATH=${CMAKE_PREFIX_PATH}:/home/ibrahim/ros2_ws/install/simple_py_pkg:/home/ibrahim/Ros_Egitim/Projeler/Turtlesim_Hedef_Konuma_Git/turtlesim_ws/install/turtlesim_py_pkg:/opt/ros/humble /usr/bin/cmake --install /home/ibrahim/Ros_Egitim/Projeler/Robot_Modelle/ros2_ws/build/my_robot_description
