[0.124s] DEBUG:colcon:Command line arguments: ['/usr/bin/colcon', 'list', '-p', '--base-paths', '/home/ibrahim/Ros_Egitim/Projeler/Robot_Modelleme']
[0.124s] DEBUG:colcon:Parsed command line arguments: Namespace(log_base=None, log_level=None, verb_name='list', build_base='build', ignore_user_meta=False, metas=['./colcon.meta'], base_paths=['/home/ibrahim/Ros_Egitim/Projeler/Robot_Modelleme'], packages_ignore=None, packages_ignore_regex=None, paths=None, packages_up_to=None, packages_up_to_regex=None, packages_above=None, packages_above_and_dependencies=None, packages_above_depth=None, packages_select_by_dep=None, packages_skip_by_dep=None, packages_skip_up_to=None, packages_select_build_failed=False, packages_skip_build_finished=False, packages_select_test_failures=False, packages_skip_test_passed=False, packages_select=None, packages_skip=None, packages_select_regex=None, packages_skip_regex=None, packages_start=None, packages_end=None, allow_overriding=[], topological_order=False, names_only=False, paths_only=True, topological_graph=False, topological_graph_dot=False, topological_graph_density=False, topological_graph_legend=False, topological_graph_dot_cluster=False, topological_graph_dot_include_skipped=False, verb_parser=<colcon_defaults.argument_parser.defaults.DefaultArgumentsDecorator object at 0x74835b161a80>, verb_extension=<colcon_package_information.verb.list.ListVerb object at 0x74835b160b50>, main=<bound method ListVerb.main of <colcon_package_information.verb.list.ListVerb object at 0x74835b160b50>>)
[0.336s] Level 1:colcon.colcon_core.package_discovery:discover_packages(colcon_meta) check parameters
[0.336s] Level 1:colcon.colcon_core.package_discovery:discover_packages(recursive) check parameters
[0.336s] Level 1:colcon.colcon_core.package_discovery:discover_packages(ignore) check parameters
[0.336s] Level 1:colcon.colcon_core.package_discovery:discover_packages(path) check parameters
[0.336s] Level 1:colcon.colcon_core.package_discovery:discover_packages(recursive) discover
[0.337s] INFO:colcon.colcon_core.package_discovery:Crawling recursively for packages in '/home/ibrahim/Ros_Egitim/Projeler/Robot_Modelleme'
[0.337s] Level 1:colcon.colcon_core.package_identification:_identify(/home/ibrahim/Ros_Egitim/Projeler/Robot_Modelleme) by extensions ['ignore', 'ignore_ament_install']
[0.337s] Level 1:colcon.colcon_core.package_identification:_identify(/home/ibrahim/Ros_Egitim/Projeler/Robot_Modelleme) by extension 'ignore'
[0.337s] Level 1:colcon.colcon_core.package_identification:_identify(/home/ibrahim/Ros_Egitim/Projeler/Robot_Modelleme) by extension 'ignore_ament_install'
[0.337s] Level 1:colcon.colcon_core.package_identification:_identify(/home/ibrahim/Ros_Egitim/Projeler/Robot_Modelleme) by extensions ['colcon_pkg']
[0.337s] Level 1:colcon.colcon_core.package_identification:_identify(/home/ibrahim/Ros_Egitim/Projeler/Robot_Modelleme) by extension 'colcon_pkg'
[0.337s] Level 1:colcon.colcon_core.package_identification:_identify(/home/ibrahim/Ros_Egitim/Projeler/Robot_Modelleme) by extensions ['colcon_meta']
[0.337s] Level 1:colcon.colcon_core.package_identification:_identify(/home/ibrahim/Ros_Egitim/Projeler/Robot_Modelleme) by extension 'colcon_meta'
[0.337s] Level 1:colcon.colcon_core.package_identification:_identify(/home/ibrahim/Ros_Egitim/Projeler/Robot_Modelleme) by extensions ['ros']
[0.337s] Level 1:colcon.colcon_core.package_identification:_identify(/home/ibrahim/Ros_Egitim/Projeler/Robot_Modelleme) by extension 'ros'
[0.354s] Level 1:colcon.colcon_core.package_identification:_identify(/home/ibrahim/Ros_Egitim/Projeler/Robot_Modelleme) by extensions ['cmake', 'python']
[0.354s] Level 1:colcon.colcon_core.package_identification:_identify(/home/ibrahim/Ros_Egitim/Projeler/Robot_Modelleme) by extension 'cmake'
[0.354s] Level 1:colcon.colcon_core.package_identification:_identify(/home/ibrahim/Ros_Egitim/Projeler/Robot_Modelleme) by extension 'python'
[0.354s] Level 1:colcon.colcon_core.package_identification:_identify(/home/ibrahim/Ros_Egitim/Projeler/Robot_Modelleme) by extensions ['python_setup_py']
[0.354s] Level 1:colcon.colcon_core.package_identification:_identify(/home/ibrahim/Ros_Egitim/Projeler/Robot_Modelleme) by extension 'python_setup_py'
[0.354s] Level 1:colcon.colcon_core.package_identification:_identify(/home/ibrahim/Ros_Egitim/Projeler/Robot_Modelleme/build) by extensions ['ignore', 'ignore_ament_install']
[0.354s] Level 1:colcon.colcon_core.package_identification:_identify(/home/ibrahim/Ros_Egitim/Projeler/Robot_Modelleme/build) by extension 'ignore'
[0.354s] Level 1:colcon.colcon_core.package_identification:_identify(/home/ibrahim/Ros_Egitim/Projeler/Robot_Modelleme/build) ignored
[0.355s] Level 1:colcon.colcon_core.package_identification:_identify(/home/ibrahim/Ros_Egitim/Projeler/Robot_Modelleme/install) by extensions ['ignore', 'ignore_ament_install']
[0.355s] Level 1:colcon.colcon_core.package_identification:_identify(/home/ibrahim/Ros_Egitim/Projeler/Robot_Modelleme/install) by extension 'ignore'
[0.355s] Level 1:colcon.colcon_core.package_identification:_identify(/home/ibrahim/Ros_Egitim/Projeler/Robot_Modelleme/install) ignored
[0.355s] Level 1:colcon.colcon_core.package_identification:_identify(/home/ibrahim/Ros_Egitim/Projeler/Robot_Modelleme/log) by extensions ['ignore', 'ignore_ament_install']
[0.355s] Level 1:colcon.colcon_core.package_identification:_identify(/home/ibrahim/Ros_Egitim/Projeler/Robot_Modelleme/log) by extension 'ignore'
[0.355s] Level 1:colcon.colcon_core.package_identification:_identify(/home/ibrahim/Ros_Egitim/Projeler/Robot_Modelleme/log) ignored
[0.355s] Level 1:colcon.colcon_core.package_identification:_identify(/home/ibrahim/Ros_Egitim/Projeler/Robot_Modelleme/robot_modelleme_ws) by extensions ['ignore', 'ignore_ament_install']
[0.355s] Level 1:colcon.colcon_core.package_identification:_identify(/home/ibrahim/Ros_Egitim/Projeler/Robot_Modelleme/robot_modelleme_ws) by extension 'ignore'
[0.355s] Level 1:colcon.colcon_core.package_identification:_identify(/home/ibrahim/Ros_Egitim/Projeler/Robot_Modelleme/robot_modelleme_ws) by extension 'ignore_ament_install'
[0.355s] Level 1:colcon.colcon_core.package_identification:_identify(/home/ibrahim/Ros_Egitim/Projeler/Robot_Modelleme/robot_modelleme_ws) by extensions ['colcon_pkg']
[0.355s] Level 1:colcon.colcon_core.package_identification:_identify(/home/ibrahim/Ros_Egitim/Projeler/Robot_Modelleme/robot_modelleme_ws) by extension 'colcon_pkg'
[0.356s] Level 1:colcon.colcon_core.package_identification:_identify(/home/ibrahim/Ros_Egitim/Projeler/Robot_Modelleme/robot_modelleme_ws) by extensions ['colcon_meta']
[0.356s] Level 1:colcon.colcon_core.package_identification:_identify(/home/ibrahim/Ros_Egitim/Projeler/Robot_Modelleme/robot_modelleme_ws) by extension 'colcon_meta'
[0.356s] Level 1:colcon.colcon_core.package_identification:_identify(/home/ibrahim/Ros_Egitim/Projeler/Robot_Modelleme/robot_modelleme_ws) by extensions ['ros']
[0.356s] Level 1:colcon.colcon_core.package_identification:_identify(/home/ibrahim/Ros_Egitim/Projeler/Robot_Modelleme/robot_modelleme_ws) by extension 'ros'
[0.356s] Level 1:colcon.colcon_core.package_identification:_identify(/home/ibrahim/Ros_Egitim/Projeler/Robot_Modelleme/robot_modelleme_ws) by extensions ['cmake', 'python']
[0.356s] Level 1:colcon.colcon_core.package_identification:_identify(/home/ibrahim/Ros_Egitim/Projeler/Robot_Modelleme/robot_modelleme_ws) by extension 'cmake'
[0.356s] Level 1:colcon.colcon_core.package_identification:_identify(/home/ibrahim/Ros_Egitim/Projeler/Robot_Modelleme/robot_modelleme_ws) by extension 'python'
[0.356s] Level 1:colcon.colcon_core.package_identification:_identify(/home/ibrahim/Ros_Egitim/Projeler/Robot_Modelleme/robot_modelleme_ws) by extensions ['python_setup_py']
[0.356s] Level 1:colcon.colcon_core.package_identification:_identify(/home/ibrahim/Ros_Egitim/Projeler/Robot_Modelleme/robot_modelleme_ws) by extension 'python_setup_py'
[0.356s] Level 1:colcon.colcon_core.package_identification:_identify(/home/ibrahim/Ros_Egitim/Projeler/Robot_Modelleme/robot_modelleme_ws/build) by extensions ['ignore', 'ignore_ament_install']
[0.356s] Level 1:colcon.colcon_core.package_identification:_identify(/home/ibrahim/Ros_Egitim/Projeler/Robot_Modelleme/robot_modelleme_ws/build) by extension 'ignore'
[0.357s] Level 1:colcon.colcon_core.package_identification:_identify(/home/ibrahim/Ros_Egitim/Projeler/Robot_Modelleme/robot_modelleme_ws/build) ignored
[0.357s] Level 1:colcon.colcon_core.package_identification:_identify(/home/ibrahim/Ros_Egitim/Projeler/Robot_Modelleme/robot_modelleme_ws/install) by extensions ['ignore', 'ignore_ament_install']
[0.357s] Level 1:colcon.colcon_core.package_identification:_identify(/home/ibrahim/Ros_Egitim/Projeler/Robot_Modelleme/robot_modelleme_ws/install) by extension 'ignore'
[0.357s] Level 1:colcon.colcon_core.package_identification:_identify(/home/ibrahim/Ros_Egitim/Projeler/Robot_Modelleme/robot_modelleme_ws/install) ignored
[0.357s] Level 1:colcon.colcon_core.package_identification:_identify(/home/ibrahim/Ros_Egitim/Projeler/Robot_Modelleme/robot_modelleme_ws/log) by extensions ['ignore', 'ignore_ament_install']
[0.357s] Level 1:colcon.colcon_core.package_identification:_identify(/home/ibrahim/Ros_Egitim/Projeler/Robot_Modelleme/robot_modelleme_ws/log) by extension 'ignore'
[0.357s] Level 1:colcon.colcon_core.package_identification:_identify(/home/ibrahim/Ros_Egitim/Projeler/Robot_Modelleme/robot_modelleme_ws/log) ignored
[0.357s] Level 1:colcon.colcon_core.package_identification:_identify(/home/ibrahim/Ros_Egitim/Projeler/Robot_Modelleme/robot_modelleme_ws/my_robot_description) by extensions ['ignore', 'ignore_ament_install']
[0.358s] Level 1:colcon.colcon_core.package_identification:_identify(/home/ibrahim/Ros_Egitim/Projeler/Robot_Modelleme/robot_modelleme_ws/my_robot_description) by extension 'ignore'
[0.358s] Level 1:colcon.colcon_core.package_identification:_identify(/home/ibrahim/Ros_Egitim/Projeler/Robot_Modelleme/robot_modelleme_ws/my_robot_description) by extension 'ignore_ament_install'
[0.358s] Level 1:colcon.colcon_core.package_identification:_identify(/home/ibrahim/Ros_Egitim/Projeler/Robot_Modelleme/robot_modelleme_ws/my_robot_description) by extensions ['colcon_pkg']
[0.358s] Level 1:colcon.colcon_core.package_identification:_identify(/home/ibrahim/Ros_Egitim/Projeler/Robot_Modelleme/robot_modelleme_ws/my_robot_description) by extension 'colcon_pkg'
[0.358s] Level 1:colcon.colcon_core.package_identification:_identify(/home/ibrahim/Ros_Egitim/Projeler/Robot_Modelleme/robot_modelleme_ws/my_robot_description) by extensions ['colcon_meta']
[0.358s] Level 1:colcon.colcon_core.package_identification:_identify(/home/ibrahim/Ros_Egitim/Projeler/Robot_Modelleme/robot_modelleme_ws/my_robot_description) by extension 'colcon_meta'
[0.358s] Level 1:colcon.colcon_core.package_identification:_identify(/home/ibrahim/Ros_Egitim/Projeler/Robot_Modelleme/robot_modelleme_ws/my_robot_description) by extensions ['ros']
[0.358s] Level 1:colcon.colcon_core.package_identification:_identify(/home/ibrahim/Ros_Egitim/Projeler/Robot_Modelleme/robot_modelleme_ws/my_robot_description) by extension 'ros'
[0.361s] DEBUG:colcon.colcon_core.package_identification:Package '/home/ibrahim/Ros_Egitim/Projeler/Robot_Modelleme/robot_modelleme_ws/my_robot_description' with type 'ros.ament_cmake' and name 'my_robot_description'
[0.362s] Level 1:colcon.colcon_core.package_identification:_identify(/home/ibrahim/Ros_Egitim/Projeler/Robot_Modelleme/src) by extensions ['ignore', 'ignore_ament_install']
[0.362s] Level 1:colcon.colcon_core.package_identification:_identify(/home/ibrahim/Ros_Egitim/Projeler/Robot_Modelleme/src) by extension 'ignore'
[0.362s] Level 1:colcon.colcon_core.package_identification:_identify(/home/ibrahim/Ros_Egitim/Projeler/Robot_Modelleme/src) by extension 'ignore_ament_install'
[0.362s] Level 1:colcon.colcon_core.package_identification:_identify(/home/ibrahim/Ros_Egitim/Projeler/Robot_Modelleme/src) by extensions ['colcon_pkg']
[0.362s] Level 1:colcon.colcon_core.package_identification:_identify(/home/ibrahim/Ros_Egitim/Projeler/Robot_Modelleme/src) by extension 'colcon_pkg'
[0.362s] Level 1:colcon.colcon_core.package_identification:_identify(/home/ibrahim/Ros_Egitim/Projeler/Robot_Modelleme/src) by extensions ['colcon_meta']
[0.362s] Level 1:colcon.colcon_core.package_identification:_identify(/home/ibrahim/Ros_Egitim/Projeler/Robot_Modelleme/src) by extension 'colcon_meta'
[0.362s] Level 1:colcon.colcon_core.package_identification:_identify(/home/ibrahim/Ros_Egitim/Projeler/Robot_Modelleme/src) by extensions ['ros']
[0.362s] Level 1:colcon.colcon_core.package_identification:_identify(/home/ibrahim/Ros_Egitim/Projeler/Robot_Modelleme/src) by extension 'ros'
[0.362s] Level 1:colcon.colcon_core.package_identification:_identify(/home/ibrahim/Ros_Egitim/Projeler/Robot_Modelleme/src) by extensions ['cmake', 'python']
[0.362s] Level 1:colcon.colcon_core.package_identification:_identify(/home/ibrahim/Ros_Egitim/Projeler/Robot_Modelleme/src) by extension 'cmake'
[0.362s] Level 1:colcon.colcon_core.package_identification:_identify(/home/ibrahim/Ros_Egitim/Projeler/Robot_Modelleme/src) by extension 'python'
[0.363s] Level 1:colcon.colcon_core.package_identification:_identify(/home/ibrahim/Ros_Egitim/Projeler/Robot_Modelleme/src) by extensions ['python_setup_py']
[0.363s] Level 1:colcon.colcon_core.package_identification:_identify(/home/ibrahim/Ros_Egitim/Projeler/Robot_Modelleme/src) by extension 'python_setup_py'
[0.363s] Level 1:colcon.colcon_core.package_identification:_identify(/home/ibrahim/Ros_Egitim/Projeler/Robot_Modelleme/src/my_robot_description) by extensions ['ignore', 'ignore_ament_install']
[0.363s] Level 1:colcon.colcon_core.package_identification:_identify(/home/ibrahim/Ros_Egitim/Projeler/Robot_Modelleme/src/my_robot_description) by extension 'ignore'
[0.363s] Level 1:colcon.colcon_core.package_identification:_identify(/home/ibrahim/Ros_Egitim/Projeler/Robot_Modelleme/src/my_robot_description) by extension 'ignore_ament_install'
[0.363s] Level 1:colcon.colcon_core.package_identification:_identify(/home/ibrahim/Ros_Egitim/Projeler/Robot_Modelleme/src/my_robot_description) by extensions ['colcon_pkg']
[0.363s] Level 1:colcon.colcon_core.package_identification:_identify(/home/ibrahim/Ros_Egitim/Projeler/Robot_Modelleme/src/my_robot_description) by extension 'colcon_pkg'
[0.363s] Level 1:colcon.colcon_core.package_identification:_identify(/home/ibrahim/Ros_Egitim/Projeler/Robot_Modelleme/src/my_robot_description) by extensions ['colcon_meta']
[0.363s] Level 1:colcon.colcon_core.package_identification:_identify(/home/ibrahim/Ros_Egitim/Projeler/Robot_Modelleme/src/my_robot_description) by extension 'colcon_meta'
[0.363s] Level 1:colcon.colcon_core.package_identification:_identify(/home/ibrahim/Ros_Egitim/Projeler/Robot_Modelleme/src/my_robot_description) by extensions ['ros']
[0.363s] Level 1:colcon.colcon_core.package_identification:_identify(/home/ibrahim/Ros_Egitim/Projeler/Robot_Modelleme/src/my_robot_description) by extension 'ros'
[0.364s] DEBUG:colcon.colcon_core.package_identification:Package '/home/ibrahim/Ros_Egitim/Projeler/Robot_Modelleme/src/my_robot_description' with type 'ros.ament_cmake' and name 'my_robot_description'
[0.364s] Level 1:colcon.colcon_core.package_discovery:discover_packages(recursive) using defaults
