-- The C compiler identification is GNU 11.4.0
-- The CXX compiler identification is GNU 11.4.0
-- Detecting C compiler ABI info
-- Detecting C compiler ABI info - done
-- Check for working C compiler: /usr/bin/cc - skipped
-- Detecting C compile features
-- Detecting C compile features - done
-- Detecting CXX compiler ABI info
-- Detecting CXX compiler ABI info - done
-- Check for working CXX compiler: /usr/bin/c++ - skipped
-- Detecting CXX compile features
-- Detecting CXX compile features - done
-- Found ament_cmake: 1.3.11 (/opt/ros/humble/share/ament_cmake/cmake)
-- Found Python3: /usr/bin/python3 (found version "3.10.12") found components: Interpreter 
-- Override CMake install command with custom implementation using symlinks instead of copying resources
-- Found ament_lint_auto: 0.12.12 (/opt/ros/humble/share/ament_lint_auto/cmake)
-- Added test 'lint_cmake' to check CMake code style
-- Added test 'xmllint' to check XML markup files
-- Configuring done
-- Generating done
-- Build files have been written to: /home/ibrahim/Ros_Egitim/Projeler/Robot_Modelleme/robot_modelleme_ws/build/my_robot_bringup
-- Install configuration: ""
-- Execute custom install script
-- Symlinking: /home/ibrahim/Ros_Egitim/Projeler/Robot_Modelleme/robot_modelleme_ws/install/my_robot_bringup/share/my_robot_bringup//launch/my_robot_gazebo.launch.xml
-- Symlinking: /home/ibrahim/Ros_Egitim/Projeler/Robot_Modelleme/robot_modelleme_ws/install/my_robot_bringup/share/ament_index/resource_index/package_run_dependencies/my_robot_bringup
-- Symlinking: /home/ibrahim/Ros_Egitim/Projeler/Robot_Modelleme/robot_modelleme_ws/install/my_robot_bringup/share/ament_index/resource_index/parent_prefix_path/my_robot_bringup
-- Symlinking: /home/ibrahim/Ros_Egitim/Projeler/Robot_Modelleme/robot_modelleme_ws/install/my_robot_bringup/share/my_robot_bringup/environment/ament_prefix_path.sh
-- Symlinking: /home/ibrahim/Ros_Egitim/Projeler/Robot_Modelleme/robot_modelleme_ws/install/my_robot_bringup/share/my_robot_bringup/environment/ament_prefix_path.dsv
-- Symlinking: /home/ibrahim/Ros_Egitim/Projeler/Robot_Modelleme/robot_modelleme_ws/install/my_robot_bringup/share/my_robot_bringup/environment/path.sh
-- Symlinking: /home/ibrahim/Ros_Egitim/Projeler/Robot_Modelleme/robot_modelleme_ws/install/my_robot_bringup/share/my_robot_bringup/environment/path.dsv
-- Symlinking: /home/ibrahim/Ros_Egitim/Projeler/Robot_Modelleme/robot_modelleme_ws/install/my_robot_bringup/share/my_robot_bringup/local_setup.bash
-- Symlinking: /home/ibrahim/Ros_Egitim/Projeler/Robot_Modelleme/robot_modelleme_ws/install/my_robot_bringup/share/my_robot_bringup/local_setup.sh
-- Symlinking: /home/ibrahim/Ros_Egitim/Projeler/Robot_Modelleme/robot_modelleme_ws/install/my_robot_bringup/share/my_robot_bringup/local_setup.zsh
-- Symlinking: /home/ibrahim/Ros_Egitim/Projeler/Robot_Modelleme/robot_modelleme_ws/install/my_robot_bringup/share/my_robot_bringup/local_setup.dsv
-- Symlinking: /home/ibrahim/Ros_Egitim/Projeler/Robot_Modelleme/robot_modelleme_ws/install/my_robot_bringup/share/my_robot_bringup/package.dsv
-- Symlinking: /home/ibrahim/Ros_Egitim/Projeler/Robot_Modelleme/robot_modelleme_ws/install/my_robot_bringup/share/ament_index/resource_index/packages/my_robot_bringup
-- Symlinking: /home/ibrahim/Ros_Egitim/Projeler/Robot_Modelleme/robot_modelleme_ws/install/my_robot_bringup/share/my_robot_bringup/cmake/my_robot_bringupConfig.cmake
-- Symlinking: /home/ibrahim/Ros_Egitim/Projeler/Robot_Modelleme/robot_modelleme_ws/install/my_robot_bringup/share/my_robot_bringup/cmake/my_robot_bringupConfig-version.cmake
-- Symlinking: /home/ibrahim/Ros_Egitim/Projeler/Robot_Modelleme/robot_modelleme_ws/install/my_robot_bringup/share/my_robot_bringup/package.xml
