[0.252s] Invoking command in '/home/ibrahim/Ros_Egitim/Projeler/Dunya_Modelleme/turtlebot3_ws/build/turtlebot3_gazebo': CMAKE_PREFIX_PATH=${CMAKE_PREFIX_PATH}:/home/ibrahim/ros2_ws/install/simple_py_pkg:/home/ibrahim/Ros_Egitim/Projeler/Turtlesim_Hedef_Konuma_Git/turtlesim_ws/install/turtlesim_py_pkg:/opt/ros/humble /usr/bin/cmake /home/ibrahim/Ros_Egitim/Projeler/Dunya_Modelleme/turtlebot3_ws/src/turtlebot3_gazebo -DAMENT_CMAKE_SYMLINK_INSTALL=1 -DCMAKE_INSTALL_PREFIX=/home/ibrahim/Ros_Egitim/Projeler/Dunya_Modelleme/turtlebot3_ws/install/turtlebot3_gazebo
[0.266s] -- Found ament_cmake: 1.3.11 (/opt/ros/humble/share/ament_cmake/cmake)
[0.375s] -- Override CMake install command with custom implementation using symlinks instead of copying resources
[0.386s] [33mCMake Warning (dev) at /usr/share/cmake-3.22/Modules/FindPackageHandleStandardArgs.cmake:438 (message):
[0.386s]   The package name passed to `find_package_handle_standard_args` (PkgConfig)
[0.386s]   does not match the name of the calling package (gazebo).  This can lead to
[0.386s]   problems in calling code that expects `find_package` result variables
[0.386s]   (e.g., `_FOUND`) to follow a certain pattern.
[0.386s] Call Stack (most recent call first):
[0.386s]   /usr/share/cmake-3.22/Modules/FindPkgConfig.cmake:99 (find_package_handle_standard_args)
[0.386s]   /usr/lib/x86_64-linux-gnu/cmake/gazebo/gazebo-config.cmake:72 (include)
[0.386s]   CMakeLists.txt:23 (find_package)
[0.386s] This warning is for project developers.  Use -Wno-dev to suppress it.
[0.386s] [0m
[0.408s] -- Found DART: /usr/include (Required is at least version "6.6") found components: dart 
[0.436s] -- Found Protobuf: /usr/lib/x86_64-linux-gnu/libprotobuf.so (found version "3.12.4") 
[0.437s] -- Looking for ignition-math6 -- found version 6.15.1
[0.440s] -- Searching for dependencies of ignition-math6
[0.442s] -- Looking for OGRE...
[0.447s] -- Found Ogre Ghadamon (1.9.0)
[0.447s] -- Found OGRE: optimized;/usr/lib/x86_64-linux-gnu/libOgreMain.so;debug;/usr/lib/x86_64-linux-gnu/libOgreMain.so
[0.455s] -- Looking for OGRE_Paging...
[0.455s] -- Found OGRE_Paging: optimized;/usr/lib/x86_64-linux-gnu/libOgrePaging.so;debug;/usr/lib/x86_64-linux-gnu/libOgrePaging.so
[0.455s] -- Looking for OGRE_Terrain...
[0.455s] -- Found OGRE_Terrain: optimized;/usr/lib/x86_64-linux-gnu/libOgreTerrain.so;debug;/usr/lib/x86_64-linux-gnu/libOgreTerrain.so
[0.455s] -- Looking for OGRE_Property...
[0.456s] -- Found OGRE_Property: optimized;/usr/lib/x86_64-linux-gnu/libOgreProperty.so;debug;/usr/lib/x86_64-linux-gnu/libOgreProperty.so
[0.456s] -- Looking for OGRE_RTShaderSystem...
[0.456s] -- Found OGRE_RTShaderSystem: optimized;/usr/lib/x86_64-linux-gnu/libOgreRTShaderSystem.so;debug;/usr/lib/x86_64-linux-gnu/libOgreRTShaderSystem.so
[0.456s] -- Looking for OGRE_Volume...
[0.456s] -- Found OGRE_Volume: optimized;/usr/lib/x86_64-linux-gnu/libOgreVolume.so;debug;/usr/lib/x86_64-linux-gnu/libOgreVolume.so
[0.456s] -- Looking for OGRE_Overlay...
[0.456s] -- Found OGRE_Overlay: optimized;/usr/lib/x86_64-linux-gnu/libOgreOverlay.so;debug;/usr/lib/x86_64-linux-gnu/libOgreOverlay.so
[0.564s] -- Looking for ignition-math6 -- found version 6.15.1
[0.564s] -- Looking for ignition-transport8 -- found version 8.2.1
[0.564s] -- Searching for dependencies of ignition-transport8
[0.584s] -- Found Protobuf: /usr/lib/x86_64-linux-gnu/libprotobuf.so (found suitable version "3.12.4", minimum required is "3") 
[0.596s] -- Config-file not installed for ZeroMQ -- checking for pkg-config
[0.600s] -- Checking for module 'libzmq >= 4'
[0.615s] --   Found libzmq , version 4.3.4
[0.660s] -- Checking for module 'uuid'
[0.675s] --   Found uuid, version 2.37.2
[0.710s] -- Looking for ignition-msgs5 -- found version 5.8.1
[0.710s] -- Searching for dependencies of ignition-msgs5
[0.732s] -- Looking for ignition-math6 -- found version 6.15.1
[0.737s] -- Checking for module 'tinyxml2'
[0.752s] --   Found tinyxml2, version 9.0.0
[0.788s] -- Looking for ignition-msgs5 -- found version 5.8.1
[0.789s] -- Looking for ignition-common3 -- found version 3.14.0
[0.789s] -- Searching for dependencies of ignition-common3
[0.789s] -- Looking for dlfcn.h - found
[0.789s] -- Looking for libdl - found
[0.801s] -- Searching for <ignition-common3> component [graphics]
[0.801s] -- Looking for ignition-common3-graphics -- found version 3.14.0
[0.801s] -- Searching for dependencies of ignition-common3-graphics
[0.801s] -- Looking for ignition-math6 -- found version 6.15.1
[0.802s] -- Looking for ignition-fuel_tools4 -- found version 4.4.0
[0.802s] -- Searching for dependencies of ignition-fuel_tools4
[0.842s] -- Checking for module 'jsoncpp'
[0.855s] --   Found jsoncpp, version 1.9.5
[0.894s] -- Checking for module 'libzip'
[0.908s] --   Found libzip, version 1.7.3
[0.942s] -- Looking for ignition-common3 -- found version 3.14.0
[0.942s] -- Looking for ignition-math6 -- found version 6.15.1
[0.942s] -- Looking for ignition-msgs5 -- found version 5.8.1
[0.943s] -- Found gazebo_ros_pkgs: 3.9.0 (/opt/ros/humble/share/gazebo_ros_pkgs/cmake)
[0.944s] -- Found geometry_msgs: 4.8.0 (/opt/ros/humble/share/geometry_msgs/cmake)
[0.959s] -- Found rosidl_generator_c: 3.1.6 (/opt/ros/humble/share/rosidl_generator_c/cmake)
[0.960s] -- Found rosidl_adapter: 3.1.6 (/opt/ros/humble/share/rosidl_adapter/cmake)
[0.965s] -- Found rosidl_generator_cpp: 3.1.6 (/opt/ros/humble/share/rosidl_generator_cpp/cmake)
[0.973s] -- Using all available rosidl_typesupport_c: rosidl_typesupport_fastrtps_c;rosidl_typesupport_introspection_c
[0.983s] -- Using all available rosidl_typesupport_cpp: rosidl_typesupport_fastrtps_cpp;rosidl_typesupport_introspection_cpp
[1.011s] -- Found nav_msgs: 4.8.0 (/opt/ros/humble/share/nav_msgs/cmake)
[1.023s] -- Found rclcpp: 16.0.12 (/opt/ros/humble/share/rclcpp/cmake)
[1.042s] -- Found rmw_implementation_cmake: 6.1.2 (/opt/ros/humble/share/rmw_implementation_cmake/cmake)
[1.043s] -- Found rmw_fastrtps_cpp: 6.2.7 (/opt/ros/humble/share/rmw_fastrtps_cpp/cmake)
[1.143s] -- Using RMW implementation 'rmw_fastrtps_cpp' as default
[1.171s] -- Found sensor_msgs: 4.8.0 (/opt/ros/humble/share/sensor_msgs/cmake)
[1.183s] -- Found tf2: 0.25.12 (/opt/ros/humble/share/tf2/cmake)
[1.249s] -- Configuring done
[1.280s] -- Generating done
[1.286s] -- Build files have been written to: /home/ibrahim/Ros_Egitim/Projeler/Dunya_Modelleme/turtlebot3_ws/build/turtlebot3_gazebo
