[0.014s] Invoking command in '/home/ibrahim/Ros_Egitim/Projeler/Dunya_Modelleme/turtlebot3_ws/build/turtlebot3_fake_node': CMAKE_PREFIX_PATH=${CMAKE_PREFIX_PATH}:/home/ibrahim/ros2_ws/install/simple_py_pkg:/home/ibrahim/Ros_Egitim/Projeler/Turtlesim_Hedef_Konuma_Git/turtlesim_ws/install/turtlesim_py_pkg:/opt/ros/humble /usr/bin/cmake --build /home/ibrahim/Ros_Egitim/Projeler/Dunya_Modelleme/turtlebot3_ws/build/turtlebot3_fake_node -- -j16 -l16
[0.053s] [35m[1mConsolidate compiler generated dependencies of target turtlebot3_fake_node[0m
[0.070s] [100%] Built target turtlebot3_fake_node
[0.081s] Invoked command in '/home/ibrahim/Ros_Egitim/Projeler/Dunya_Modelleme/turtlebot3_ws/build/turtlebot3_fake_node' returned '0': CMAKE_PREFIX_PATH=${CMAKE_PREFIX_PATH}:/home/ibrahim/ros2_ws/install/simple_py_pkg:/home/ibrahim/Ros_Egitim/Projeler/Turtlesim_Hedef_Konuma_Git/turtlesim_ws/install/turtlesim_py_pkg:/opt/ros/humble /usr/bin/cmake --build /home/ibrahim/Ros_Egitim/Projeler/Dunya_Modelleme/turtlebot3_ws/build/turtlebot3_fake_node -- -j16 -l16
[0.092s] Invoking command in '/home/ibrahim/Ros_Egitim/Projeler/Dunya_Modelleme/turtlebot3_ws/build/turtlebot3_fake_node': CMAKE_PREFIX_PATH=${CMAKE_PREFIX_PATH}:/home/ibrahim/ros2_ws/install/simple_py_pkg:/home/ibrahim/Ros_Egitim/Projeler/Turtlesim_Hedef_Konuma_Git/turtlesim_ws/install/turtlesim_py_pkg:/opt/ros/humble /usr/bin/cmake --install /home/ibrahim/Ros_Egitim/Projeler/Dunya_Modelleme/turtlebot3_ws/build/turtlebot3_fake_node
[0.098s] -- Install configuration: ""
[0.098s] -- Execute custom install script
[0.099s] -- Up-to-date symlink: /home/ibrahim/Ros_Egitim/Projeler/Dunya_Modelleme/turtlebot3_ws/install/turtlebot3_fake_node/lib/turtlebot3_fake_node/turtlebot3_fake_node
[0.099s] -- Up-to-date symlink: /home/ibrahim/Ros_Egitim/Projeler/Dunya_Modelleme/turtlebot3_ws/install/turtlebot3_fake_node/share/turtlebot3_fake_node/launch/rviz2.launch.py
[0.099s] -- Up-to-date symlink: /home/ibrahim/Ros_Egitim/Projeler/Dunya_Modelleme/turtlebot3_ws/install/turtlebot3_fake_node/share/turtlebot3_fake_node/launch/turtlebot3_fake_node.launch.py
[0.099s] -- Up-to-date symlink: /home/ibrahim/Ros_Egitim/Projeler/Dunya_Modelleme/turtlebot3_ws/install/turtlebot3_fake_node/share/turtlebot3_fake_node/param/burger.yaml
[0.099s] -- Up-to-date symlink: /home/ibrahim/Ros_Egitim/Projeler/Dunya_Modelleme/turtlebot3_ws/install/turtlebot3_fake_node/share/turtlebot3_fake_node/param/waffle.yaml
[0.100s] -- Up-to-date symlink: /home/ibrahim/Ros_Egitim/Projeler/Dunya_Modelleme/turtlebot3_ws/install/turtlebot3_fake_node/share/turtlebot3_fake_node/param/waffle_pi.yaml
[0.100s] -- Up-to-date symlink: /home/ibrahim/Ros_Egitim/Projeler/Dunya_Modelleme/turtlebot3_ws/install/turtlebot3_fake_node/include//turtlebot3_fake_node/turtlebot3_fake_node.hpp
[0.100s] -- Up-to-date symlink: /home/ibrahim/Ros_Egitim/Projeler/Dunya_Modelleme/turtlebot3_ws/install/turtlebot3_fake_node/share/ament_index/resource_index/package_run_dependencies/turtlebot3_fake_node
[0.100s] -- Up-to-date symlink: /home/ibrahim/Ros_Egitim/Projeler/Dunya_Modelleme/turtlebot3_ws/install/turtlebot3_fake_node/share/ament_index/resource_index/parent_prefix_path/turtlebot3_fake_node
[0.101s] -- Up-to-date symlink: /home/ibrahim/Ros_Egitim/Projeler/Dunya_Modelleme/turtlebot3_ws/install/turtlebot3_fake_node/share/turtlebot3_fake_node/environment/ament_prefix_path.sh
[0.101s] -- Up-to-date symlink: /home/ibrahim/Ros_Egitim/Projeler/Dunya_Modelleme/turtlebot3_ws/install/turtlebot3_fake_node/share/turtlebot3_fake_node/environment/ament_prefix_path.dsv
[0.101s] -- Up-to-date symlink: /home/ibrahim/Ros_Egitim/Projeler/Dunya_Modelleme/turtlebot3_ws/install/turtlebot3_fake_node/share/turtlebot3_fake_node/environment/path.sh
[0.101s] -- Up-to-date symlink: /home/ibrahim/Ros_Egitim/Projeler/Dunya_Modelleme/turtlebot3_ws/install/turtlebot3_fake_node/share/turtlebot3_fake_node/environment/path.dsv
[0.101s] -- Up-to-date symlink: /home/ibrahim/Ros_Egitim/Projeler/Dunya_Modelleme/turtlebot3_ws/install/turtlebot3_fake_node/share/turtlebot3_fake_node/local_setup.bash
[0.101s] -- Up-to-date symlink: /home/ibrahim/Ros_Egitim/Projeler/Dunya_Modelleme/turtlebot3_ws/install/turtlebot3_fake_node/share/turtlebot3_fake_node/local_setup.sh
[0.101s] -- Up-to-date symlink: /home/ibrahim/Ros_Egitim/Projeler/Dunya_Modelleme/turtlebot3_ws/install/turtlebot3_fake_node/share/turtlebot3_fake_node/local_setup.zsh
[0.101s] -- Up-to-date symlink: /home/ibrahim/Ros_Egitim/Projeler/Dunya_Modelleme/turtlebot3_ws/install/turtlebot3_fake_node/share/turtlebot3_fake_node/local_setup.dsv
[0.101s] -- Symlinking: /home/ibrahim/Ros_Egitim/Projeler/Dunya_Modelleme/turtlebot3_ws/install/turtlebot3_fake_node/share/turtlebot3_fake_node/package.dsv
[0.110s] -- Up-to-date symlink: /home/ibrahim/Ros_Egitim/Projeler/Dunya_Modelleme/turtlebot3_ws/install/turtlebot3_fake_node/share/ament_index/resource_index/packages/turtlebot3_fake_node
[0.110s] -- Up-to-date symlink: /home/ibrahim/Ros_Egitim/Projeler/Dunya_Modelleme/turtlebot3_ws/install/turtlebot3_fake_node/share/turtlebot3_fake_node/cmake/ament_cmake_export_include_directories-extras.cmake
[0.110s] -- Up-to-date symlink: /home/ibrahim/Ros_Egitim/Projeler/Dunya_Modelleme/turtlebot3_ws/install/turtlebot3_fake_node/share/turtlebot3_fake_node/cmake/ament_cmake_export_dependencies-extras.cmake
[0.111s] -- Up-to-date symlink: /home/ibrahim/Ros_Egitim/Projeler/Dunya_Modelleme/turtlebot3_ws/install/turtlebot3_fake_node/share/turtlebot3_fake_node/cmake/turtlebot3_fake_nodeConfig.cmake
[0.111s] -- Up-to-date symlink: /home/ibrahim/Ros_Egitim/Projeler/Dunya_Modelleme/turtlebot3_ws/install/turtlebot3_fake_node/share/turtlebot3_fake_node/cmake/turtlebot3_fake_nodeConfig-version.cmake
[0.111s] -- Up-to-date symlink: /home/ibrahim/Ros_Egitim/Projeler/Dunya_Modelleme/turtlebot3_ws/install/turtlebot3_fake_node/share/turtlebot3_fake_node/package.xml
[0.113s] Invoked command in '/home/ibrahim/Ros_Egitim/Projeler/Dunya_Modelleme/turtlebot3_ws/build/turtlebot3_fake_node' returned '0': CMAKE_PREFIX_PATH=${CMAKE_PREFIX_PATH}:/home/ibrahim/ros2_ws/install/simple_py_pkg:/home/ibrahim/Ros_Egitim/Projeler/Turtlesim_Hedef_Konuma_Git/turtlesim_ws/install/turtlesim_py_pkg:/opt/ros/humble /usr/bin/cmake --install /home/ibrahim/Ros_Egitim/Projeler/Dunya_Modelleme/turtlebot3_ws/build/turtlebot3_fake_node
