[1.323s] Invoking command in '/home/ibrahim/Ros_Egitim/Projeler/Dunya_Modelleme/turtlebot3_ws/src/yanina/turtlebot3/turtlebot3_example': PYTHONPATH=/home/ibrahim/Ros_Egitim/Projeler/Dunya_Modelleme/turtlebot3_ws/build/turtlebot3_example/prefix_override:/usr/lib/python3/dist-packages/colcon_core/task/python/colcon_distutils_commands:/home/ibrahim/Ros_Egitim/Projeler/Dunya_Modelleme/turtlebot3_ws/install/turtlebot3_example/lib/python3.10/site-packages:${PYTHONPATH} /usr/bin/python3 -W ignore:setup.py install is deprecated -W ignore:easy_install command is deprecated setup.py egg_info --egg-base ../../../../build/turtlebot3_example build --build-base /home/ibrahim/Ros_Egitim/Projeler/Dunya_Modelleme/turtlebot3_ws/build/turtlebot3_example/build install --record /home/ibrahim/Ros_Egitim/Projeler/Dunya_Modelleme/turtlebot3_ws/build/turtlebot3_example/install.log --single-version-externally-managed install_data
[1.552s] running egg_info
[1.552s] creating ../../../../build/turtlebot3_example/turtlebot3_example.egg-info
[1.552s] writing ../../../../build/turtlebot3_example/turtlebot3_example.egg-info/PKG-INFO
[1.553s] writing dependency_links to ../../../../build/turtlebot3_example/turtlebot3_example.egg-info/dependency_links.txt
[1.553s] writing entry points to ../../../../build/turtlebot3_example/turtlebot3_example.egg-info/entry_points.txt
[1.553s] writing requirements to ../../../../build/turtlebot3_example/turtlebot3_example.egg-info/requires.txt
[1.553s] writing top-level names to ../../../../build/turtlebot3_example/turtlebot3_example.egg-info/top_level.txt
[1.553s] writing manifest file '../../../../build/turtlebot3_example/turtlebot3_example.egg-info/SOURCES.txt'
[1.555s] reading manifest file '../../../../build/turtlebot3_example/turtlebot3_example.egg-info/SOURCES.txt'
[1.555s] writing manifest file '../../../../build/turtlebot3_example/turtlebot3_example.egg-info/SOURCES.txt'
[1.556s] running build
[1.556s] running build_py
[1.556s] creating /home/ibrahim/Ros_Egitim/Projeler/Dunya_Modelleme/turtlebot3_ws/build/turtlebot3_example/build
[1.556s] creating /home/ibrahim/Ros_Egitim/Projeler/Dunya_Modelleme/turtlebot3_ws/build/turtlebot3_example/build/lib
[1.556s] creating /home/ibrahim/Ros_Egitim/Projeler/Dunya_Modelleme/turtlebot3_ws/build/turtlebot3_example/build/lib/turtlebot3_example
[1.556s] copying turtlebot3_example/__init__.py -> /home/ibrahim/Ros_Egitim/Projeler/Dunya_Modelleme/turtlebot3_ws/build/turtlebot3_example/build/lib/turtlebot3_example
[1.556s] creating /home/ibrahim/Ros_Egitim/Projeler/Dunya_Modelleme/turtlebot3_ws/build/turtlebot3_example/build/lib/turtlebot3_example/turtlebot3_absolute_move
[1.556s] copying turtlebot3_example/turtlebot3_absolute_move/__init__.py -> /home/ibrahim/Ros_Egitim/Projeler/Dunya_Modelleme/turtlebot3_ws/build/turtlebot3_example/build/lib/turtlebot3_example/turtlebot3_absolute_move
[1.556s] copying turtlebot3_example/turtlebot3_absolute_move/turtlebot3_absolute_move.py -> /home/ibrahim/Ros_Egitim/Projeler/Dunya_Modelleme/turtlebot3_ws/build/turtlebot3_example/build/lib/turtlebot3_example/turtlebot3_absolute_move
[1.557s] creating /home/ibrahim/Ros_Egitim/Projeler/Dunya_Modelleme/turtlebot3_ws/build/turtlebot3_example/build/lib/turtlebot3_example/turtlebot3_interactive_marker
[1.557s] copying turtlebot3_example/turtlebot3_interactive_marker/__init__.py -> /home/ibrahim/Ros_Egitim/Projeler/Dunya_Modelleme/turtlebot3_ws/build/turtlebot3_example/build/lib/turtlebot3_example/turtlebot3_interactive_marker
[1.557s] copying turtlebot3_example/turtlebot3_interactive_marker/turtlebot3_interactive_marker.py -> /home/ibrahim/Ros_Egitim/Projeler/Dunya_Modelleme/turtlebot3_ws/build/turtlebot3_example/build/lib/turtlebot3_example/turtlebot3_interactive_marker
[1.557s] creating /home/ibrahim/Ros_Egitim/Projeler/Dunya_Modelleme/turtlebot3_ws/build/turtlebot3_example/build/lib/turtlebot3_example/turtlebot3_patrol
[1.557s] copying turtlebot3_example/turtlebot3_patrol/__init__.py -> /home/ibrahim/Ros_Egitim/Projeler/Dunya_Modelleme/turtlebot3_ws/build/turtlebot3_example/build/lib/turtlebot3_example/turtlebot3_patrol
[1.557s] copying turtlebot3_example/turtlebot3_patrol/turtlebot3_patrol_client.py -> /home/ibrahim/Ros_Egitim/Projeler/Dunya_Modelleme/turtlebot3_ws/build/turtlebot3_example/build/lib/turtlebot3_example/turtlebot3_patrol
[1.557s] copying turtlebot3_example/turtlebot3_patrol/turtlebot3_patrol_server.py -> /home/ibrahim/Ros_Egitim/Projeler/Dunya_Modelleme/turtlebot3_ws/build/turtlebot3_example/build/lib/turtlebot3_example/turtlebot3_patrol
[1.557s] creating /home/ibrahim/Ros_Egitim/Projeler/Dunya_Modelleme/turtlebot3_ws/build/turtlebot3_example/build/lib/turtlebot3_example/turtlebot3_relative_move
[1.557s] copying turtlebot3_example/turtlebot3_relative_move/__init__.py -> /home/ibrahim/Ros_Egitim/Projeler/Dunya_Modelleme/turtlebot3_ws/build/turtlebot3_example/build/lib/turtlebot3_example/turtlebot3_relative_move
[1.557s] copying turtlebot3_example/turtlebot3_relative_move/turtlebot3_relative_move.py -> /home/ibrahim/Ros_Egitim/Projeler/Dunya_Modelleme/turtlebot3_ws/build/turtlebot3_example/build/lib/turtlebot3_example/turtlebot3_relative_move
[1.557s] creating /home/ibrahim/Ros_Egitim/Projeler/Dunya_Modelleme/turtlebot3_ws/build/turtlebot3_example/build/lib/turtlebot3_example/turtlebot3_obstacle_detection
[1.557s] copying turtlebot3_example/turtlebot3_obstacle_detection/__init__.py -> /home/ibrahim/Ros_Egitim/Projeler/Dunya_Modelleme/turtlebot3_ws/build/turtlebot3_example/build/lib/turtlebot3_example/turtlebot3_obstacle_detection
[1.558s] copying turtlebot3_example/turtlebot3_obstacle_detection/turtlebot3_obstacle_detection.py -> /home/ibrahim/Ros_Egitim/Projeler/Dunya_Modelleme/turtlebot3_ws/build/turtlebot3_example/build/lib/turtlebot3_example/turtlebot3_obstacle_detection
[1.558s] running install
[1.558s] running install_lib
[1.559s] creating /home/ibrahim/Ros_Egitim/Projeler/Dunya_Modelleme/turtlebot3_ws/install/turtlebot3_example/lib/python3.10/site-packages/turtlebot3_example
[1.559s] creating /home/ibrahim/Ros_Egitim/Projeler/Dunya_Modelleme/turtlebot3_ws/install/turtlebot3_example/lib/python3.10/site-packages/turtlebot3_example/turtlebot3_absolute_move
[1.559s] copying /home/ibrahim/Ros_Egitim/Projeler/Dunya_Modelleme/turtlebot3_ws/build/turtlebot3_example/build/lib/turtlebot3_example/turtlebot3_absolute_move/__init__.py -> /home/ibrahim/Ros_Egitim/Projeler/Dunya_Modelleme/turtlebot3_ws/install/turtlebot3_example/lib/python3.10/site-packages/turtlebot3_example/turtlebot3_absolute_move
[1.559s] copying /home/ibrahim/Ros_Egitim/Projeler/Dunya_Modelleme/turtlebot3_ws/build/turtlebot3_example/build/lib/turtlebot3_example/turtlebot3_absolute_move/turtlebot3_absolute_move.py -> /home/ibrahim/Ros_Egitim/Projeler/Dunya_Modelleme/turtlebot3_ws/install/turtlebot3_example/lib/python3.10/site-packages/turtlebot3_example/turtlebot3_absolute_move
[1.559s] creating /home/ibrahim/Ros_Egitim/Projeler/Dunya_Modelleme/turtlebot3_ws/install/turtlebot3_example/lib/python3.10/site-packages/turtlebot3_example/turtlebot3_interactive_marker
[1.559s] copying /home/ibrahim/Ros_Egitim/Projeler/Dunya_Modelleme/turtlebot3_ws/build/turtlebot3_example/build/lib/turtlebot3_example/turtlebot3_interactive_marker/__init__.py -> /home/ibrahim/Ros_Egitim/Projeler/Dunya_Modelleme/turtlebot3_ws/install/turtlebot3_example/lib/python3.10/site-packages/turtlebot3_example/turtlebot3_interactive_marker
[1.559s] copying /home/ibrahim/Ros_Egitim/Projeler/Dunya_Modelleme/turtlebot3_ws/build/turtlebot3_example/build/lib/turtlebot3_example/turtlebot3_interactive_marker/turtlebot3_interactive_marker.py -> /home/ibrahim/Ros_Egitim/Projeler/Dunya_Modelleme/turtlebot3_ws/install/turtlebot3_example/lib/python3.10/site-packages/turtlebot3_example/turtlebot3_interactive_marker
[1.560s] creating /home/ibrahim/Ros_Egitim/Projeler/Dunya_Modelleme/turtlebot3_ws/install/turtlebot3_example/lib/python3.10/site-packages/turtlebot3_example/turtlebot3_patrol
[1.560s] copying /home/ibrahim/Ros_Egitim/Projeler/Dunya_Modelleme/turtlebot3_ws/build/turtlebot3_example/build/lib/turtlebot3_example/turtlebot3_patrol/__init__.py -> /home/ibrahim/Ros_Egitim/Projeler/Dunya_Modelleme/turtlebot3_ws/install/turtlebot3_example/lib/python3.10/site-packages/turtlebot3_example/turtlebot3_patrol
[1.560s] copying /home/ibrahim/Ros_Egitim/Projeler/Dunya_Modelleme/turtlebot3_ws/build/turtlebot3_example/build/lib/turtlebot3_example/turtlebot3_patrol/turtlebot3_patrol_client.py -> /home/ibrahim/Ros_Egitim/Projeler/Dunya_Modelleme/turtlebot3_ws/install/turtlebot3_example/lib/python3.10/site-packages/turtlebot3_example/turtlebot3_patrol
[1.560s] copying /home/ibrahim/Ros_Egitim/Projeler/Dunya_Modelleme/turtlebot3_ws/build/turtlebot3_example/build/lib/turtlebot3_example/turtlebot3_patrol/turtlebot3_patrol_server.py -> /home/ibrahim/Ros_Egitim/Projeler/Dunya_Modelleme/turtlebot3_ws/install/turtlebot3_example/lib/python3.10/site-packages/turtlebot3_example/turtlebot3_patrol
[1.560s] copying /home/ibrahim/Ros_Egitim/Projeler/Dunya_Modelleme/turtlebot3_ws/build/turtlebot3_example/build/lib/turtlebot3_example/__init__.py -> /home/ibrahim/Ros_Egitim/Projeler/Dunya_Modelleme/turtlebot3_ws/install/turtlebot3_example/lib/python3.10/site-packages/turtlebot3_example
[1.560s] creating /home/ibrahim/Ros_Egitim/Projeler/Dunya_Modelleme/turtlebot3_ws/install/turtlebot3_example/lib/python3.10/site-packages/turtlebot3_example/turtlebot3_relative_move
[1.560s] copying /home/ibrahim/Ros_Egitim/Projeler/Dunya_Modelleme/turtlebot3_ws/build/turtlebot3_example/build/lib/turtlebot3_example/turtlebot3_relative_move/__init__.py -> /home/ibrahim/Ros_Egitim/Projeler/Dunya_Modelleme/turtlebot3_ws/install/turtlebot3_example/lib/python3.10/site-packages/turtlebot3_example/turtlebot3_relative_move
[1.560s] copying /home/ibrahim/Ros_Egitim/Projeler/Dunya_Modelleme/turtlebot3_ws/build/turtlebot3_example/build/lib/turtlebot3_example/turtlebot3_relative_move/turtlebot3_relative_move.py -> /home/ibrahim/Ros_Egitim/Projeler/Dunya_Modelleme/turtlebot3_ws/install/turtlebot3_example/lib/python3.10/site-packages/turtlebot3_example/turtlebot3_relative_move
[1.560s] creating /home/ibrahim/Ros_Egitim/Projeler/Dunya_Modelleme/turtlebot3_ws/install/turtlebot3_example/lib/python3.10/site-packages/turtlebot3_example/turtlebot3_obstacle_detection
[1.560s] copying /home/ibrahim/Ros_Egitim/Projeler/Dunya_Modelleme/turtlebot3_ws/build/turtlebot3_example/build/lib/turtlebot3_example/turtlebot3_obstacle_detection/__init__.py -> /home/ibrahim/Ros_Egitim/Projeler/Dunya_Modelleme/turtlebot3_ws/install/turtlebot3_example/lib/python3.10/site-packages/turtlebot3_example/turtlebot3_obstacle_detection
[1.560s] copying /home/ibrahim/Ros_Egitim/Projeler/Dunya_Modelleme/turtlebot3_ws/build/turtlebot3_example/build/lib/turtlebot3_example/turtlebot3_obstacle_detection/turtlebot3_obstacle_detection.py -> /home/ibrahim/Ros_Egitim/Projeler/Dunya_Modelleme/turtlebot3_ws/install/turtlebot3_example/lib/python3.10/site-packages/turtlebot3_example/turtlebot3_obstacle_detection
[1.561s] byte-compiling /home/ibrahim/Ros_Egitim/Projeler/Dunya_Modelleme/turtlebot3_ws/install/turtlebot3_example/lib/python3.10/site-packages/turtlebot3_example/turtlebot3_absolute_move/__init__.py to __init__.cpython-310.pyc
[1.561s] byte-compiling /home/ibrahim/Ros_Egitim/Projeler/Dunya_Modelleme/turtlebot3_ws/install/turtlebot3_example/lib/python3.10/site-packages/turtlebot3_example/turtlebot3_absolute_move/turtlebot3_absolute_move.py to turtlebot3_absolute_move.cpython-310.pyc
[1.562s] byte-compiling /home/ibrahim/Ros_Egitim/Projeler/Dunya_Modelleme/turtlebot3_ws/install/turtlebot3_example/lib/python3.10/site-packages/turtlebot3_example/turtlebot3_interactive_marker/__init__.py to __init__.cpython-310.pyc
[1.563s] byte-compiling /home/ibrahim/Ros_Egitim/Projeler/Dunya_Modelleme/turtlebot3_ws/install/turtlebot3_example/lib/python3.10/site-packages/turtlebot3_example/turtlebot3_interactive_marker/turtlebot3_interactive_marker.py to turtlebot3_interactive_marker.cpython-310.pyc
[1.564s] byte-compiling /home/ibrahim/Ros_Egitim/Projeler/Dunya_Modelleme/turtlebot3_ws/install/turtlebot3_example/lib/python3.10/site-packages/turtlebot3_example/turtlebot3_patrol/__init__.py to __init__.cpython-310.pyc
[1.564s] byte-compiling /home/ibrahim/Ros_Egitim/Projeler/Dunya_Modelleme/turtlebot3_ws/install/turtlebot3_example/lib/python3.10/site-packages/turtlebot3_example/turtlebot3_patrol/turtlebot3_patrol_client.py to turtlebot3_patrol_client.cpython-310.pyc
[1.564s] byte-compiling /home/ibrahim/Ros_Egitim/Projeler/Dunya_Modelleme/turtlebot3_ws/install/turtlebot3_example/lib/python3.10/site-packages/turtlebot3_example/turtlebot3_patrol/turtlebot3_patrol_server.py to turtlebot3_patrol_server.cpython-310.pyc
[1.565s] byte-compiling /home/ibrahim/Ros_Egitim/Projeler/Dunya_Modelleme/turtlebot3_ws/install/turtlebot3_example/lib/python3.10/site-packages/turtlebot3_example/__init__.py to __init__.cpython-310.pyc
[1.565s] byte-compiling /home/ibrahim/Ros_Egitim/Projeler/Dunya_Modelleme/turtlebot3_ws/install/turtlebot3_example/lib/python3.10/site-packages/turtlebot3_example/turtlebot3_relative_move/__init__.py to __init__.cpython-310.pyc
[1.565s] byte-compiling /home/ibrahim/Ros_Egitim/Projeler/Dunya_Modelleme/turtlebot3_ws/install/turtlebot3_example/lib/python3.10/site-packages/turtlebot3_example/turtlebot3_relative_move/turtlebot3_relative_move.py to turtlebot3_relative_move.cpython-310.pyc
[1.566s] byte-compiling /home/ibrahim/Ros_Egitim/Projeler/Dunya_Modelleme/turtlebot3_ws/install/turtlebot3_example/lib/python3.10/site-packages/turtlebot3_example/turtlebot3_obstacle_detection/__init__.py to __init__.cpython-310.pyc
[1.566s] byte-compiling /home/ibrahim/Ros_Egitim/Projeler/Dunya_Modelleme/turtlebot3_ws/install/turtlebot3_example/lib/python3.10/site-packages/turtlebot3_example/turtlebot3_obstacle_detection/turtlebot3_obstacle_detection.py to turtlebot3_obstacle_detection.cpython-310.pyc
[1.567s] running install_data
[1.567s] creating /home/ibrahim/Ros_Egitim/Projeler/Dunya_Modelleme/turtlebot3_ws/install/turtlebot3_example/share/ament_index
[1.567s] creating /home/ibrahim/Ros_Egitim/Projeler/Dunya_Modelleme/turtlebot3_ws/install/turtlebot3_example/share/ament_index/resource_index
[1.567s] creating /home/ibrahim/Ros_Egitim/Projeler/Dunya_Modelleme/turtlebot3_ws/install/turtlebot3_example/share/ament_index/resource_index/packages
[1.567s] copying resource/turtlebot3_example -> /home/ibrahim/Ros_Egitim/Projeler/Dunya_Modelleme/turtlebot3_ws/install/turtlebot3_example/share/ament_index/resource_index/packages
[1.567s] copying package.xml -> /home/ibrahim/Ros_Egitim/Projeler/Dunya_Modelleme/turtlebot3_ws/install/turtlebot3_example/share/turtlebot3_example
[1.567s] running install_egg_info
[1.569s] Copying ../../../../build/turtlebot3_example/turtlebot3_example.egg-info to /home/ibrahim/Ros_Egitim/Projeler/Dunya_Modelleme/turtlebot3_ws/install/turtlebot3_example/lib/python3.10/site-packages/turtlebot3_example-2.2.9-py3.10.egg-info
[1.570s] running install_scripts
[1.590s] Installing turtlebot3_absolute_move script to /home/ibrahim/Ros_Egitim/Projeler/Dunya_Modelleme/turtlebot3_ws/install/turtlebot3_example/lib/turtlebot3_example
[1.590s] Installing turtlebot3_interactive_marker script to /home/ibrahim/Ros_Egitim/Projeler/Dunya_Modelleme/turtlebot3_ws/install/turtlebot3_example/lib/turtlebot3_example
[1.590s] Installing turtlebot3_obstacle_detection script to /home/ibrahim/Ros_Egitim/Projeler/Dunya_Modelleme/turtlebot3_ws/install/turtlebot3_example/lib/turtlebot3_example
[1.590s] Installing turtlebot3_patrol_client script to /home/ibrahim/Ros_Egitim/Projeler/Dunya_Modelleme/turtlebot3_ws/install/turtlebot3_example/lib/turtlebot3_example
[1.590s] Installing turtlebot3_patrol_server script to /home/ibrahim/Ros_Egitim/Projeler/Dunya_Modelleme/turtlebot3_ws/install/turtlebot3_example/lib/turtlebot3_example
[1.591s] Installing turtlebot3_relative_move script to /home/ibrahim/Ros_Egitim/Projeler/Dunya_Modelleme/turtlebot3_ws/install/turtlebot3_example/lib/turtlebot3_example
[1.591s] writing list of installed files to '/home/ibrahim/Ros_Egitim/Projeler/Dunya_Modelleme/turtlebot3_ws/build/turtlebot3_example/install.log'
[1.631s] Invoked command in '/home/ibrahim/Ros_Egitim/Projeler/Dunya_Modelleme/turtlebot3_ws/src/yanina/turtlebot3/turtlebot3_example' returned '0': PYTHONPATH=/home/ibrahim/Ros_Egitim/Projeler/Dunya_Modelleme/turtlebot3_ws/build/turtlebot3_example/prefix_override:/usr/lib/python3/dist-packages/colcon_core/task/python/colcon_distutils_commands:/home/ibrahim/Ros_Egitim/Projeler/Dunya_Modelleme/turtlebot3_ws/install/turtlebot3_example/lib/python3.10/site-packages:${PYTHONPATH} /usr/bin/python3 -W ignore:setup.py install is deprecated -W ignore:easy_install command is deprecated setup.py egg_info --egg-base ../../../../build/turtlebot3_example build --build-base /home/ibrahim/Ros_Egitim/Projeler/Dunya_Modelleme/turtlebot3_ws/build/turtlebot3_example/build install --record /home/ibrahim/Ros_Egitim/Projeler/Dunya_Modelleme/turtlebot3_ws/build/turtlebot3_example/install.log --single-version-externally-managed install_data
