[0.013s] Invoking command in '/home/ibrahim/Ros_Egitim/Projeler/Robot_Modelleme/build/my_robot_description': CMAKE_PREFIX_PATH=${CMAKE_PREFIX_PATH}:/home/ibrahim/ros2_ws/install/simple_py_pkg:/home/ibrahim/Ros_Egitim/Projeler/Turtlesim_Hedef_Konuma_Git/turtlesim_ws/install/turtlesim_py_pkg:/opt/ros/humble /usr/bin/cmake /home/ibrahim/Ros_Egitim/Projeler/Robot_Modelleme/src/my_robot_description -DCMAKE_INSTALL_PREFIX=/home/ibrahim/Ros_Egitim/Projeler/Robot_Modelleme/install/my_robot_description
[0.112s] -- The C compiler identification is GNU 11.4.0
[0.190s] -- The CXX compiler identification is GNU 11.4.0
[0.200s] -- Detecting C compiler ABI info
[0.264s] -- Detecting C compiler ABI info - done
[0.269s] -- Check for working C compiler: /usr/bin/cc - skipped
[0.269s] -- Detecting C compile features
[0.270s] -- Detecting C compile features - done
[0.273s] -- Detecting CXX compiler ABI info
[0.348s] -- Detecting CXX compiler ABI info - done
[0.354s] -- Check for working CXX compiler: /usr/bin/c++ - skipped
[0.354s] -- Detecting CXX compile features
[0.355s] -- Detecting CXX compile features - done
[0.361s] -- Found ament_cmake: 1.3.11 (/opt/ros/humble/share/ament_cmake/cmake)
[0.493s] -- Found Python3: /usr/bin/python3 (found version "3.10.12") found components: Interpreter 
[0.589s] -- Found ament_lint_auto: 0.12.12 (/opt/ros/humble/share/ament_lint_auto/cmake)
[0.659s] -- Added test 'lint_cmake' to check CMake code style
[0.660s] -- Added test 'xmllint' to check XML markup files
[0.662s] -- Configuring done
[0.665s] -- Generating done
[0.666s] -- Build files have been written to: /home/ibrahim/Ros_Egitim/Projeler/Robot_Modelleme/build/my_robot_description
[0.671s] Invoked command in '/home/ibrahim/Ros_Egitim/Projeler/Robot_Modelleme/build/my_robot_description' returned '0': CMAKE_PREFIX_PATH=${CMAKE_PREFIX_PATH}:/home/ibrahim/ros2_ws/install/simple_py_pkg:/home/ibrahim/Ros_Egitim/Projeler/Turtlesim_Hedef_Konuma_Git/turtlesim_ws/install/turtlesim_py_pkg:/opt/ros/humble /usr/bin/cmake /home/ibrahim/Ros_Egitim/Projeler/Robot_Modelleme/src/my_robot_description -DCMAKE_INSTALL_PREFIX=/home/ibrahim/Ros_Egitim/Projeler/Robot_Modelleme/install/my_robot_description
[0.672s] Invoking command in '/home/ibrahim/Ros_Egitim/Projeler/Robot_Modelleme/build/my_robot_description': CMAKE_PREFIX_PATH=${CMAKE_PREFIX_PATH}:/home/ibrahim/ros2_ws/install/simple_py_pkg:/home/ibrahim/Ros_Egitim/Projeler/Turtlesim_Hedef_Konuma_Git/turtlesim_ws/install/turtlesim_py_pkg:/opt/ros/humble /usr/bin/cmake --build /home/ibrahim/Ros_Egitim/Projeler/Robot_Modelleme/build/my_robot_description -- -j16 -l16
[0.707s] Invoked command in '/home/ibrahim/Ros_Egitim/Projeler/Robot_Modelleme/build/my_robot_description' returned '0': CMAKE_PREFIX_PATH=${CMAKE_PREFIX_PATH}:/home/ibrahim/ros2_ws/install/simple_py_pkg:/home/ibrahim/Ros_Egitim/Projeler/Turtlesim_Hedef_Konuma_Git/turtlesim_ws/install/turtlesim_py_pkg:/opt/ros/humble /usr/bin/cmake --build /home/ibrahim/Ros_Egitim/Projeler/Robot_Modelleme/build/my_robot_description -- -j16 -l16
[0.716s] Invoking command in '/home/ibrahim/Ros_Egitim/Projeler/Robot_Modelleme/build/my_robot_description': CMAKE_PREFIX_PATH=${CMAKE_PREFIX_PATH}:/home/ibrahim/ros2_ws/install/simple_py_pkg:/home/ibrahim/Ros_Egitim/Projeler/Turtlesim_Hedef_Konuma_Git/turtlesim_ws/install/turtlesim_py_pkg:/opt/ros/humble /usr/bin/cmake --install /home/ibrahim/Ros_Egitim/Projeler/Robot_Modelleme/build/my_robot_description
[0.723s] -- Install configuration: ""
[0.723s] -- Installing: /home/ibrahim/Ros_Egitim/Projeler/Robot_Modelleme/install/my_robot_description/share/my_robot_description//urdf
[0.723s] -- Installing: /home/ibrahim/Ros_Egitim/Projeler/Robot_Modelleme/install/my_robot_description/share/my_robot_description//urdf/my_robot.urdf
[0.723s] -- Installing: /home/ibrahim/Ros_Egitim/Projeler/Robot_Modelleme/install/my_robot_description/share/my_robot_description//launch
[0.723s] -- Installing: /home/ibrahim/Ros_Egitim/Projeler/Robot_Modelleme/install/my_robot_description/share/my_robot_description//rviz
[0.723s] -- Installing: /home/ibrahim/Ros_Egitim/Projeler/Robot_Modelleme/install/my_robot_description/share/ament_index/resource_index/package_run_dependencies/my_robot_description
[0.724s] -- Installing: /home/ibrahim/Ros_Egitim/Projeler/Robot_Modelleme/install/my_robot_description/share/ament_index/resource_index/parent_prefix_path/my_robot_description
[0.724s] -- Installing: /home/ibrahim/Ros_Egitim/Projeler/Robot_Modelleme/install/my_robot_description/share/my_robot_description/environment/ament_prefix_path.sh
[0.724s] -- Installing: /home/ibrahim/Ros_Egitim/Projeler/Robot_Modelleme/install/my_robot_description/share/my_robot_description/environment/ament_prefix_path.dsv
[0.724s] -- Installing: /home/ibrahim/Ros_Egitim/Projeler/Robot_Modelleme/install/my_robot_description/share/my_robot_description/environment/path.sh
[0.724s] -- Installing: /home/ibrahim/Ros_Egitim/Projeler/Robot_Modelleme/install/my_robot_description/share/my_robot_description/environment/path.dsv
[0.724s] -- Installing: /home/ibrahim/Ros_Egitim/Projeler/Robot_Modelleme/install/my_robot_description/share/my_robot_description/local_setup.bash
[0.724s] -- Installing: /home/ibrahim/Ros_Egitim/Projeler/Robot_Modelleme/install/my_robot_description/share/my_robot_description/local_setup.sh
[0.725s] -- Installing: /home/ibrahim/Ros_Egitim/Projeler/Robot_Modelleme/install/my_robot_description/share/my_robot_description/local_setup.zsh
[0.725s] -- Installing: /home/ibrahim/Ros_Egitim/Projeler/Robot_Modelleme/install/my_robot_description/share/my_robot_description/local_setup.dsv
[0.725s] -- Installing: /home/ibrahim/Ros_Egitim/Projeler/Robot_Modelleme/install/my_robot_description/share/my_robot_description/package.dsv
[0.725s] -- Installing: /home/ibrahim/Ros_Egitim/Projeler/Robot_Modelleme/install/my_robot_description/share/ament_index/resource_index/packages/my_robot_description
[0.725s] -- Installing: /home/ibrahim/Ros_Egitim/Projeler/Robot_Modelleme/install/my_robot_description/share/my_robot_description/cmake/my_robot_descriptionConfig.cmake
[0.725s] -- Installing: /home/ibrahim/Ros_Egitim/Projeler/Robot_Modelleme/install/my_robot_description/share/my_robot_description/cmake/my_robot_descriptionConfig-version.cmake
[0.725s] -- Installing: /home/ibrahim/Ros_Egitim/Projeler/Robot_Modelleme/install/my_robot_description/share/my_robot_description/package.xml
[0.728s] Invoked command in '/home/ibrahim/Ros_Egitim/Projeler/Robot_Modelleme/build/my_robot_description' returned '0': CMAKE_PREFIX_PATH=${CMAKE_PREFIX_PATH}:/home/ibrahim/ros2_ws/install/simple_py_pkg:/home/ibrahim/Ros_Egitim/Projeler/Turtlesim_Hedef_Konuma_Git/turtlesim_ws/install/turtlesim_py_pkg:/opt/ros/humble /usr/bin/cmake --install /home/ibrahim/Ros_Egitim/Projeler/Robot_Modelleme/build/my_robot_description
