[0.008s] Invoking command in '/home/ibrahim/Ros_Egitim/Projeler/Robot_Modelle/ros2_ws/build/my_robot_bringup': CMAKE_PREFIX_PATH=/home/ibrahim/Ros_Egitim/Projeler/Robot_Modelle/ros2_ws/install/my_robot_description:/home/ibrahim/Ros_Egitim/Projeler/Robot_Modelle/ros2_ws/install/my_robot_bringup:/home/ibrahim/ros2_ws/install/simple_robot_description:/home/ibrahim/ros2_ws/install/simple_py_pkg:/home/ibrahim/Ros_Egitim/Projeler/Turtlesim_Hedef_Konuma_Git/turtlesim_ws/install/turtlesim_py_pkg:/opt/ros/humble /usr/bin/cmake /home/ibrahim/Ros_Egitim/Projeler/Robot_Modelle/ros2_ws/src/my_robot_bringup -DAMENT_CMAKE_SYMLINK_INSTALL=1 -DCMAKE_INSTALL_PREFIX=/home/ibrahim/Ros_Egitim/Projeler/Robot_Modelle/ros2_ws/install/my_robot_bringup
[0.020s] -- Found ament_cmake: 1.3.11 (/opt/ros/humble/share/ament_cmake/cmake)
[0.133s] -- Override CMake install command with custom implementation using symlinks instead of copying resources
[0.139s] -- Found ament_lint_auto: 0.12.12 (/opt/ros/humble/share/ament_lint_auto/cmake)
[0.205s] -- Added test 'lint_cmake' to check CMake code style
[0.206s] -- Added test 'xmllint' to check XML markup files
[0.207s] -- Configuring done
[0.212s] -- Generating done
[0.213s] -- Build files have been written to: /home/ibrahim/Ros_Egitim/Projeler/Robot_Modelle/ros2_ws/build/my_robot_bringup
[0.216s] Invoked command in '/home/ibrahim/Ros_Egitim/Projeler/Robot_Modelle/ros2_ws/build/my_robot_bringup' returned '0': CMAKE_PREFIX_PATH=/home/ibrahim/Ros_Egitim/Projeler/Robot_Modelle/ros2_ws/install/my_robot_description:/home/ibrahim/Ros_Egitim/Projeler/Robot_Modelle/ros2_ws/install/my_robot_bringup:/home/ibrahim/ros2_ws/install/simple_robot_description:/home/ibrahim/ros2_ws/install/simple_py_pkg:/home/ibrahim/Ros_Egitim/Projeler/Turtlesim_Hedef_Konuma_Git/turtlesim_ws/install/turtlesim_py_pkg:/opt/ros/humble /usr/bin/cmake /home/ibrahim/Ros_Egitim/Projeler/Robot_Modelle/ros2_ws/src/my_robot_bringup -DAMENT_CMAKE_SYMLINK_INSTALL=1 -DCMAKE_INSTALL_PREFIX=/home/ibrahim/Ros_Egitim/Projeler/Robot_Modelle/ros2_ws/install/my_robot_bringup
[0.217s] Invoking command in '/home/ibrahim/Ros_Egitim/Projeler/Robot_Modelle/ros2_ws/build/my_robot_bringup': CMAKE_PREFIX_PATH=/home/ibrahim/Ros_Egitim/Projeler/Robot_Modelle/ros2_ws/install/my_robot_description:/home/ibrahim/Ros_Egitim/Projeler/Robot_Modelle/ros2_ws/install/my_robot_bringup:/home/ibrahim/ros2_ws/install/simple_robot_description:/home/ibrahim/ros2_ws/install/simple_py_pkg:/home/ibrahim/Ros_Egitim/Projeler/Turtlesim_Hedef_Konuma_Git/turtlesim_ws/install/turtlesim_py_pkg:/opt/ros/humble /usr/bin/cmake --build /home/ibrahim/Ros_Egitim/Projeler/Robot_Modelle/ros2_ws/build/my_robot_bringup -- -j16 -l16
[0.254s] Invoked command in '/home/ibrahim/Ros_Egitim/Projeler/Robot_Modelle/ros2_ws/build/my_robot_bringup' returned '0': CMAKE_PREFIX_PATH=/home/ibrahim/Ros_Egitim/Projeler/Robot_Modelle/ros2_ws/install/my_robot_description:/home/ibrahim/Ros_Egitim/Projeler/Robot_Modelle/ros2_ws/install/my_robot_bringup:/home/ibrahim/ros2_ws/install/simple_robot_description:/home/ibrahim/ros2_ws/install/simple_py_pkg:/home/ibrahim/Ros_Egitim/Projeler/Turtlesim_Hedef_Konuma_Git/turtlesim_ws/install/turtlesim_py_pkg:/opt/ros/humble /usr/bin/cmake --build /home/ibrahim/Ros_Egitim/Projeler/Robot_Modelle/ros2_ws/build/my_robot_bringup -- -j16 -l16
[0.255s] Invoking command in '/home/ibrahim/Ros_Egitim/Projeler/Robot_Modelle/ros2_ws/build/my_robot_bringup': CMAKE_PREFIX_PATH=/home/ibrahim/Ros_Egitim/Projeler/Robot_Modelle/ros2_ws/install/my_robot_description:/home/ibrahim/Ros_Egitim/Projeler/Robot_Modelle/ros2_ws/install/my_robot_bringup:/home/ibrahim/ros2_ws/install/simple_robot_description:/home/ibrahim/ros2_ws/install/simple_py_pkg:/home/ibrahim/Ros_Egitim/Projeler/Turtlesim_Hedef_Konuma_Git/turtlesim_ws/install/turtlesim_py_pkg:/opt/ros/humble /usr/bin/cmake --install /home/ibrahim/Ros_Egitim/Projeler/Robot_Modelle/ros2_ws/build/my_robot_bringup
[0.262s] -- Install configuration: ""
[0.262s] -- Execute custom install script
[0.263s] -- Symlinking: /home/ibrahim/Ros_Egitim/Projeler/Robot_Modelle/ros2_ws/install/my_robot_bringup/share/my_robot_bringup//launch/my_robot_gazebo.launch.xml
[0.271s] -- Symlinking: /home/ibrahim/Ros_Egitim/Projeler/Robot_Modelle/ros2_ws/install/my_robot_bringup/share/my_robot_bringup//rviz/urdf_config.rviz
[0.279s] -- Symlinking: /home/ibrahim/Ros_Egitim/Projeler/Robot_Modelle/ros2_ws/install/my_robot_bringup/share/ament_index/resource_index/package_run_dependencies/my_robot_bringup
[0.289s] -- Symlinking: /home/ibrahim/Ros_Egitim/Projeler/Robot_Modelle/ros2_ws/install/my_robot_bringup/share/ament_index/resource_index/parent_prefix_path/my_robot_bringup
[0.303s] -- Symlinking: /home/ibrahim/Ros_Egitim/Projeler/Robot_Modelle/ros2_ws/install/my_robot_bringup/share/my_robot_bringup/environment/ament_prefix_path.sh
[0.311s] -- Symlinking: /home/ibrahim/Ros_Egitim/Projeler/Robot_Modelle/ros2_ws/install/my_robot_bringup/share/my_robot_bringup/environment/ament_prefix_path.dsv
[0.320s] -- Symlinking: /home/ibrahim/Ros_Egitim/Projeler/Robot_Modelle/ros2_ws/install/my_robot_bringup/share/my_robot_bringup/environment/path.sh
[0.335s] -- Symlinking: /home/ibrahim/Ros_Egitim/Projeler/Robot_Modelle/ros2_ws/install/my_robot_bringup/share/my_robot_bringup/environment/path.dsv
[0.343s] -- Symlinking: /home/ibrahim/Ros_Egitim/Projeler/Robot_Modelle/ros2_ws/install/my_robot_bringup/share/my_robot_bringup/local_setup.bash
[0.351s] -- Symlinking: /home/ibrahim/Ros_Egitim/Projeler/Robot_Modelle/ros2_ws/install/my_robot_bringup/share/my_robot_bringup/local_setup.sh
[0.360s] -- Symlinking: /home/ibrahim/Ros_Egitim/Projeler/Robot_Modelle/ros2_ws/install/my_robot_bringup/share/my_robot_bringup/local_setup.zsh
[0.368s] -- Symlinking: /home/ibrahim/Ros_Egitim/Projeler/Robot_Modelle/ros2_ws/install/my_robot_bringup/share/my_robot_bringup/local_setup.dsv
[0.377s] -- Symlinking: /home/ibrahim/Ros_Egitim/Projeler/Robot_Modelle/ros2_ws/install/my_robot_bringup/share/my_robot_bringup/package.dsv
[0.385s] -- Symlinking: /home/ibrahim/Ros_Egitim/Projeler/Robot_Modelle/ros2_ws/install/my_robot_bringup/share/ament_index/resource_index/packages/my_robot_bringup
[0.400s] -- Symlinking: /home/ibrahim/Ros_Egitim/Projeler/Robot_Modelle/ros2_ws/install/my_robot_bringup/share/my_robot_bringup/cmake/my_robot_bringupConfig.cmake
[0.409s] -- Symlinking: /home/ibrahim/Ros_Egitim/Projeler/Robot_Modelle/ros2_ws/install/my_robot_bringup/share/my_robot_bringup/cmake/my_robot_bringupConfig-version.cmake
[0.418s] -- Symlinking: /home/ibrahim/Ros_Egitim/Projeler/Robot_Modelle/ros2_ws/install/my_robot_bringup/share/my_robot_bringup/package.xml
[0.428s] Invoked command in '/home/ibrahim/Ros_Egitim/Projeler/Robot_Modelle/ros2_ws/build/my_robot_bringup' returned '0': CMAKE_PREFIX_PATH=/home/ibrahim/Ros_Egitim/Projeler/Robot_Modelle/ros2_ws/install/my_robot_description:/home/ibrahim/Ros_Egitim/Projeler/Robot_Modelle/ros2_ws/install/my_robot_bringup:/home/ibrahim/ros2_ws/install/simple_robot_description:/home/ibrahim/ros2_ws/install/simple_py_pkg:/home/ibrahim/Ros_Egitim/Projeler/Turtlesim_Hedef_Konuma_Git/turtlesim_ws/install/turtlesim_py_pkg:/opt/ros/humble /usr/bin/cmake --install /home/ibrahim/Ros_Egitim/Projeler/Robot_Modelle/ros2_ws/build/my_robot_bringup
