[0.971s] Invoking command in '/home/ibrahim/Ros_Egitim/Projeler/Dunya_Modelleme/turtlebot3_ws/src/yanina/turtlebot3/turtlebot3_example': PYTHONPATH=/home/ibrahim/Ros_Egitim/Projeler/Dunya_Modelleme/turtlebot3_ws/build/turtlebot3_example/prefix_override:/usr/lib/python3/dist-packages/colcon_core/task/python/colcon_distutils_commands:/home/ibrahim/Ros_Egitim/Projeler/Dunya_Modelleme/turtlebot3_ws/install/turtlebot3_example/lib/python3.10/site-packages:${PYTHONPATH} /usr/bin/python3 -W ignore:setup.py install is deprecated -W ignore:easy_install command is deprecated setup.py egg_info --egg-base ../../../../build/turtlebot3_example build --build-base /home/ibrahim/Ros_Egitim/Projeler/Dunya_Modelleme/turtlebot3_ws/build/turtlebot3_example/build install --record /home/ibrahim/Ros_Egitim/Projeler/Dunya_Modelleme/turtlebot3_ws/build/turtlebot3_example/install.log --single-version-externally-managed install_data
[1.182s] running egg_info
[1.183s] writing ../../../../build/turtlebot3_example/turtlebot3_example.egg-info/PKG-INFO
[1.183s] writing dependency_links to ../../../../build/turtlebot3_example/turtlebot3_example.egg-info/dependency_links.txt
[1.183s] writing entry points to ../../../../build/turtlebot3_example/turtlebot3_example.egg-info/entry_points.txt
[1.183s] writing requirements to ../../../../build/turtlebot3_example/turtlebot3_example.egg-info/requires.txt
[1.183s] writing top-level names to ../../../../build/turtlebot3_example/turtlebot3_example.egg-info/top_level.txt
[1.185s] reading manifest file '../../../../build/turtlebot3_example/turtlebot3_example.egg-info/SOURCES.txt'
[1.186s] writing manifest file '../../../../build/turtlebot3_example/turtlebot3_example.egg-info/SOURCES.txt'
[1.186s] running build
[1.186s] running build_py
[1.187s] running install
[1.187s] running install_lib
[1.189s] running install_data
[1.189s] running install_egg_info
[1.191s] removing '/home/ibrahim/Ros_Egitim/Projeler/Dunya_Modelleme/turtlebot3_ws/install/turtlebot3_example/lib/python3.10/site-packages/turtlebot3_example-2.2.9-py3.10.egg-info' (and everything under it)
[1.191s] Copying ../../../../build/turtlebot3_example/turtlebot3_example.egg-info to /home/ibrahim/Ros_Egitim/Projeler/Dunya_Modelleme/turtlebot3_ws/install/turtlebot3_example/lib/python3.10/site-packages/turtlebot3_example-2.2.9-py3.10.egg-info
[1.192s] running install_scripts
[1.210s] Installing turtlebot3_absolute_move script to /home/ibrahim/Ros_Egitim/Projeler/Dunya_Modelleme/turtlebot3_ws/install/turtlebot3_example/lib/turtlebot3_example
[1.210s] Installing turtlebot3_interactive_marker script to /home/ibrahim/Ros_Egitim/Projeler/Dunya_Modelleme/turtlebot3_ws/install/turtlebot3_example/lib/turtlebot3_example
[1.210s] Installing turtlebot3_obstacle_detection script to /home/ibrahim/Ros_Egitim/Projeler/Dunya_Modelleme/turtlebot3_ws/install/turtlebot3_example/lib/turtlebot3_example
[1.210s] Installing turtlebot3_patrol_client script to /home/ibrahim/Ros_Egitim/Projeler/Dunya_Modelleme/turtlebot3_ws/install/turtlebot3_example/lib/turtlebot3_example
[1.210s] Installing turtlebot3_patrol_server script to /home/ibrahim/Ros_Egitim/Projeler/Dunya_Modelleme/turtlebot3_ws/install/turtlebot3_example/lib/turtlebot3_example
[1.210s] Installing turtlebot3_relative_move script to /home/ibrahim/Ros_Egitim/Projeler/Dunya_Modelleme/turtlebot3_ws/install/turtlebot3_example/lib/turtlebot3_example
[1.211s] writing list of installed files to '/home/ibrahim/Ros_Egitim/Projeler/Dunya_Modelleme/turtlebot3_ws/build/turtlebot3_example/install.log'
[1.246s] Invoked command in '/home/ibrahim/Ros_Egitim/Projeler/Dunya_Modelleme/turtlebot3_ws/src/yanina/turtlebot3/turtlebot3_example' returned '0': PYTHONPATH=/home/ibrahim/Ros_Egitim/Projeler/Dunya_Modelleme/turtlebot3_ws/build/turtlebot3_example/prefix_override:/usr/lib/python3/dist-packages/colcon_core/task/python/colcon_distutils_commands:/home/ibrahim/Ros_Egitim/Projeler/Dunya_Modelleme/turtlebot3_ws/install/turtlebot3_example/lib/python3.10/site-packages:${PYTHONPATH} /usr/bin/python3 -W ignore:setup.py install is deprecated -W ignore:easy_install command is deprecated setup.py egg_info --egg-base ../../../../build/turtlebot3_example build --build-base /home/ibrahim/Ros_Egitim/Projeler/Dunya_Modelleme/turtlebot3_ws/build/turtlebot3_example/build install --record /home/ibrahim/Ros_Egitim/Projeler/Dunya_Modelleme/turtlebot3_ws/build/turtlebot3_example/install.log --single-version-externally-managed install_data
