[0.039s] Invoking command in '/home/ibrahim/Ros_Egitim/Projeler/Dunya_Modelleme/turtlebot3_ws/build/turtlebot3_cartographer': CMAKE_PREFIX_PATH=${CMAKE_PREFIX_PATH}:/home/ibrahim/ros2_ws/install/simple_py_pkg:/home/ibrahim/Ros_Egitim/Projeler/Turtlesim_Hedef_Konuma_Git/turtlesim_ws/install/turtlesim_py_pkg:/opt/ros/humble /usr/bin/cmake /home/ibrahim/Ros_Egitim/Projeler/Dunya_Modelleme/turtlebot3_ws/src/yanina/turtlebot3/turtlebot3_cartographer -DCMAKE_INSTALL_PREFIX=/home/ibrahim/Ros_Egitim/Projeler/Dunya_Modelleme/turtlebot3_ws/install/turtlebot3_cartographer
[0.425s] -- The C compiler identification is GNU 11.4.0
[0.426s] -- The CXX compiler identification is GNU 11.4.0
[0.426s] -- Detecting C compiler ABI info
[0.427s] -- Detecting C compiler ABI info - done
[0.427s] -- Check for working C compiler: /usr/bin/cc - skipped
[0.427s] -- Detecting C compile features
[0.428s] -- Detecting C compile features - done
[0.428s] -- Detecting CXX compiler ABI info
[0.443s] -- Detecting CXX compiler ABI info - done
[0.452s] -- Check for working CXX compiler: /usr/bin/c++ - skipped
[0.452s] -- Detecting CXX compile features
[0.452s] -- Detecting CXX compile features - done
[0.455s] -- Found ament_cmake: 1.3.11 (/opt/ros/humble/share/ament_cmake/cmake)
[0.649s] -- Found Python3: /usr/bin/python3 (found version "3.10.12") found components: Interpreter 
[0.853s] -- Configuring done
[0.860s] -- Generating done
[0.862s] -- Build files have been written to: /home/ibrahim/Ros_Egitim/Projeler/Dunya_Modelleme/turtlebot3_ws/build/turtlebot3_cartographer
[0.881s] Invoked command in '/home/ibrahim/Ros_Egitim/Projeler/Dunya_Modelleme/turtlebot3_ws/build/turtlebot3_cartographer' returned '0': CMAKE_PREFIX_PATH=${CMAKE_PREFIX_PATH}:/home/ibrahim/ros2_ws/install/simple_py_pkg:/home/ibrahim/Ros_Egitim/Projeler/Turtlesim_Hedef_Konuma_Git/turtlesim_ws/install/turtlesim_py_pkg:/opt/ros/humble /usr/bin/cmake /home/ibrahim/Ros_Egitim/Projeler/Dunya_Modelleme/turtlebot3_ws/src/yanina/turtlebot3/turtlebot3_cartographer -DCMAKE_INSTALL_PREFIX=/home/ibrahim/Ros_Egitim/Projeler/Dunya_Modelleme/turtlebot3_ws/install/turtlebot3_cartographer
[0.882s] Invoking command in '/home/ibrahim/Ros_Egitim/Projeler/Dunya_Modelleme/turtlebot3_ws/build/turtlebot3_cartographer': CMAKE_PREFIX_PATH=${CMAKE_PREFIX_PATH}:/home/ibrahim/ros2_ws/install/simple_py_pkg:/home/ibrahim/Ros_Egitim/Projeler/Turtlesim_Hedef_Konuma_Git/turtlesim_ws/install/turtlesim_py_pkg:/opt/ros/humble /usr/bin/cmake --build /home/ibrahim/Ros_Egitim/Projeler/Dunya_Modelleme/turtlebot3_ws/build/turtlebot3_cartographer -- -j16 -l16
[1.005s] Invoked command in '/home/ibrahim/Ros_Egitim/Projeler/Dunya_Modelleme/turtlebot3_ws/build/turtlebot3_cartographer' returned '0': CMAKE_PREFIX_PATH=${CMAKE_PREFIX_PATH}:/home/ibrahim/ros2_ws/install/simple_py_pkg:/home/ibrahim/Ros_Egitim/Projeler/Turtlesim_Hedef_Konuma_Git/turtlesim_ws/install/turtlesim_py_pkg:/opt/ros/humble /usr/bin/cmake --build /home/ibrahim/Ros_Egitim/Projeler/Dunya_Modelleme/turtlebot3_ws/build/turtlebot3_cartographer -- -j16 -l16
[1.007s] Invoking command in '/home/ibrahim/Ros_Egitim/Projeler/Dunya_Modelleme/turtlebot3_ws/build/turtlebot3_cartographer': CMAKE_PREFIX_PATH=${CMAKE_PREFIX_PATH}:/home/ibrahim/ros2_ws/install/simple_py_pkg:/home/ibrahim/Ros_Egitim/Projeler/Turtlesim_Hedef_Konuma_Git/turtlesim_ws/install/turtlesim_py_pkg:/opt/ros/humble /usr/bin/cmake --install /home/ibrahim/Ros_Egitim/Projeler/Dunya_Modelleme/turtlebot3_ws/build/turtlebot3_cartographer
[1.022s] -- Install configuration: ""
[1.022s] -- Installing: /home/ibrahim/Ros_Egitim/Projeler/Dunya_Modelleme/turtlebot3_ws/install/turtlebot3_cartographer/share/turtlebot3_cartographer/config
[1.022s] -- Installing: /home/ibrahim/Ros_Egitim/Projeler/Dunya_Modelleme/turtlebot3_ws/install/turtlebot3_cartographer/share/turtlebot3_cartographer/config/turtlebot3_lds_2d.lua
[1.024s] -- Installing: /home/ibrahim/Ros_Egitim/Projeler/Dunya_Modelleme/turtlebot3_ws/install/turtlebot3_cartographer/share/turtlebot3_cartographer/launch
[1.024s] -- Installing: /home/ibrahim/Ros_Egitim/Projeler/Dunya_Modelleme/turtlebot3_ws/install/turtlebot3_cartographer/share/turtlebot3_cartographer/launch/cartographer.launch.py
[1.024s] -- Installing: /home/ibrahim/Ros_Egitim/Projeler/Dunya_Modelleme/turtlebot3_ws/install/turtlebot3_cartographer/share/turtlebot3_cartographer/launch/occupancy_grid.launch.py
[1.024s] -- Installing: /home/ibrahim/Ros_Egitim/Projeler/Dunya_Modelleme/turtlebot3_ws/install/turtlebot3_cartographer/share/turtlebot3_cartographer/rviz
[1.024s] -- Installing: /home/ibrahim/Ros_Egitim/Projeler/Dunya_Modelleme/turtlebot3_ws/install/turtlebot3_cartographer/share/turtlebot3_cartographer/rviz/tb3_cartographer.rviz
[1.024s] -- Installing: /home/ibrahim/Ros_Egitim/Projeler/Dunya_Modelleme/turtlebot3_ws/install/turtlebot3_cartographer/share/ament_index/resource_index/package_run_dependencies/turtlebot3_cartographer
[1.024s] -- Installing: /home/ibrahim/Ros_Egitim/Projeler/Dunya_Modelleme/turtlebot3_ws/install/turtlebot3_cartographer/share/ament_index/resource_index/parent_prefix_path/turtlebot3_cartographer
[1.025s] -- Installing: /home/ibrahim/Ros_Egitim/Projeler/Dunya_Modelleme/turtlebot3_ws/install/turtlebot3_cartographer/share/turtlebot3_cartographer/environment/ament_prefix_path.sh
[1.025s] -- Installing: /home/ibrahim/Ros_Egitim/Projeler/Dunya_Modelleme/turtlebot3_ws/install/turtlebot3_cartographer/share/turtlebot3_cartographer/environment/ament_prefix_path.dsv
[1.025s] -- Installing: /home/ibrahim/Ros_Egitim/Projeler/Dunya_Modelleme/turtlebot3_ws/install/turtlebot3_cartographer/share/turtlebot3_cartographer/environment/path.sh
[1.025s] -- Installing: /home/ibrahim/Ros_Egitim/Projeler/Dunya_Modelleme/turtlebot3_ws/install/turtlebot3_cartographer/share/turtlebot3_cartographer/environment/path.dsv
[1.025s] -- Installing: /home/ibrahim/Ros_Egitim/Projeler/Dunya_Modelleme/turtlebot3_ws/install/turtlebot3_cartographer/share/turtlebot3_cartographer/local_setup.bash
[1.025s] -- Installing: /home/ibrahim/Ros_Egitim/Projeler/Dunya_Modelleme/turtlebot3_ws/install/turtlebot3_cartographer/share/turtlebot3_cartographer/local_setup.sh
[1.025s] -- Installing: /home/ibrahim/Ros_Egitim/Projeler/Dunya_Modelleme/turtlebot3_ws/install/turtlebot3_cartographer/share/turtlebot3_cartographer/local_setup.zsh
[1.025s] -- Installing: /home/ibrahim/Ros_Egitim/Projeler/Dunya_Modelleme/turtlebot3_ws/install/turtlebot3_cartographer/share/turtlebot3_cartographer/local_setup.dsv
[1.025s] -- Installing: /home/ibrahim/Ros_Egitim/Projeler/Dunya_Modelleme/turtlebot3_ws/install/turtlebot3_cartographer/share/turtlebot3_cartographer/package.dsv
[1.025s] -- Installing: /home/ibrahim/Ros_Egitim/Projeler/Dunya_Modelleme/turtlebot3_ws/install/turtlebot3_cartographer/share/ament_index/resource_index/packages/turtlebot3_cartographer
[1.026s] -- Installing: /home/ibrahim/Ros_Egitim/Projeler/Dunya_Modelleme/turtlebot3_ws/install/turtlebot3_cartographer/share/turtlebot3_cartographer/cmake/turtlebot3_cartographerConfig.cmake
[1.026s] -- Installing: /home/ibrahim/Ros_Egitim/Projeler/Dunya_Modelleme/turtlebot3_ws/install/turtlebot3_cartographer/share/turtlebot3_cartographer/cmake/turtlebot3_cartographerConfig-version.cmake
[1.026s] -- Installing: /home/ibrahim/Ros_Egitim/Projeler/Dunya_Modelleme/turtlebot3_ws/install/turtlebot3_cartographer/share/turtlebot3_cartographer/package.xml
[1.034s] Invoked command in '/home/ibrahim/Ros_Egitim/Projeler/Dunya_Modelleme/turtlebot3_ws/build/turtlebot3_cartographer' returned '0': CMAKE_PREFIX_PATH=${CMAKE_PREFIX_PATH}:/home/ibrahim/ros2_ws/install/simple_py_pkg:/home/ibrahim/Ros_Egitim/Projeler/Turtlesim_Hedef_Konuma_Git/turtlesim_ws/install/turtlesim_py_pkg:/opt/ros/humble /usr/bin/cmake --install /home/ibrahim/Ros_Egitim/Projeler/Dunya_Modelleme/turtlebot3_ws/build/turtlebot3_cartographer
