[0.010s] Invoking command in '/home/ibrahim/Ros_Egitim/Projeler/Robot_Modelleme/robot_modelleme_ws/build/my_robot_description': CMAKE_PREFIX_PATH=${CMAKE_PREFIX_PATH}:/home/ibrahim/ros2_ws/install/simple_py_pkg:/home/ibrahim/Ros_Egitim/Projeler/Turtlesim_Hedef_Konuma_Git/turtlesim_ws/install/turtlesim_py_pkg:/opt/ros/humble /usr/bin/cmake /home/ibrahim/Ros_Egitim/Projeler/Robot_Modelleme/robot_modelleme_ws/src/my_robot_description -DAMENT_CMAKE_SYMLINK_INSTALL=1 -DCMAKE_INSTALL_PREFIX=/home/ibrahim/Ros_Egitim/Projeler/Robot_Modelleme/robot_modelleme_ws/install/my_robot_description
[0.021s] -- Found ament_cmake: 1.3.11 (/opt/ros/humble/share/ament_cmake/cmake)
[0.122s] -- Override CMake install command with custom implementation using symlinks instead of copying resources
[0.127s] -- Found ament_lint_auto: 0.12.12 (/opt/ros/humble/share/ament_lint_auto/cmake)
[0.187s] -- Added test 'flake8' to check Python code syntax and style conventions
[0.188s] -- Added test 'lint_cmake' to check CMake code style
[0.189s] -- Added test 'pep257' to check Python code against some of the docstring style conventions in PEP 257
[0.192s] -- Added test 'xmllint' to check XML markup files
[0.192s] -- Configuring done
[0.196s] -- Generating done
[0.198s] -- Build files have been written to: /home/ibrahim/Ros_Egitim/Projeler/Robot_Modelleme/robot_modelleme_ws/build/my_robot_description
[0.201s] Invoked command in '/home/ibrahim/Ros_Egitim/Projeler/Robot_Modelleme/robot_modelleme_ws/build/my_robot_description' returned '0': CMAKE_PREFIX_PATH=${CMAKE_PREFIX_PATH}:/home/ibrahim/ros2_ws/install/simple_py_pkg:/home/ibrahim/Ros_Egitim/Projeler/Turtlesim_Hedef_Konuma_Git/turtlesim_ws/install/turtlesim_py_pkg:/opt/ros/humble /usr/bin/cmake /home/ibrahim/Ros_Egitim/Projeler/Robot_Modelleme/robot_modelleme_ws/src/my_robot_description -DAMENT_CMAKE_SYMLINK_INSTALL=1 -DCMAKE_INSTALL_PREFIX=/home/ibrahim/Ros_Egitim/Projeler/Robot_Modelleme/robot_modelleme_ws/install/my_robot_description
[0.203s] Invoking command in '/home/ibrahim/Ros_Egitim/Projeler/Robot_Modelleme/robot_modelleme_ws/build/my_robot_description': CMAKE_PREFIX_PATH=${CMAKE_PREFIX_PATH}:/home/ibrahim/ros2_ws/install/simple_py_pkg:/home/ibrahim/Ros_Egitim/Projeler/Turtlesim_Hedef_Konuma_Git/turtlesim_ws/install/turtlesim_py_pkg:/opt/ros/humble /usr/bin/cmake --build /home/ibrahim/Ros_Egitim/Projeler/Robot_Modelleme/robot_modelleme_ws/build/my_robot_description -- -j16 -l16
[0.240s] Invoked command in '/home/ibrahim/Ros_Egitim/Projeler/Robot_Modelleme/robot_modelleme_ws/build/my_robot_description' returned '0': CMAKE_PREFIX_PATH=${CMAKE_PREFIX_PATH}:/home/ibrahim/ros2_ws/install/simple_py_pkg:/home/ibrahim/Ros_Egitim/Projeler/Turtlesim_Hedef_Konuma_Git/turtlesim_ws/install/turtlesim_py_pkg:/opt/ros/humble /usr/bin/cmake --build /home/ibrahim/Ros_Egitim/Projeler/Robot_Modelleme/robot_modelleme_ws/build/my_robot_description -- -j16 -l16
[0.250s] Invoking command in '/home/ibrahim/Ros_Egitim/Projeler/Robot_Modelleme/robot_modelleme_ws/build/my_robot_description': CMAKE_PREFIX_PATH=${CMAKE_PREFIX_PATH}:/home/ibrahim/ros2_ws/install/simple_py_pkg:/home/ibrahim/Ros_Egitim/Projeler/Turtlesim_Hedef_Konuma_Git/turtlesim_ws/install/turtlesim_py_pkg:/opt/ros/humble /usr/bin/cmake --install /home/ibrahim/Ros_Egitim/Projeler/Robot_Modelleme/robot_modelleme_ws/build/my_robot_description
[0.257s] -- Install configuration: ""
[0.257s] -- Execute custom install script
[0.258s] [33mCMake Warning (dev) at ament_cmake_symlink_install/ament_cmake_symlink_install.cmake:62 (file):
[0.258s]   Policy CMP0009 is not set: FILE GLOB_RECURSE calls should not follow
[0.258s]   symlinks by default.  Run "cmake --help-policy CMP0009" for policy details.
[0.258s]   Use the cmake_policy command to set the policy and suppress this warning.
[0.258s] Call Stack (most recent call first):
[0.258s]   ament_cmake_symlink_install/ament_cmake_symlink_install.cmake:314 (ament_cmake_symlink_install_directory)
[0.258s]   cmake_install.cmake:46 (include)
[0.258s] This warning is for project developers.  Use -Wno-dev to suppress it.
[0.259s] [0m
[0.259s] -- Up-to-date symlink: /home/ibrahim/Ros_Egitim/Projeler/Robot_Modelleme/robot_modelleme_ws/install/my_robot_description/share/my_robot_description//urdf/build/.built_by
[0.259s] -- Up-to-date symlink: /home/ibrahim/Ros_Egitim/Projeler/Robot_Modelleme/robot_modelleme_ws/install/my_robot_description/share/my_robot_description//urdf/build/COLCON_IGNORE
[0.259s] -- Up-to-date symlink: /home/ibrahim/Ros_Egitim/Projeler/Robot_Modelleme/robot_modelleme_ws/install/my_robot_description/share/my_robot_description//urdf/eski/main.xacro
[0.259s] -- Up-to-date symlink: /home/ibrahim/Ros_Egitim/Projeler/Robot_Modelleme/robot_modelleme_ws/install/my_robot_description/share/my_robot_description//urdf/eski/my_robot.xacro
[0.259s] -- Up-to-date symlink: /home/ibrahim/Ros_Egitim/Projeler/Robot_Modelleme/robot_modelleme_ws/install/my_robot_description/share/my_robot_description//urdf/eski/properties.xacro
[0.259s] -- Up-to-date symlink: /home/ibrahim/Ros_Egitim/Projeler/Robot_Modelleme/robot_modelleme_ws/install/my_robot_description/share/my_robot_description//urdf/install/.colcon_install_layout
[0.259s] -- Up-to-date symlink: /home/ibrahim/Ros_Egitim/Projeler/Robot_Modelleme/robot_modelleme_ws/install/my_robot_description/share/my_robot_description//urdf/install/COLCON_IGNORE
[0.259s] -- Up-to-date symlink: /home/ibrahim/Ros_Egitim/Projeler/Robot_Modelleme/robot_modelleme_ws/install/my_robot_description/share/my_robot_description//urdf/install/_local_setup_util_ps1.py
[0.259s] -- Up-to-date symlink: /home/ibrahim/Ros_Egitim/Projeler/Robot_Modelleme/robot_modelleme_ws/install/my_robot_description/share/my_robot_description//urdf/install/_local_setup_util_sh.py
[0.260s] -- Up-to-date symlink: /home/ibrahim/Ros_Egitim/Projeler/Robot_Modelleme/robot_modelleme_ws/install/my_robot_description/share/my_robot_description//urdf/install/local_setup.bash
[0.260s] -- Up-to-date symlink: /home/ibrahim/Ros_Egitim/Projeler/Robot_Modelleme/robot_modelleme_ws/install/my_robot_description/share/my_robot_description//urdf/install/local_setup.ps1
[0.260s] -- Up-to-date symlink: /home/ibrahim/Ros_Egitim/Projeler/Robot_Modelleme/robot_modelleme_ws/install/my_robot_description/share/my_robot_description//urdf/install/local_setup.sh
[0.260s] -- Up-to-date symlink: /home/ibrahim/Ros_Egitim/Projeler/Robot_Modelleme/robot_modelleme_ws/install/my_robot_description/share/my_robot_description//urdf/install/local_setup.zsh
[0.260s] -- Up-to-date symlink: /home/ibrahim/Ros_Egitim/Projeler/Robot_Modelleme/robot_modelleme_ws/install/my_robot_description/share/my_robot_description//urdf/install/setup.bash
[0.260s] -- Up-to-date symlink: /home/ibrahim/Ros_Egitim/Projeler/Robot_Modelleme/robot_modelleme_ws/install/my_robot_description/share/my_robot_description//urdf/install/setup.ps1
[0.260s] -- Up-to-date symlink: /home/ibrahim/Ros_Egitim/Projeler/Robot_Modelleme/robot_modelleme_ws/install/my_robot_description/share/my_robot_description//urdf/install/setup.sh
[0.260s] -- Up-to-date symlink: /home/ibrahim/Ros_Egitim/Projeler/Robot_Modelleme/robot_modelleme_ws/install/my_robot_description/share/my_robot_description//urdf/install/setup.zsh
[0.260s] -- Up-to-date symlink: /home/ibrahim/Ros_Egitim/Projeler/Robot_Modelleme/robot_modelleme_ws/install/my_robot_description/share/my_robot_description//urdf/log/COLCON_IGNORE
[0.261s] -- Up-to-date symlink: /home/ibrahim/Ros_Egitim/Projeler/Robot_Modelleme/robot_modelleme_ws/install/my_robot_description/share/my_robot_description//urdf/log/build_2025-04-20_09-02-30/events.log
[0.261s] -- Up-to-date symlink: /home/ibrahim/Ros_Egitim/Projeler/Robot_Modelleme/robot_modelleme_ws/install/my_robot_description/share/my_robot_description//urdf/log/build_2025-04-20_09-02-30/logger_all.log
[0.261s] -- Up-to-date symlink: /home/ibrahim/Ros_Egitim/Projeler/Robot_Modelleme/robot_modelleme_ws/install/my_robot_description/share/my_robot_description//urdf/log/latest/events.log
[0.261s] -- Up-to-date symlink: /home/ibrahim/Ros_Egitim/Projeler/Robot_Modelleme/robot_modelleme_ws/install/my_robot_description/share/my_robot_description//urdf/log/latest/logger_all.log
[0.261s] -- Up-to-date symlink: /home/ibrahim/Ros_Egitim/Projeler/Robot_Modelleme/robot_modelleme_ws/install/my_robot_description/share/my_robot_description//urdf/log/latest_build/events.log
[0.261s] -- Up-to-date symlink: /home/ibrahim/Ros_Egitim/Projeler/Robot_Modelleme/robot_modelleme_ws/install/my_robot_description/share/my_robot_description//urdf/log/latest_build/logger_all.log
[0.261s] -- Up-to-date symlink: /home/ibrahim/Ros_Egitim/Projeler/Robot_Modelleme/robot_modelleme_ws/install/my_robot_description/share/my_robot_description//urdf/main.xacro
[0.261s] -- Up-to-date symlink: /home/ibrahim/Ros_Egitim/Projeler/Robot_Modelleme/robot_modelleme_ws/install/my_robot_description/share/my_robot_description//urdf/my_robot.xacro
[0.262s] -- Up-to-date symlink: /home/ibrahim/Ros_Egitim/Projeler/Robot_Modelleme/robot_modelleme_ws/install/my_robot_description/share/my_robot_description//urdf/properties.xacro
[0.262s] -- Symlinking: /home/ibrahim/Ros_Egitim/Projeler/Robot_Modelleme/robot_modelleme_ws/install/my_robot_description/share/my_robot_description//urdf/properties_gazebo.xacro
[0.271s] -- Up-to-date symlink: /home/ibrahim/Ros_Egitim/Projeler/Robot_Modelleme/robot_modelleme_ws/install/my_robot_description/share/my_robot_description//launch/display.launch.py
[0.271s] -- Up-to-date symlink: /home/ibrahim/Ros_Egitim/Projeler/Robot_Modelleme/robot_modelleme_ws/install/my_robot_description/share/my_robot_description//launch/display.launch.xml
[0.271s] -- Up-to-date symlink: /home/ibrahim/Ros_Egitim/Projeler/Robot_Modelleme/robot_modelleme_ws/install/my_robot_description/share/my_robot_description//rviz/urdf_config.rviz
[0.271s] -- Up-to-date symlink: /home/ibrahim/Ros_Egitim/Projeler/Robot_Modelleme/robot_modelleme_ws/install/my_robot_description/share/ament_index/resource_index/package_run_dependencies/my_robot_description
[0.272s] -- Up-to-date symlink: /home/ibrahim/Ros_Egitim/Projeler/Robot_Modelleme/robot_modelleme_ws/install/my_robot_description/share/ament_index/resource_index/parent_prefix_path/my_robot_description
[0.272s] -- Up-to-date symlink: /home/ibrahim/Ros_Egitim/Projeler/Robot_Modelleme/robot_modelleme_ws/install/my_robot_description/share/my_robot_description/environment/ament_prefix_path.sh
[0.272s] -- Up-to-date symlink: /home/ibrahim/Ros_Egitim/Projeler/Robot_Modelleme/robot_modelleme_ws/install/my_robot_description/share/my_robot_description/environment/ament_prefix_path.dsv
[0.272s] -- Up-to-date symlink: /home/ibrahim/Ros_Egitim/Projeler/Robot_Modelleme/robot_modelleme_ws/install/my_robot_description/share/my_robot_description/environment/path.sh
[0.272s] -- Up-to-date symlink: /home/ibrahim/Ros_Egitim/Projeler/Robot_Modelleme/robot_modelleme_ws/install/my_robot_description/share/my_robot_description/environment/path.dsv
[0.272s] -- Up-to-date symlink: /home/ibrahim/Ros_Egitim/Projeler/Robot_Modelleme/robot_modelleme_ws/install/my_robot_description/share/my_robot_description/local_setup.bash
[0.272s] -- Up-to-date symlink: /home/ibrahim/Ros_Egitim/Projeler/Robot_Modelleme/robot_modelleme_ws/install/my_robot_description/share/my_robot_description/local_setup.sh
[0.273s] -- Up-to-date symlink: /home/ibrahim/Ros_Egitim/Projeler/Robot_Modelleme/robot_modelleme_ws/install/my_robot_description/share/my_robot_description/local_setup.zsh
[0.273s] -- Up-to-date symlink: /home/ibrahim/Ros_Egitim/Projeler/Robot_Modelleme/robot_modelleme_ws/install/my_robot_description/share/my_robot_description/local_setup.dsv
[0.273s] -- Symlinking: /home/ibrahim/Ros_Egitim/Projeler/Robot_Modelleme/robot_modelleme_ws/install/my_robot_description/share/my_robot_description/package.dsv
[0.282s] -- Up-to-date symlink: /home/ibrahim/Ros_Egitim/Projeler/Robot_Modelleme/robot_modelleme_ws/install/my_robot_description/share/ament_index/resource_index/packages/my_robot_description
[0.282s] -- Up-to-date symlink: /home/ibrahim/Ros_Egitim/Projeler/Robot_Modelleme/robot_modelleme_ws/install/my_robot_description/share/my_robot_description/cmake/my_robot_descriptionConfig.cmake
[0.282s] -- Up-to-date symlink: /home/ibrahim/Ros_Egitim/Projeler/Robot_Modelleme/robot_modelleme_ws/install/my_robot_description/share/my_robot_description/cmake/my_robot_descriptionConfig-version.cmake
[0.282s] -- Up-to-date symlink: /home/ibrahim/Ros_Egitim/Projeler/Robot_Modelleme/robot_modelleme_ws/install/my_robot_description/share/my_robot_description/package.xml
[0.284s] Invoked command in '/home/ibrahim/Ros_Egitim/Projeler/Robot_Modelleme/robot_modelleme_ws/build/my_robot_description' returned '0': CMAKE_PREFIX_PATH=${CMAKE_PREFIX_PATH}:/home/ibrahim/ros2_ws/install/simple_py_pkg:/home/ibrahim/Ros_Egitim/Projeler/Turtlesim_Hedef_Konuma_Git/turtlesim_ws/install/turtlesim_py_pkg:/opt/ros/humble /usr/bin/cmake --install /home/ibrahim/Ros_Egitim/Projeler/Robot_Modelleme/robot_modelleme_ws/build/my_robot_description
