gmake: Warning: File 'Makefile' has modification time 10359 s in the future
gmake[1]: Warning: File 'CMakeFiles/Makefile2' has modification time 10359 s in the future
gmake[1]: warning:  Clock skew detected.  Your build may be incomplete.
gmake: warning:  Clock skew detected.  Your build may be incomplete.
-- Install configuration: ""
-- Execute custom install script
-- Up-to-date symlink: /home/ibrahim/Ros_Egitim/Projeler/Robot_Modelleme/robot_modelleme_ws/install/my_robot_description/share/my_robot_description//urdf/eski/main.xacro
-- Up-to-date symlink: /home/ibrahim/Ros_Egitim/Projeler/Robot_Modelleme/robot_modelleme_ws/install/my_robot_description/share/my_robot_description//urdf/eski/my_robot.xacro
-- Up-to-date symlink: /home/ibrahim/Ros_Egitim/Projeler/Robot_Modelleme/robot_modelleme_ws/install/my_robot_description/share/my_robot_description//urdf/eski/properties.xacro
-- Up-to-date symlink: /home/ibrahim/Ros_Egitim/Projeler/Robot_Modelleme/robot_modelleme_ws/install/my_robot_description/share/my_robot_description//urdf/main.xacro
-- Up-to-date symlink: /home/ibrahim/Ros_Egitim/Projeler/Robot_Modelleme/robot_modelleme_ws/install/my_robot_description/share/my_robot_description//urdf/properties.xacro
-- Up-to-date symlink: /home/ibrahim/Ros_Egitim/Projeler/Robot_Modelleme/robot_modelleme_ws/install/my_robot_description/share/my_robot_description//urdf/robot_urdf.xacro
-- Up-to-date symlink: /home/ibrahim/Ros_Egitim/Projeler/Robot_Modelleme/robot_modelleme_ws/install/my_robot_description/share/my_robot_description//launch/display.launch.py
-- Up-to-date symlink: /home/ibrahim/Ros_Egitim/Projeler/Robot_Modelleme/robot_modelleme_ws/install/my_robot_description/share/my_robot_description//launch/display.launch.xml
-- Up-to-date symlink: /home/ibrahim/Ros_Egitim/Projeler/Robot_Modelleme/robot_modelleme_ws/install/my_robot_description/share/my_robot_description//rviz/urdf_config.rviz
-- Up-to-date symlink: /home/ibrahim/Ros_Egitim/Projeler/Robot_Modelleme/robot_modelleme_ws/install/my_robot_description/share/ament_index/resource_index/package_run_dependencies/my_robot_description
-- Up-to-date symlink: /home/ibrahim/Ros_Egitim/Projeler/Robot_Modelleme/robot_modelleme_ws/install/my_robot_description/share/ament_index/resource_index/parent_prefix_path/my_robot_description
-- Up-to-date symlink: /home/ibrahim/Ros_Egitim/Projeler/Robot_Modelleme/robot_modelleme_ws/install/my_robot_description/share/my_robot_description/environment/ament_prefix_path.sh
-- Up-to-date symlink: /home/ibrahim/Ros_Egitim/Projeler/Robot_Modelleme/robot_modelleme_ws/install/my_robot_description/share/my_robot_description/environment/ament_prefix_path.dsv
-- Up-to-date symlink: /home/ibrahim/Ros_Egitim/Projeler/Robot_Modelleme/robot_modelleme_ws/install/my_robot_description/share/my_robot_description/environment/path.sh
-- Up-to-date symlink: /home/ibrahim/Ros_Egitim/Projeler/Robot_Modelleme/robot_modelleme_ws/install/my_robot_description/share/my_robot_description/environment/path.dsv
-- Up-to-date symlink: /home/ibrahim/Ros_Egitim/Projeler/Robot_Modelleme/robot_modelleme_ws/install/my_robot_description/share/my_robot_description/local_setup.bash
-- Up-to-date symlink: /home/ibrahim/Ros_Egitim/Projeler/Robot_Modelleme/robot_modelleme_ws/install/my_robot_description/share/my_robot_description/local_setup.sh
-- Up-to-date symlink: /home/ibrahim/Ros_Egitim/Projeler/Robot_Modelleme/robot_modelleme_ws/install/my_robot_description/share/my_robot_description/local_setup.zsh
-- Up-to-date symlink: /home/ibrahim/Ros_Egitim/Projeler/Robot_Modelleme/robot_modelleme_ws/install/my_robot_description/share/my_robot_description/local_setup.dsv
-- Symlinking: /home/ibrahim/Ros_Egitim/Projeler/Robot_Modelleme/robot_modelleme_ws/install/my_robot_description/share/my_robot_description/package.dsv
-- Up-to-date symlink: /home/ibrahim/Ros_Egitim/Projeler/Robot_Modelleme/robot_modelleme_ws/install/my_robot_description/share/ament_index/resource_index/packages/my_robot_description
-- Up-to-date symlink: /home/ibrahim/Ros_Egitim/Projeler/Robot_Modelleme/robot_modelleme_ws/install/my_robot_description/share/my_robot_description/cmake/my_robot_descriptionConfig.cmake
-- Up-to-date symlink: /home/ibrahim/Ros_Egitim/Projeler/Robot_Modelleme/robot_modelleme_ws/install/my_robot_description/share/my_robot_description/cmake/my_robot_descriptionConfig-version.cmake
-- Up-to-date symlink: /home/ibrahim/Ros_Egitim/Projeler/Robot_Modelleme/robot_modelleme_ws/install/my_robot_description/share/my_robot_description/package.xml
