[0.006s] Invoking command in '/home/ibrahim/Ros_Egitim/Projeler/Robot_Modelleme/ros2_ws/build/my_robot_bringup': AMENT_PREFIX_PATH=/home/ibrahim/Ros_Egitim/Projeler/Robot_Modelleme/ros2_ws/install/my_robot_description:${AMENT_PREFIX_PATH} CMAKE_PREFIX_PATH=/home/ibrahim/Ros_Egitim/Projeler/Robot_Modelleme/ros2_ws/install/my_robot_description:/home/ibrahim/Ros_Egitim/Projeler/Robot_Modelleme/robot_modelleme_ws/install/my_robot_bringup:/home/ibrahim/Ros_Egitim/Projeler/Robot_Modelleme/robot_modelleme_ws/install/my_robot_description:/home/ibrahim/Ros_Egitim/Projeler/Robot_Modelleme/install/my_robot_description:/home/ibrahim/ros2_ws/install/simple_robot_description:/home/ibrahim/ros2_ws/install/simple_py_pkg:/home/ibrahim/Ros_Egitim/Projeler/Turtlesim_Hedef_Konuma_Git/turtlesim_ws/install/turtlesim_py_pkg:/opt/ros/humble /usr/bin/cmake /home/ibrahim/Ros_Egitim/Projeler/Robot_Modelleme/ros2_ws/src/my_robot_bringup -DCMAKE_INSTALL_PREFIX=/home/ibrahim/Ros_Egitim/Projeler/Robot_Modelleme/ros2_ws/install/my_robot_bringup
[0.051s] -- The C compiler identification is GNU 11.4.0
[0.095s] -- The CXX compiler identification is GNU 11.4.0
[0.101s] -- Detecting C compiler ABI info
[0.159s] -- Detecting C compiler ABI info - done
[0.165s] -- Check for working C compiler: /usr/bin/cc - skipped
[0.165s] -- Detecting C compile features
[0.165s] -- Detecting C compile features - done
[0.168s] -- Detecting CXX compiler ABI info
[0.234s] -- Detecting CXX compiler ABI info - done
[0.240s] -- Check for working CXX compiler: /usr/bin/c++ - skipped
[0.240s] -- Detecting CXX compile features
[0.241s] -- Detecting CXX compile features - done
[0.243s] -- Found ament_cmake: 1.3.11 (/opt/ros/humble/share/ament_cmake/cmake)
[0.364s] -- Found Python3: /usr/bin/python3 (found version "3.10.12") found components: Interpreter 
[0.435s] -- Found ament_lint_auto: 0.12.12 (/opt/ros/humble/share/ament_lint_auto/cmake)
[0.497s] -- Added test 'lint_cmake' to check CMake code style
[0.498s] -- Added test 'xmllint' to check XML markup files
[0.499s] -- Configuring done
[0.502s] -- Generating done
[0.503s] -- Build files have been written to: /home/ibrahim/Ros_Egitim/Projeler/Robot_Modelleme/ros2_ws/build/my_robot_bringup
[0.507s] Invoked command in '/home/ibrahim/Ros_Egitim/Projeler/Robot_Modelleme/ros2_ws/build/my_robot_bringup' returned '0': AMENT_PREFIX_PATH=/home/ibrahim/Ros_Egitim/Projeler/Robot_Modelleme/ros2_ws/install/my_robot_description:${AMENT_PREFIX_PATH} CMAKE_PREFIX_PATH=/home/ibrahim/Ros_Egitim/Projeler/Robot_Modelleme/ros2_ws/install/my_robot_description:/home/ibrahim/Ros_Egitim/Projeler/Robot_Modelleme/robot_modelleme_ws/install/my_robot_bringup:/home/ibrahim/Ros_Egitim/Projeler/Robot_Modelleme/robot_modelleme_ws/install/my_robot_description:/home/ibrahim/Ros_Egitim/Projeler/Robot_Modelleme/install/my_robot_description:/home/ibrahim/ros2_ws/install/simple_robot_description:/home/ibrahim/ros2_ws/install/simple_py_pkg:/home/ibrahim/Ros_Egitim/Projeler/Turtlesim_Hedef_Konuma_Git/turtlesim_ws/install/turtlesim_py_pkg:/opt/ros/humble /usr/bin/cmake /home/ibrahim/Ros_Egitim/Projeler/Robot_Modelleme/ros2_ws/src/my_robot_bringup -DCMAKE_INSTALL_PREFIX=/home/ibrahim/Ros_Egitim/Projeler/Robot_Modelleme/ros2_ws/install/my_robot_bringup
[0.508s] Invoking command in '/home/ibrahim/Ros_Egitim/Projeler/Robot_Modelleme/ros2_ws/build/my_robot_bringup': AMENT_PREFIX_PATH=/home/ibrahim/Ros_Egitim/Projeler/Robot_Modelleme/ros2_ws/install/my_robot_description:${AMENT_PREFIX_PATH} CMAKE_PREFIX_PATH=/home/ibrahim/Ros_Egitim/Projeler/Robot_Modelleme/ros2_ws/install/my_robot_description:/home/ibrahim/Ros_Egitim/Projeler/Robot_Modelleme/robot_modelleme_ws/install/my_robot_bringup:/home/ibrahim/Ros_Egitim/Projeler/Robot_Modelleme/robot_modelleme_ws/install/my_robot_description:/home/ibrahim/Ros_Egitim/Projeler/Robot_Modelleme/install/my_robot_description:/home/ibrahim/ros2_ws/install/simple_robot_description:/home/ibrahim/ros2_ws/install/simple_py_pkg:/home/ibrahim/Ros_Egitim/Projeler/Turtlesim_Hedef_Konuma_Git/turtlesim_ws/install/turtlesim_py_pkg:/opt/ros/humble /usr/bin/cmake --build /home/ibrahim/Ros_Egitim/Projeler/Robot_Modelleme/ros2_ws/build/my_robot_bringup -- -j16 -l16
[0.541s] Invoked command in '/home/ibrahim/Ros_Egitim/Projeler/Robot_Modelleme/ros2_ws/build/my_robot_bringup' returned '0': AMENT_PREFIX_PATH=/home/ibrahim/Ros_Egitim/Projeler/Robot_Modelleme/ros2_ws/install/my_robot_description:${AMENT_PREFIX_PATH} CMAKE_PREFIX_PATH=/home/ibrahim/Ros_Egitim/Projeler/Robot_Modelleme/ros2_ws/install/my_robot_description:/home/ibrahim/Ros_Egitim/Projeler/Robot_Modelleme/robot_modelleme_ws/install/my_robot_bringup:/home/ibrahim/Ros_Egitim/Projeler/Robot_Modelleme/robot_modelleme_ws/install/my_robot_description:/home/ibrahim/Ros_Egitim/Projeler/Robot_Modelleme/install/my_robot_description:/home/ibrahim/ros2_ws/install/simple_robot_description:/home/ibrahim/ros2_ws/install/simple_py_pkg:/home/ibrahim/Ros_Egitim/Projeler/Turtlesim_Hedef_Konuma_Git/turtlesim_ws/install/turtlesim_py_pkg:/opt/ros/humble /usr/bin/cmake --build /home/ibrahim/Ros_Egitim/Projeler/Robot_Modelleme/ros2_ws/build/my_robot_bringup -- -j16 -l16
[0.542s] Invoking command in '/home/ibrahim/Ros_Egitim/Projeler/Robot_Modelleme/ros2_ws/build/my_robot_bringup': AMENT_PREFIX_PATH=/home/ibrahim/Ros_Egitim/Projeler/Robot_Modelleme/ros2_ws/install/my_robot_description:${AMENT_PREFIX_PATH} CMAKE_PREFIX_PATH=/home/ibrahim/Ros_Egitim/Projeler/Robot_Modelleme/ros2_ws/install/my_robot_description:/home/ibrahim/Ros_Egitim/Projeler/Robot_Modelleme/robot_modelleme_ws/install/my_robot_bringup:/home/ibrahim/Ros_Egitim/Projeler/Robot_Modelleme/robot_modelleme_ws/install/my_robot_description:/home/ibrahim/Ros_Egitim/Projeler/Robot_Modelleme/install/my_robot_description:/home/ibrahim/ros2_ws/install/simple_robot_description:/home/ibrahim/ros2_ws/install/simple_py_pkg:/home/ibrahim/Ros_Egitim/Projeler/Turtlesim_Hedef_Konuma_Git/turtlesim_ws/install/turtlesim_py_pkg:/opt/ros/humble /usr/bin/cmake --install /home/ibrahim/Ros_Egitim/Projeler/Robot_Modelleme/ros2_ws/build/my_robot_bringup
[0.548s] -- Install configuration: ""
[0.548s] -- Installing: /home/ibrahim/Ros_Egitim/Projeler/Robot_Modelleme/ros2_ws/install/my_robot_bringup/share/my_robot_bringup//launch
[0.548s] -- Installing: /home/ibrahim/Ros_Egitim/Projeler/Robot_Modelleme/ros2_ws/install/my_robot_bringup/share/my_robot_bringup//launch/my_robot_gazebo.launch.xml
[0.548s] -- Installing: /home/ibrahim/Ros_Egitim/Projeler/Robot_Modelleme/ros2_ws/install/my_robot_bringup/share/my_robot_bringup//rviz
[0.548s] -- Installing: /home/ibrahim/Ros_Egitim/Projeler/Robot_Modelleme/ros2_ws/install/my_robot_bringup/share/my_robot_bringup//rviz/urdf_config.rviz
[0.549s] -- Installing: /home/ibrahim/Ros_Egitim/Projeler/Robot_Modelleme/ros2_ws/install/my_robot_bringup/share/ament_index/resource_index/package_run_dependencies/my_robot_bringup
[0.549s] -- Installing: /home/ibrahim/Ros_Egitim/Projeler/Robot_Modelleme/ros2_ws/install/my_robot_bringup/share/ament_index/resource_index/parent_prefix_path/my_robot_bringup
[0.549s] -- Installing: /home/ibrahim/Ros_Egitim/Projeler/Robot_Modelleme/ros2_ws/install/my_robot_bringup/share/my_robot_bringup/environment/ament_prefix_path.sh
[0.549s] -- Installing: /home/ibrahim/Ros_Egitim/Projeler/Robot_Modelleme/ros2_ws/install/my_robot_bringup/share/my_robot_bringup/environment/ament_prefix_path.dsv
[0.549s] -- Installing: /home/ibrahim/Ros_Egitim/Projeler/Robot_Modelleme/ros2_ws/install/my_robot_bringup/share/my_robot_bringup/environment/path.sh
[0.549s] -- Installing: /home/ibrahim/Ros_Egitim/Projeler/Robot_Modelleme/ros2_ws/install/my_robot_bringup/share/my_robot_bringup/environment/path.dsv
[0.550s] -- Installing: /home/ibrahim/Ros_Egitim/Projeler/Robot_Modelleme/ros2_ws/install/my_robot_bringup/share/my_robot_bringup/local_setup.bash
[0.550s] -- Installing: /home/ibrahim/Ros_Egitim/Projeler/Robot_Modelleme/ros2_ws/install/my_robot_bringup/share/my_robot_bringup/local_setup.sh
[0.550s] -- Installing: /home/ibrahim/Ros_Egitim/Projeler/Robot_Modelleme/ros2_ws/install/my_robot_bringup/share/my_robot_bringup/local_setup.zsh
[0.550s] -- Installing: /home/ibrahim/Ros_Egitim/Projeler/Robot_Modelleme/ros2_ws/install/my_robot_bringup/share/my_robot_bringup/local_setup.dsv
[0.550s] -- Installing: /home/ibrahim/Ros_Egitim/Projeler/Robot_Modelleme/ros2_ws/install/my_robot_bringup/share/my_robot_bringup/package.dsv
[0.550s] -- Installing: /home/ibrahim/Ros_Egitim/Projeler/Robot_Modelleme/ros2_ws/install/my_robot_bringup/share/ament_index/resource_index/packages/my_robot_bringup
[0.550s] -- Installing: /home/ibrahim/Ros_Egitim/Projeler/Robot_Modelleme/ros2_ws/install/my_robot_bringup/share/my_robot_bringup/cmake/my_robot_bringupConfig.cmake
[0.551s] -- Installing: /home/ibrahim/Ros_Egitim/Projeler/Robot_Modelleme/ros2_ws/install/my_robot_bringup/share/my_robot_bringup/cmake/my_robot_bringupConfig-version.cmake
[0.551s] -- Installing: /home/ibrahim/Ros_Egitim/Projeler/Robot_Modelleme/ros2_ws/install/my_robot_bringup/share/my_robot_bringup/package.xml
[0.553s] Invoked command in '/home/ibrahim/Ros_Egitim/Projeler/Robot_Modelleme/ros2_ws/build/my_robot_bringup' returned '0': AMENT_PREFIX_PATH=/home/ibrahim/Ros_Egitim/Projeler/Robot_Modelleme/ros2_ws/install/my_robot_description:${AMENT_PREFIX_PATH} CMAKE_PREFIX_PATH=/home/ibrahim/Ros_Egitim/Projeler/Robot_Modelleme/ros2_ws/install/my_robot_description:/home/ibrahim/Ros_Egitim/Projeler/Robot_Modelleme/robot_modelleme_ws/install/my_robot_bringup:/home/ibrahim/Ros_Egitim/Projeler/Robot_Modelleme/robot_modelleme_ws/install/my_robot_description:/home/ibrahim/Ros_Egitim/Projeler/Robot_Modelleme/install/my_robot_description:/home/ibrahim/ros2_ws/install/simple_robot_description:/home/ibrahim/ros2_ws/install/simple_py_pkg:/home/ibrahim/Ros_Egitim/Projeler/Turtlesim_Hedef_Konuma_Git/turtlesim_ws/install/turtlesim_py_pkg:/opt/ros/humble /usr/bin/cmake --install /home/ibrahim/Ros_Egitim/Projeler/Robot_Modelleme/ros2_ws/build/my_robot_bringup
