[0.014s] Invoking command in '/home/ibrahim/Ros_Egitim/Projeler/Robot_Modelleme/robot_modelleme_ws/build/my_robot_description': CMAKE_PREFIX_PATH=${CMAKE_PREFIX_PATH}:/home/ibrahim/ros2_ws/install/simple_py_pkg:/home/ibrahim/Ros_Egitim/Projeler/Turtlesim_Hedef_Konuma_Git/turtlesim_ws/install/turtlesim_py_pkg:/opt/ros/humble /usr/bin/cmake --build /home/ibrahim/Ros_Egitim/Projeler/Robot_Modelleme/robot_modelleme_ws/build/my_robot_description -- -j16 -l16
[0.044s] -- Found ament_cmake: 1.3.11 (/opt/ros/humble/share/ament_cmake/cmake)
[0.188s] -- Found ament_lint_auto: 0.12.12 (/opt/ros/humble/share/ament_lint_auto/cmake)
[0.266s] -- Added test 'flake8' to check Python code syntax and style conventions
[0.267s] -- Added test 'lint_cmake' to check CMake code style
[0.268s] -- Added test 'pep257' to check Python code against some of the docstring style conventions in PEP 257
[0.270s] -- Added test 'xmllint' to check XML markup files
[0.271s] -- Configuring done
[0.275s] -- Generating done
[0.278s] -- Build files have been written to: /home/ibrahim/Ros_Egitim/Projeler/Robot_Modelleme/robot_modelleme_ws/build/my_robot_description
[0.308s] Invoked command in '/home/ibrahim/Ros_Egitim/Projeler/Robot_Modelleme/robot_modelleme_ws/build/my_robot_description' returned '0': CMAKE_PREFIX_PATH=${CMAKE_PREFIX_PATH}:/home/ibrahim/ros2_ws/install/simple_py_pkg:/home/ibrahim/Ros_Egitim/Projeler/Turtlesim_Hedef_Konuma_Git/turtlesim_ws/install/turtlesim_py_pkg:/opt/ros/humble /usr/bin/cmake --build /home/ibrahim/Ros_Egitim/Projeler/Robot_Modelleme/robot_modelleme_ws/build/my_robot_description -- -j16 -l16
[0.321s] Invoking command in '/home/ibrahim/Ros_Egitim/Projeler/Robot_Modelleme/robot_modelleme_ws/build/my_robot_description': CMAKE_PREFIX_PATH=${CMAKE_PREFIX_PATH}:/home/ibrahim/ros2_ws/install/simple_py_pkg:/home/ibrahim/Ros_Egitim/Projeler/Turtlesim_Hedef_Konuma_Git/turtlesim_ws/install/turtlesim_py_pkg:/opt/ros/humble /usr/bin/cmake --install /home/ibrahim/Ros_Egitim/Projeler/Robot_Modelleme/robot_modelleme_ws/build/my_robot_description
[0.329s] -- Install configuration: ""
[0.329s] [31mCMake Error at cmake_install.cmake:46 (file):
[0.330s]   file INSTALL cannot find
[0.330s]   "/home/ibrahim/Ros_Egitim/Projeler/Robot_Modelleme/robot_modelleme_ws/my_robot_description/urdf":
[0.330s]   No such file or directory.
[0.330s] 
[0.330s] [0m
[0.331s] Invoked command in '/home/ibrahim/Ros_Egitim/Projeler/Robot_Modelleme/robot_modelleme_ws/build/my_robot_description' returned '1': CMAKE_PREFIX_PATH=${CMAKE_PREFIX_PATH}:/home/ibrahim/ros2_ws/install/simple_py_pkg:/home/ibrahim/Ros_Egitim/Projeler/Turtlesim_Hedef_Konuma_Git/turtlesim_ws/install/turtlesim_py_pkg:/opt/ros/humble /usr/bin/cmake --install /home/ibrahim/Ros_Egitim/Projeler/Robot_Modelleme/robot_modelleme_ws/build/my_robot_description
