[0.009s] Invoking command in '/home/ibrahim/Ros_Egitim/Projeler/Robot_Modelleme/build/my_robot_description': CMAKE_PREFIX_PATH=${CMAKE_PREFIX_PATH}:/home/ibrahim/ros2_ws/install/simple_py_pkg:/home/ibrahim/Ros_Egitim/Projeler/Turtlesim_Hedef_Konuma_Git/turtlesim_ws/install/turtlesim_py_pkg:/opt/ros/humble /usr/bin/cmake /home/ibrahim/Ros_Egitim/Projeler/Robot_Modelleme/src/my_robot_description -DCMAKE_INSTALL_PREFIX=/home/ibrahim/Ros_Egitim/Projeler/Robot_Modelleme/install/my_robot_description
[0.057s] -- The C compiler identification is GNU 11.4.0
[0.105s] -- The CXX compiler identification is GNU 11.4.0
[0.112s] -- Detecting C compiler ABI info
[0.175s] -- Detecting C compiler ABI info - done
[0.181s] -- Check for working C compiler: /usr/bin/cc - skipped
[0.181s] -- Detecting C compile features
[0.181s] -- Detecting C compile features - done
[0.184s] -- Detecting CXX compiler ABI info
[0.262s] -- Detecting CXX compiler ABI info - done
[0.268s] -- Check for working CXX compiler: /usr/bin/c++ - skipped
[0.268s] -- Detecting CXX compile features
[0.268s] -- Detecting CXX compile features - done
[0.271s] -- Found ament_cmake: 1.3.11 (/opt/ros/humble/share/ament_cmake/cmake)
[0.406s] -- Found Python3: /usr/bin/python3 (found version "3.10.12") found components: Interpreter 
[0.484s] -- Found ament_lint_auto: 0.12.12 (/opt/ros/humble/share/ament_lint_auto/cmake)
[0.550s] -- Added test 'flake8' to check Python code syntax and style conventions
[0.550s] -- Added test 'lint_cmake' to check CMake code style
[0.550s] -- Added test 'pep257' to check Python code against some of the docstring style conventions in PEP 257
[0.551s] -- Added test 'xmllint' to check XML markup files
[0.553s] -- Configuring done
[0.555s] -- Generating done
[0.557s] -- Build files have been written to: /home/ibrahim/Ros_Egitim/Projeler/Robot_Modelleme/build/my_robot_description
[0.562s] Invoked command in '/home/ibrahim/Ros_Egitim/Projeler/Robot_Modelleme/build/my_robot_description' returned '0': CMAKE_PREFIX_PATH=${CMAKE_PREFIX_PATH}:/home/ibrahim/ros2_ws/install/simple_py_pkg:/home/ibrahim/Ros_Egitim/Projeler/Turtlesim_Hedef_Konuma_Git/turtlesim_ws/install/turtlesim_py_pkg:/opt/ros/humble /usr/bin/cmake /home/ibrahim/Ros_Egitim/Projeler/Robot_Modelleme/src/my_robot_description -DCMAKE_INSTALL_PREFIX=/home/ibrahim/Ros_Egitim/Projeler/Robot_Modelleme/install/my_robot_description
[0.563s] Invoking command in '/home/ibrahim/Ros_Egitim/Projeler/Robot_Modelleme/build/my_robot_description': CMAKE_PREFIX_PATH=${CMAKE_PREFIX_PATH}:/home/ibrahim/ros2_ws/install/simple_py_pkg:/home/ibrahim/Ros_Egitim/Projeler/Turtlesim_Hedef_Konuma_Git/turtlesim_ws/install/turtlesim_py_pkg:/opt/ros/humble /usr/bin/cmake --build /home/ibrahim/Ros_Egitim/Projeler/Robot_Modelleme/build/my_robot_description -- -j16 -l16
[0.600s] Invoked command in '/home/ibrahim/Ros_Egitim/Projeler/Robot_Modelleme/build/my_robot_description' returned '0': CMAKE_PREFIX_PATH=${CMAKE_PREFIX_PATH}:/home/ibrahim/ros2_ws/install/simple_py_pkg:/home/ibrahim/Ros_Egitim/Projeler/Turtlesim_Hedef_Konuma_Git/turtlesim_ws/install/turtlesim_py_pkg:/opt/ros/humble /usr/bin/cmake --build /home/ibrahim/Ros_Egitim/Projeler/Robot_Modelleme/build/my_robot_description -- -j16 -l16
[0.610s] Invoking command in '/home/ibrahim/Ros_Egitim/Projeler/Robot_Modelleme/build/my_robot_description': CMAKE_PREFIX_PATH=${CMAKE_PREFIX_PATH}:/home/ibrahim/ros2_ws/install/simple_py_pkg:/home/ibrahim/Ros_Egitim/Projeler/Turtlesim_Hedef_Konuma_Git/turtlesim_ws/install/turtlesim_py_pkg:/opt/ros/humble /usr/bin/cmake --install /home/ibrahim/Ros_Egitim/Projeler/Robot_Modelleme/build/my_robot_description
[0.616s] -- Install configuration: ""
[0.616s] -- Installing: /home/ibrahim/Ros_Egitim/Projeler/Robot_Modelleme/install/my_robot_description/share/my_robot_description//urdf
[0.616s] -- Installing: /home/ibrahim/Ros_Egitim/Projeler/Robot_Modelleme/install/my_robot_description/share/my_robot_description//urdf/my_robot.urdf
[0.616s] -- Installing: /home/ibrahim/Ros_Egitim/Projeler/Robot_Modelleme/install/my_robot_description/share/my_robot_description//launch
[0.616s] -- Installing: /home/ibrahim/Ros_Egitim/Projeler/Robot_Modelleme/install/my_robot_description/share/my_robot_description//launch/display.launch.xml
[0.617s] -- Installing: /home/ibrahim/Ros_Egitim/Projeler/Robot_Modelleme/install/my_robot_description/share/my_robot_description//launch/display.launch.py
[0.617s] -- Installing: /home/ibrahim/Ros_Egitim/Projeler/Robot_Modelleme/install/my_robot_description/share/my_robot_description//rviz
[0.617s] -- Installing: /home/ibrahim/Ros_Egitim/Projeler/Robot_Modelleme/install/my_robot_description/share/my_robot_description//rviz/urdf_config.rviz
[0.617s] -- Installing: /home/ibrahim/Ros_Egitim/Projeler/Robot_Modelleme/install/my_robot_description/share/ament_index/resource_index/package_run_dependencies/my_robot_description
[0.617s] -- Installing: /home/ibrahim/Ros_Egitim/Projeler/Robot_Modelleme/install/my_robot_description/share/ament_index/resource_index/parent_prefix_path/my_robot_description
[0.618s] -- Installing: /home/ibrahim/Ros_Egitim/Projeler/Robot_Modelleme/install/my_robot_description/share/my_robot_description/environment/ament_prefix_path.sh
[0.618s] -- Installing: /home/ibrahim/Ros_Egitim/Projeler/Robot_Modelleme/install/my_robot_description/share/my_robot_description/environment/ament_prefix_path.dsv
[0.618s] -- Installing: /home/ibrahim/Ros_Egitim/Projeler/Robot_Modelleme/install/my_robot_description/share/my_robot_description/environment/path.sh
[0.618s] -- Installing: /home/ibrahim/Ros_Egitim/Projeler/Robot_Modelleme/install/my_robot_description/share/my_robot_description/environment/path.dsv
[0.618s] -- Installing: /home/ibrahim/Ros_Egitim/Projeler/Robot_Modelleme/install/my_robot_description/share/my_robot_description/local_setup.bash
[0.618s] -- Installing: /home/ibrahim/Ros_Egitim/Projeler/Robot_Modelleme/install/my_robot_description/share/my_robot_description/local_setup.sh
[0.619s] -- Installing: /home/ibrahim/Ros_Egitim/Projeler/Robot_Modelleme/install/my_robot_description/share/my_robot_description/local_setup.zsh
[0.619s] -- Installing: /home/ibrahim/Ros_Egitim/Projeler/Robot_Modelleme/install/my_robot_description/share/my_robot_description/local_setup.dsv
[0.619s] -- Installing: /home/ibrahim/Ros_Egitim/Projeler/Robot_Modelleme/install/my_robot_description/share/my_robot_description/package.dsv
[0.619s] -- Installing: /home/ibrahim/Ros_Egitim/Projeler/Robot_Modelleme/install/my_robot_description/share/ament_index/resource_index/packages/my_robot_description
[0.619s] -- Installing: /home/ibrahim/Ros_Egitim/Projeler/Robot_Modelleme/install/my_robot_description/share/my_robot_description/cmake/my_robot_descriptionConfig.cmake
[0.619s] -- Installing: /home/ibrahim/Ros_Egitim/Projeler/Robot_Modelleme/install/my_robot_description/share/my_robot_description/cmake/my_robot_descriptionConfig-version.cmake
[0.620s] -- Installing: /home/ibrahim/Ros_Egitim/Projeler/Robot_Modelleme/install/my_robot_description/share/my_robot_description/package.xml
[0.622s] Invoked command in '/home/ibrahim/Ros_Egitim/Projeler/Robot_Modelleme/build/my_robot_description' returned '0': CMAKE_PREFIX_PATH=${CMAKE_PREFIX_PATH}:/home/ibrahim/ros2_ws/install/simple_py_pkg:/home/ibrahim/Ros_Egitim/Projeler/Turtlesim_Hedef_Konuma_Git/turtlesim_ws/install/turtlesim_py_pkg:/opt/ros/humble /usr/bin/cmake --install /home/ibrahim/Ros_Egitim/Projeler/Robot_Modelleme/build/my_robot_description
